#
# There is insufficient memory for the Java Runtime Environment to continue.
# Native memory allocation (malloc) failed to allocate 1515552 bytes for Chunk::new
# Possible reasons:
#   The system is out of physical RAM or swap space
#   The process is running with CompressedOops enabled, and the Java Heap may be blocking the growth of the native heap
# Possible solutions:
#   Reduce memory load on the system
#   Increase physical memory or swap space
#   Check if swap backing store is full
#   Decrease Java heap size (-Xmx/-Xms)
#   Decrease number of Java threads
#   Decrease Java thread stack sizes (-Xss)
#   Set larger code cache with -XX:ReservedCodeCacheSize=
#   JVM is running with Unscaled Compressed Oops mode in which the Java heap is
#     placed in the first 4GB address space. The Java Heap base address is the
#     maximum limit for the native heap growth. Please use -XX:HeapBaseMinAddress
#     to set the Java Heap base and to place the Java Heap above 4GB virtual address.
# This output file may be truncated or incomplete.
#
#  Out of Memory Error (arena.cpp:184), pid=6980, tid=2336
#
# JRE version: OpenJDK Runtime Environment (18.0.1.1+2) (build 18.0.1.1+2-6)
# Java VM: OpenJDK 64-Bit Server VM (18.0.1.1+2-6, mixed mode, sharing, tiered, compressed oops, compressed class ptrs, g1 gc, windows-amd64)
# No core dump will be written. Minidumps are not enabled by default on client versions of Windows
#

---------------  S U M M A R Y ------------

Command Line: -javaagent:C:\Users\tasha\.m2\repository/org/aspectj/aspectjweaver/1.9.9.1/aspectjweaver-1.9.9.1.jar -Xmx256m C:\Users\tasha\AppData\Local\Temp\surefire5468701431738190522\surefirebooter16804044233743096926.jar C:\Users\tasha\AppData\Local\Temp\surefire5468701431738190522 2022-09-20T18-04-35_475-jvmRun1 surefire16899119710792536801tmp surefire_09946622943767172297tmp

Host: Intel(R) Core(TM) i5-8250U CPU @ 1.60GHz, 8 cores, 7G,  Windows 10 , 64 bit Build 19041 (10.0.19041.1889)
Time: Tue Sep 20 18:04:47 2022 RTZ 2 (s 10 , 64 bit Build 19041 (10.0.19041.1889) elapsed time: 11.571829 seconds (0d 0h 0m 11s)

---------------  T H R E A D  ---------------

Current thread (0x000001dc7c2fb410):  JavaThread "C2 CompilerThread1" daemon [_thread_in_native, id=2336, stack(0x0000008e00f00000,0x0000008e01000000)]


Current CompileTask:
C2:  11572 4307   !   4       jdk.internal.loader.BuiltinClassLoader::findResource (154 bytes)

Stack: [0x0000008e00f00000,0x0000008e01000000]
Native frames: (J=compiled Java code, j=interpreted, Vv=VM code, C=native code)
V  [jvm.dll+0x69887a]
V  [jvm.dll+0x7f38bd]
V  [jvm.dll+0x7f51ce]
V  [jvm.dll+0x7f5883]
V  [jvm.dll+0x25ca3f]
V  [jvm.dll+0xb8c2f]
V  [jvm.dll+0xb8fa5]
V  [jvm.dll+0x385a6b]
V  [jvm.dll+0x34f811]
V  [jvm.dll+0x34ecaa]
V  [jvm.dll+0x22fc21]
V  [jvm.dll+0x22eff1]
V  [jvm.dll+0x1b9cfc]
V  [jvm.dll+0x23e8ca]
V  [jvm.dll+0x23cbb5]
V  [jvm.dll+0x7a5fb1]
V  [jvm.dll+0x7a03ea]
V  [jvm.dll+0x697725]
C  [ucrtbase.dll+0x21bb2]
C  [KERNEL32.DLL+0x17034]
C  [ntdll.dll+0x526a1]


---------------  P R O C E S S  ---------------

Threads class SMR info:
_java_thread_list=0x000001dc1bab96c0, length=37, elements={
0x000001dc7c22cf40, 0x000001dc7c2d4f30, 0x000001dc7c2d5b90, 0x000001dc7c2f0700,
0x000001dc7c2f10a0, 0x000001dc7c2f1a40, 0x000001dc7f86e4c0, 0x000001dc7c2f5260,
0x000001dc7c2fa4e0, 0x000001dc7f879450, 0x000001dc7c2bf880, 0x000001dc1affe5b0,
0x000001dc1b7c62a0, 0x000001dc1bc65e60, 0x000001dc1bc66320, 0x000001dc1d5e7e60,
0x000001dc1cc07120, 0x000001dc1cc075f0, 0x000001dc1cc07f90, 0x000001dc1d834a00,
0x000001dc1d834ed0, 0x000001dc1d837550, 0x000001dc1d834060, 0x000001dc1d835870,
0x000001dc1d8353a0, 0x000001dc1d835d40, 0x000001dc1d836bb0, 0x000001dc1d836210,
0x000001dc1d834530, 0x000001dc1d8366e0, 0x000001dc1d837080, 0x000001dc7c2fb410,
0x000001dc1e8f04e0, 0x000001dc1e8eecd0, 0x000001dc1e8ede60, 0x000001dc1e8ecff0,
0x000001dc1e8f0010
}

Java Threads: ( => current thread )
  0x000001dc7c22cf40 JavaThread "main" [_thread_blocked, id=8004, stack(0x0000008e7df00000,0x0000008e7e000000)]
  0x000001dc7c2d4f30 JavaThread "Reference Handler" daemon [_thread_blocked, id=13532, stack(0x0000008e7e600000,0x0000008e7e700000)]
  0x000001dc7c2d5b90 JavaThread "Finalizer" daemon [_thread_blocked, id=13144, stack(0x0000008e7e700000,0x0000008e7e800000)]
  0x000001dc7c2f0700 JavaThread "Signal Dispatcher" daemon [_thread_blocked, id=6984, stack(0x0000008e7e800000,0x0000008e7e900000)]
  0x000001dc7c2f10a0 JavaThread "Attach Listener" daemon [_thread_blocked, id=12924, stack(0x0000008e7e900000,0x0000008e7ea00000)]
  0x000001dc7c2f1a40 JavaThread "Service Thread" daemon [_thread_blocked, id=412, stack(0x0000008e7ea00000,0x0000008e7eb00000)]
  0x000001dc7f86e4c0 JavaThread "Monitor Deflation Thread" daemon [_thread_blocked, id=10740, stack(0x0000008e7eb00000,0x0000008e7ec00000)]
  0x000001dc7c2f5260 JavaThread "C2 CompilerThread0" daemon [_thread_blocked, id=13340, stack(0x0000008e7ec00000,0x0000008e7ed00000)]
  0x000001dc7c2fa4e0 JavaThread "C1 CompilerThread0" daemon [_thread_blocked, id=10596, stack(0x0000008e7ed00000,0x0000008e7ee00000)]
  0x000001dc7f879450 JavaThread "Sweeper thread" daemon [_thread_blocked, id=11176, stack(0x0000008e7ee00000,0x0000008e7ef00000)]
  0x000001dc7c2bf880 JavaThread "Common-Cleaner" daemon [_thread_blocked, id=11004, stack(0x0000008e7ef00000,0x0000008e7f000000)]
  0x000001dc1affe5b0 JavaThread "Notification Thread" daemon [_thread_blocked, id=11116, stack(0x0000008e7f100000,0x0000008e7f200000)]
  0x000001dc1b7c62a0 JavaThread "surefire-forkedjvm-command-thread" daemon [_thread_in_native, id=8696, stack(0x0000008e7f300000,0x0000008e7f400000)]
  0x000001dc1bc65e60 JavaThread "Forwarding get on session dbfee861fea9a3d85ae482146a3def35 to remote" [_thread_blocked, id=10700, stack(0x0000008e7fc00000,0x0000008e7fd00000)]
  0x000001dc1bc66320 JavaThread "Forwarding findElement on session f33cadf67907f8b6c47bafc74e59433d to remote" [_thread_blocked, id=13628, stack(0x0000008e7fd00000,0x0000008e7fe00000)]
  0x000001dc1d5e7e60 JavaThread "ForkJoinPool.commonPool-worker-1" daemon [_thread_blocked, id=3200, stack(0x0000008e7ff00000,0x0000008e80000000)]
  0x000001dc1cc07120 JavaThread "AsyncHttpClient-1-1" daemon [_thread_blocked, id=12840, stack(0x0000008e00000000,0x0000008e00100000)]
  0x000001dc1cc075f0 JavaThread "Exec Default Executor" daemon [_thread_in_native, id=8244, stack(0x0000008e00100000,0x0000008e00200000)]
  0x000001dc1cc07f90 JavaThread "Exec Default Executor" daemon [_thread_in_native, id=7020, stack(0x0000008e00200000,0x0000008e00300000)]
  0x000001dc1d834a00 JavaThread "Driver Service Executor" daemon [_thread_blocked, id=3148, stack(0x0000008e00300000,0x0000008e00400000)]
  0x000001dc1d834ed0 JavaThread "Driver Service Executor" daemon [_thread_blocked, id=13732, stack(0x0000008e00400000,0x0000008e00500000)]
  0x000001dc1d837550 JavaThread "Driver Service Executor" daemon [_thread_blocked, id=12008, stack(0x0000008e00500000,0x0000008e00600000)]
  0x000001dc1d834060 JavaThread "Driver Service Executor" daemon [_thread_blocked, id=8648, stack(0x0000008e00600000,0x0000008e00700000)]
  0x000001dc1d835870 JavaThread "UrlChecker-3" daemon [_thread_blocked, id=12532, stack(0x0000008e00700000,0x0000008e00800000)]
  0x000001dc1d8353a0 JavaThread "UrlChecker-2" daemon [_thread_blocked, id=9432, stack(0x0000008e00800000,0x0000008e00900000)]
  0x000001dc1d835d40 JavaThread "Exec Stream Pumper" daemon [_thread_in_native, id=13496, stack(0x0000008e00900000,0x0000008e00a00000)]
  0x000001dc1d836bb0 JavaThread "Exec Stream Pumper" daemon [_thread_in_native, id=11108, stack(0x0000008e00a00000,0x0000008e00b00000)]
  0x000001dc1d836210 JavaThread "Exec Stream Pumper" daemon [_thread_in_native, id=4020, stack(0x0000008e00b00000,0x0000008e00c00000)]
  0x000001dc1d834530 JavaThread "Exec Stream Pumper" daemon [_thread_in_native, id=6024, stack(0x0000008e00c00000,0x0000008e00d00000)]
  0x000001dc1d8366e0 JavaThread "AsyncHttpClient-1-2" daemon [_thread_in_native, id=4256, stack(0x0000008e01000000,0x0000008e01100000)]
  0x000001dc1d837080 JavaThread "AsyncHttpClient-1-3" daemon [_thread_in_native, id=12020, stack(0x0000008e01100000,0x0000008e01200000)]
=>0x000001dc7c2fb410 JavaThread "C2 CompilerThread1" daemon [_thread_in_native, id=2336, stack(0x0000008e00f00000,0x0000008e01000000)]
  0x000001dc1e8f04e0 JavaThread "ForkJoinPool.commonPool-worker-2" daemon [_thread_blocked, id=14292, stack(0x0000008e01300000,0x0000008e01400000)]
  0x000001dc1e8eecd0 JavaThread "AsyncHttpClient-1-4" daemon [_thread_in_native, id=10752, stack(0x0000008e01400000,0x0000008e01500000)]
  0x000001dc1e8ede60 JavaThread "AsyncHttpClient-1-5" daemon [_thread_in_native, id=6452, stack(0x0000008e01500000,0x0000008e01600000)]
  0x000001dc1e8ecff0 JavaThread "AsyncHttpClient-1-6" daemon [_thread_in_native, id=11532, stack(0x0000008e01600000,0x0000008e01700000)]
  0x000001dc1e8f0010 JavaThread "AsyncHttpClient-1-7" daemon [_thread_in_native, id=8836, stack(0x0000008e01700000,0x0000008e01800000)]

Other Threads:
  0x000001dc7c27e4b0 VMThread "VM Thread" [stack: 0x0000008e7e500000,0x0000008e7e600000] [id=3388]
  0x000001dc1b1baf80 WatcherThread "VM Periodic Task Thread" [stack: 0x0000008e7f200000,0x0000008e7f300000] [id=9660]
  0x000001dc7c257ec0 WorkerThread "GC Thread#0" [stack: 0x0000008e7e000000,0x0000008e7e100000] [id=11336]
  0x000001dc1b9ca300 WorkerThread "GC Thread#1" [stack: 0x0000008e7f400000,0x0000008e7f500000] [id=8652]
  0x000001dc1b9ca5a0 WorkerThread "GC Thread#2" [stack: 0x0000008e7f500000,0x0000008e7f600000] [id=13784]
  0x000001dc1b9260e0 WorkerThread "GC Thread#3" [stack: 0x0000008e7f600000,0x0000008e7f700000] [id=12380]
  0x000001dc1b451bd0 WorkerThread "GC Thread#4" [stack: 0x0000008e7f700000,0x0000008e7f800000] [id=1656]
  0x000001dc1becb8f0 WorkerThread "GC Thread#5" [stack: 0x0000008e7f900000,0x0000008e7fa00000] [id=3328]
  0x000001dc1c1b5580 WorkerThread "GC Thread#6" [stack: 0x0000008e7fa00000,0x0000008e7fb00000] [id=10684]
  0x000001dc1bba2830 WorkerThread "GC Thread#7" [stack: 0x0000008e7fb00000,0x0000008e7fc00000] [id=3216]
  0x000001dc7c25adf0 ConcurrentGCThread "G1 Main Marker" [stack: 0x0000008e7e100000,0x0000008e7e200000] [id=424]
  0x000001dc7c25dc00 WorkerThread "G1 Conc#0" [stack: 0x0000008e7e200000,0x0000008e7e300000] [id=11104]
  0x000001dc1cddc7c0 WorkerThread "G1 Conc#1" [stack: 0x0000008e7fe00000,0x0000008e7ff00000] [id=14204]
  0x000001dc7c2b3360 ConcurrentGCThread "G1 Refine#0" [stack: 0x0000008e7e300000,0x0000008e7e400000] [id=14044]
  0x000001dc7c2b3c70 ConcurrentGCThread "G1 Service" [stack: 0x0000008e7e400000,0x0000008e7e500000] [id=1784]

Threads with active compile tasks:
C2 CompilerThread1    12445 4307   !   4       jdk.internal.loader.BuiltinClassLoader::findResource (154 bytes)

VM state: not at safepoint (normal execution)

VM Mutex/Monitor currently owned by a thread: None

Heap address: 0x00000000f0000000, size: 256 MB, Compressed Oops mode: 32-bit

CDS archive(s) mapped at: [0x0000000800000000-0x0000000800b90000-0x0000000800b90000), size 12124160, SharedBaseAddress: 0x0000000800000000, ArchiveRelocationMode: 0.
Compressed class space mapped at: 0x0000000800c00000-0x0000000840c00000, reserved size: 1073741824
Narrow klass base: 0x0000000800000000, Narrow klass shift: 0, Narrow klass range: 0x100000000

GC Precious Log:
 CardTable entry size: 512
 Card Set container configuration: InlinePtr #cards 5 size 8 Array Of Cards #cards 12 size 40 Howl #buckets 4 coarsen threshold 1843 Howl Bitmap #cards 512 size 80 coarsen threshold 460 Card regions per heap region 1 cards per card region 2048
 CPUs: 8 total, 8 available
 Memory: 8101M
 Large Page Support: Disabled
 NUMA Support: Disabled
 Compressed Oops: Enabled (32-bit)
 Heap Region Size: 1M
 Heap Min Capacity: 8M
 Heap Initial Capacity: 128M
 Heap Max Capacity: 256M
 Pre-touch: Disabled
 Parallel Workers: 8
 Concurrent Workers: 2
 Concurrent Refinement Workers: 8
 Periodic GC: Disabled

Heap:
 garbage-first heap   total 122880K, used 71792K [0x00000000f0000000, 0x0000000100000000)
  region size 1024K, 4 young (4096K), 2 survivors (2048K)
 Metaspace       used 36043K, committed 36288K, reserved 1114112K
  class space    used 4105K, committed 4224K, reserved 1048576K

Heap Regions: E=young(eden), S=young(survivor), O=old, HS=humongous(starts), HC=humongous(continues), CS=collection set, F=free, OA=open archive, CA=closed archive, TAMS=top-at-mark-start (previous, next)
|   0|0x00000000f0000000, 0x00000000f0100000, 0x00000000f0100000|100%| O|  |TAMS 0x00000000f0100000, 0x00000000f0000000| Untracked 
|   1|0x00000000f0100000, 0x00000000f0200000, 0x00000000f0200000|100%| O|  |TAMS 0x00000000f0200000, 0x00000000f0100000| Untracked 
|   2|0x00000000f0200000, 0x00000000f0300000, 0x00000000f0300000|100%| O|  |TAMS 0x00000000f0300000, 0x00000000f0200000| Untracked 
|   3|0x00000000f0300000, 0x00000000f0400000, 0x00000000f0400000|100%| O|  |TAMS 0x00000000f0400000, 0x00000000f0300000| Untracked 
|   4|0x00000000f0400000, 0x00000000f0500000, 0x00000000f0500000|100%| O|  |TAMS 0x00000000f0500000, 0x00000000f0400000| Untracked 
|   5|0x00000000f0500000, 0x00000000f0600000, 0x00000000f0600000|100%| O|  |TAMS 0x00000000f0600000, 0x00000000f0500000| Untracked 
|   6|0x00000000f0600000, 0x00000000f0700000, 0x00000000f0700000|100%| O|  |TAMS 0x00000000f0700000, 0x00000000f0600000| Untracked 
|   7|0x00000000f0700000, 0x00000000f0800000, 0x00000000f0800000|100%| O|  |TAMS 0x00000000f0800000, 0x00000000f0700000| Untracked 
|   8|0x00000000f0800000, 0x00000000f0900000, 0x00000000f0900000|100%| O|  |TAMS 0x00000000f0900000, 0x00000000f0800000| Untracked 
|   9|0x00000000f0900000, 0x00000000f0a00000, 0x00000000f0a00000|100%| O|  |TAMS 0x00000000f0a00000, 0x00000000f0900000| Untracked 
|  10|0x00000000f0a00000, 0x00000000f0b00000, 0x00000000f0b00000|100%| O|  |TAMS 0x00000000f0b00000, 0x00000000f0a00000| Untracked 
|  11|0x00000000f0b00000, 0x00000000f0c00000, 0x00000000f0c00000|100%| O|  |TAMS 0x00000000f0c00000, 0x00000000f0b00000| Untracked 
|  12|0x00000000f0c00000, 0x00000000f0d00000, 0x00000000f0d00000|100%| O|  |TAMS 0x00000000f0d00000, 0x00000000f0c00000| Untracked 
|  13|0x00000000f0d00000, 0x00000000f0e00000, 0x00000000f0e00000|100%| O|  |TAMS 0x00000000f0e00000, 0x00000000f0d00000| Untracked 
|  14|0x00000000f0e00000, 0x00000000f0f00000, 0x00000000f0f00000|100%| O|  |TAMS 0x00000000f0f00000, 0x00000000f0e00000| Untracked 
|  15|0x00000000f0f00000, 0x00000000f1000000, 0x00000000f1000000|100%| O|  |TAMS 0x00000000f1000000, 0x00000000f0f00000| Untracked 
|  16|0x00000000f1000000, 0x00000000f1100000, 0x00000000f1100000|100%| O|  |TAMS 0x00000000f1100000, 0x00000000f1000000| Untracked 
|  17|0x00000000f1100000, 0x00000000f1200000, 0x00000000f1200000|100%| O|  |TAMS 0x00000000f1200000, 0x00000000f1100000| Untracked 
|  18|0x00000000f1200000, 0x00000000f1300000, 0x00000000f1300000|100%| O|  |TAMS 0x00000000f1300000, 0x00000000f1200000| Untracked 
|  19|0x00000000f1300000, 0x00000000f1400000, 0x00000000f1400000|100%| O|  |TAMS 0x00000000f1400000, 0x00000000f1300000| Untracked 
|  20|0x00000000f1400000, 0x00000000f1500000, 0x00000000f1500000|100%| O|  |TAMS 0x00000000f1500000, 0x00000000f1400000| Untracked 
|  21|0x00000000f1500000, 0x00000000f1600000, 0x00000000f1600000|100%| O|  |TAMS 0x00000000f1600000, 0x00000000f1500000| Untracked 
|  22|0x00000000f1600000, 0x00000000f1600000, 0x00000000f1700000|  0%| F|  |TAMS 0x00000000f1600000, 0x00000000f1600000| Untracked 
|  23|0x00000000f1700000, 0x00000000f1800000, 0x00000000f1800000|100%| O|  |TAMS 0x00000000f1800000, 0x00000000f1700000| Untracked 
|  24|0x00000000f1800000, 0x00000000f1900000, 0x00000000f1900000|100%| O|  |TAMS 0x00000000f1900000, 0x00000000f1800000| Untracked 
|  25|0x00000000f1900000, 0x00000000f1a00000, 0x00000000f1a00000|100%| O|  |TAMS 0x00000000f1a00000, 0x00000000f1900000| Untracked 
|  26|0x00000000f1a00000, 0x00000000f1b00000, 0x00000000f1b00000|100%| O|  |TAMS 0x00000000f1b00000, 0x00000000f1a00000| Untracked 
|  27|0x00000000f1b00000, 0x00000000f1c00000, 0x00000000f1c00000|100%| O|  |TAMS 0x00000000f1c00000, 0x00000000f1b00000| Untracked 
|  28|0x00000000f1c00000, 0x00000000f1d00000, 0x00000000f1d00000|100%| O|  |TAMS 0x00000000f1d00000, 0x00000000f1c00000| Untracked 
|  29|0x00000000f1d00000, 0x00000000f1e00000, 0x00000000f1e00000|100%| O|  |TAMS 0x00000000f1e00000, 0x00000000f1d00000| Untracked 
|  30|0x00000000f1e00000, 0x00000000f1f00000, 0x00000000f1f00000|100%| O|  |TAMS 0x00000000f1f00000, 0x00000000f1e00000| Untracked 
|  31|0x00000000f1f00000, 0x00000000f2000000, 0x00000000f2000000|100%| O|  |TAMS 0x00000000f2000000, 0x00000000f1f00000| Untracked 
|  32|0x00000000f2000000, 0x00000000f2100000, 0x00000000f2100000|100%| O|  |TAMS 0x00000000f2100000, 0x00000000f2000000| Untracked 
|  33|0x00000000f2100000, 0x00000000f2200000, 0x00000000f2200000|100%| O|  |TAMS 0x00000000f2200000, 0x00000000f2100000| Untracked 
|  34|0x00000000f2200000, 0x00000000f2300000, 0x00000000f2300000|100%| O|  |TAMS 0x00000000f2300000, 0x00000000f2200000| Untracked 
|  35|0x00000000f2300000, 0x00000000f2400000, 0x00000000f2400000|100%| O|  |TAMS 0x00000000f2400000, 0x00000000f2300000| Untracked 
|  36|0x00000000f2400000, 0x00000000f2500000, 0x00000000f2500000|100%| O|  |TAMS 0x00000000f2500000, 0x00000000f2400000| Untracked 
|  37|0x00000000f2500000, 0x00000000f2600000, 0x00000000f2600000|100%| O|  |TAMS 0x00000000f2600000, 0x00000000f2500000| Untracked 
|  38|0x00000000f2600000, 0x00000000f2700000, 0x00000000f2700000|100%| O|  |TAMS 0x00000000f2700000, 0x00000000f2600000| Untracked 
|  39|0x00000000f2700000, 0x00000000f2800000, 0x00000000f2800000|100%| O|  |TAMS 0x00000000f2800000, 0x00000000f2700000| Untracked 
|  40|0x00000000f2800000, 0x00000000f2900000, 0x00000000f2900000|100%| O|  |TAMS 0x00000000f2900000, 0x00000000f2800000| Untracked 
|  41|0x00000000f2900000, 0x00000000f2a00000, 0x00000000f2a00000|100%| O|  |TAMS 0x00000000f2a00000, 0x00000000f2900000| Untracked 
|  42|0x00000000f2a00000, 0x00000000f2b00000, 0x00000000f2b00000|100%| O|  |TAMS 0x00000000f2b00000, 0x00000000f2a00000| Untracked 
|  43|0x00000000f2b00000, 0x00000000f2c00000, 0x00000000f2c00000|100%| O|  |TAMS 0x00000000f2c00000, 0x00000000f2b00000| Untracked 
|  44|0x00000000f2c00000, 0x00000000f2d00000, 0x00000000f2d00000|100%| O|  |TAMS 0x00000000f2d00000, 0x00000000f2c00000| Untracked 
|  45|0x00000000f2d00000, 0x00000000f2e00000, 0x00000000f2e00000|100%| O|  |TAMS 0x00000000f2e00000, 0x00000000f2d00000| Untracked 
|  46|0x00000000f2e00000, 0x00000000f2f00000, 0x00000000f2f00000|100%| O|  |TAMS 0x00000000f2f00000, 0x00000000f2e00000| Untracked 
|  47|0x00000000f2f00000, 0x00000000f3000000, 0x00000000f3000000|100%| O|  |TAMS 0x00000000f3000000, 0x00000000f2f00000| Complete 
|  48|0x00000000f3000000, 0x00000000f3100000, 0x00000000f3100000|100%| O|  |TAMS 0x00000000f3100000, 0x00000000f3000000| Untracked 
|  49|0x00000000f3100000, 0x00000000f3200000, 0x00000000f3200000|100%| O|  |TAMS 0x00000000f3200000, 0x00000000f3100000| Untracked 
|  50|0x00000000f3200000, 0x00000000f3300000, 0x00000000f3300000|100%| O|  |TAMS 0x00000000f3300000, 0x00000000f3200000| Untracked 
|  51|0x00000000f3300000, 0x00000000f3400000, 0x00000000f3400000|100%| O|  |TAMS 0x00000000f3400000, 0x00000000f3300000| Untracked 
|  52|0x00000000f3400000, 0x00000000f3500000, 0x00000000f3500000|100%| O|  |TAMS 0x00000000f3500000, 0x00000000f3400000| Untracked 
|  53|0x00000000f3500000, 0x00000000f3600000, 0x00000000f3600000|100%|HS|  |TAMS 0x00000000f3600000, 0x00000000f3500000| Complete 
|  54|0x00000000f3600000, 0x00000000f3700000, 0x00000000f3700000|100%|HC|  |TAMS 0x00000000f3700000, 0x00000000f3600000| Complete 
|  55|0x00000000f3700000, 0x00000000f3800000, 0x00000000f3800000|100%|HC|  |TAMS 0x00000000f3800000, 0x00000000f3700000| Complete 
|  56|0x00000000f3800000, 0x00000000f3900000, 0x00000000f3900000|100%|HC|  |TAMS 0x00000000f3900000, 0x00000000f3800000| Complete 
|  57|0x00000000f3900000, 0x00000000f3a00000, 0x00000000f3a00000|100%|HC|  |TAMS 0x00000000f3a00000, 0x00000000f3900000| Complete 
|  58|0x00000000f3a00000, 0x00000000f3b00000, 0x00000000f3b00000|100%|HS|  |TAMS 0x00000000f3b00000, 0x00000000f3a00000| Complete 
|  59|0x00000000f3b00000, 0x00000000f3c00000, 0x00000000f3c00000|100%|HC|  |TAMS 0x00000000f3c00000, 0x00000000f3b00000| Complete 
|  60|0x00000000f3c00000, 0x00000000f3d00000, 0x00000000f3d00000|100%|HC|  |TAMS 0x00000000f3d00000, 0x00000000f3c00000| Complete 
|  61|0x00000000f3d00000, 0x00000000f3e00000, 0x00000000f3e00000|100%|HC|  |TAMS 0x00000000f3e00000, 0x00000000f3d00000| Complete 
|  62|0x00000000f3e00000, 0x00000000f3f00000, 0x00000000f3f00000|100%|HC|  |TAMS 0x00000000f3f00000, 0x00000000f3e00000| Complete 
|  63|0x00000000f3f00000, 0x00000000f4000000, 0x00000000f4000000|100%| O|  |TAMS 0x00000000f4000000, 0x00000000f3f00000| Untracked 
|  64|0x00000000f4000000, 0x00000000f4100000, 0x00000000f4100000|100%| O|  |TAMS 0x00000000f4100000, 0x00000000f4000000| Untracked 
|  65|0x00000000f4100000, 0x00000000f4200000, 0x00000000f4200000|100%| O|  |TAMS 0x00000000f4200000, 0x00000000f4100000| Untracked 
|  66|0x00000000f4200000, 0x00000000f4300000, 0x00000000f4300000|100%| O|  |TAMS 0x00000000f4300000, 0x00000000f4200000| Untracked 
|  67|0x00000000f4300000, 0x00000000f4400000, 0x00000000f4400000|100%| O|  |TAMS 0x00000000f4400000, 0x00000000f4300000| Untracked 
|  68|0x00000000f4400000, 0x00000000f44a7e00, 0x00000000f4500000| 65%| O|  |TAMS 0x00000000f44a7e00, 0x00000000f4400000| Untracked 
|  69|0x00000000f4500000, 0x00000000f4500000, 0x00000000f4600000|  0%| F|  |TAMS 0x00000000f4500000, 0x00000000f4500000| Untracked 
|  70|0x00000000f4600000, 0x00000000f4600000, 0x00000000f4700000|  0%| F|  |TAMS 0x00000000f4600000, 0x00000000f4600000| Untracked 
|  71|0x00000000f4700000, 0x00000000f4700000, 0x00000000f4800000|  0%| F|  |TAMS 0x00000000f4700000, 0x00000000f4700000| Untracked 
|  72|0x00000000f4800000, 0x00000000f4800000, 0x00000000f4900000|  0%| F|  |TAMS 0x00000000f4800000, 0x00000000f4800000| Untracked 
|  73|0x00000000f4900000, 0x00000000f4900000, 0x00000000f4a00000|  0%| F|  |TAMS 0x00000000f4900000, 0x00000000f4900000| Untracked 
|  74|0x00000000f4a00000, 0x00000000f4a00000, 0x00000000f4b00000|  0%| F|  |TAMS 0x00000000f4a00000, 0x00000000f4a00000| Untracked 
|  75|0x00000000f4b00000, 0x00000000f4b00000, 0x00000000f4c00000|  0%| F|  |TAMS 0x00000000f4b00000, 0x00000000f4b00000| Untracked 
|  76|0x00000000f4c00000, 0x00000000f4c00000, 0x00000000f4d00000|  0%| F|  |TAMS 0x00000000f4c00000, 0x00000000f4c00000| Untracked 
|  77|0x00000000f4d00000, 0x00000000f4d00000, 0x00000000f4e00000|  0%| F|  |TAMS 0x00000000f4d00000, 0x00000000f4d00000| Untracked 
|  78|0x00000000f4e00000, 0x00000000f4e00000, 0x00000000f4f00000|  0%| F|  |TAMS 0x00000000f4e00000, 0x00000000f4e00000| Untracked 
|  79|0x00000000f4f00000, 0x00000000f4f00000, 0x00000000f5000000|  0%| F|  |TAMS 0x00000000f4f00000, 0x00000000f4f00000| Untracked 
|  80|0x00000000f5000000, 0x00000000f5000000, 0x00000000f5100000|  0%| F|  |TAMS 0x00000000f5000000, 0x00000000f5000000| Untracked 
|  81|0x00000000f5100000, 0x00000000f5100000, 0x00000000f5200000|  0%| F|  |TAMS 0x00000000f5100000, 0x00000000f5100000| Untracked 
|  82|0x00000000f5200000, 0x00000000f5200000, 0x00000000f5300000|  0%| F|  |TAMS 0x00000000f5200000, 0x00000000f5200000| Untracked 
|  83|0x00000000f5300000, 0x00000000f5300000, 0x00000000f5400000|  0%| F|  |TAMS 0x00000000f5300000, 0x00000000f5300000| Untracked 
|  84|0x00000000f5400000, 0x00000000f5400000, 0x00000000f5500000|  0%| F|  |TAMS 0x00000000f5400000, 0x00000000f5400000| Untracked 
|  85|0x00000000f5500000, 0x00000000f5500000, 0x00000000f5600000|  0%| F|  |TAMS 0x00000000f5500000, 0x00000000f5500000| Untracked 
|  86|0x00000000f5600000, 0x00000000f5674300, 0x00000000f5700000| 45%| S|CS|TAMS 0x00000000f5600000, 0x00000000f5600000| Complete 
|  87|0x00000000f5700000, 0x00000000f5800000, 0x00000000f5800000|100%| S|CS|TAMS 0x00000000f5700000, 0x00000000f5700000| Complete 
|  88|0x00000000f5800000, 0x00000000f5800000, 0x00000000f5900000|  0%| F|  |TAMS 0x00000000f5800000, 0x00000000f5800000| Untracked 
|  89|0x00000000f5900000, 0x00000000f5900000, 0x00000000f5a00000|  0%| F|  |TAMS 0x00000000f5900000, 0x00000000f5900000| Untracked 
|  90|0x00000000f5a00000, 0x00000000f5a00000, 0x00000000f5b00000|  0%| F|  |TAMS 0x00000000f5a00000, 0x00000000f5a00000| Untracked 
|  91|0x00000000f5b00000, 0x00000000f5b00000, 0x00000000f5c00000|  0%| F|  |TAMS 0x00000000f5b00000, 0x00000000f5b00000| Untracked 
|  92|0x00000000f5c00000, 0x00000000f5c00000, 0x00000000f5d00000|  0%| F|  |TAMS 0x00000000f5c00000, 0x00000000f5c00000| Untracked 
|  93|0x00000000f5d00000, 0x00000000f5d00000, 0x00000000f5e00000|  0%| F|  |TAMS 0x00000000f5d00000, 0x00000000f5d00000| Untracked 
|  94|0x00000000f5e00000, 0x00000000f5e00000, 0x00000000f5f00000|  0%| F|  |TAMS 0x00000000f5e00000, 0x00000000f5e00000| Untracked 
|  95|0x00000000f5f00000, 0x00000000f5f00000, 0x00000000f6000000|  0%| F|  |TAMS 0x00000000f5f00000, 0x00000000f5f00000| Untracked 
|  96|0x00000000f6000000, 0x00000000f6000000, 0x00000000f6100000|  0%| F|  |TAMS 0x00000000f6000000, 0x00000000f6000000| Untracked 
|  97|0x00000000f6100000, 0x00000000f6100000, 0x00000000f6200000|  0%| F|  |TAMS 0x00000000f6100000, 0x00000000f6100000| Untracked 
|  98|0x00000000f6200000, 0x00000000f6200000, 0x00000000f6300000|  0%| F|  |TAMS 0x00000000f6200000, 0x00000000f6200000| Untracked 
|  99|0x00000000f6300000, 0x00000000f6300000, 0x00000000f6400000|  0%| F|  |TAMS 0x00000000f6300000, 0x00000000f6300000| Untracked 
| 100|0x00000000f6400000, 0x00000000f6400000, 0x00000000f6500000|  0%| F|  |TAMS 0x00000000f6400000, 0x00000000f6400000| Untracked 
| 101|0x00000000f6500000, 0x00000000f6500000, 0x00000000f6600000|  0%| F|  |TAMS 0x00000000f6500000, 0x00000000f6500000| Untracked 
| 102|0x00000000f6600000, 0x00000000f6600000, 0x00000000f6700000|  0%| F|  |TAMS 0x00000000f6600000, 0x00000000f6600000| Untracked 
| 103|0x00000000f6700000, 0x00000000f6700000, 0x00000000f6800000|  0%| F|  |TAMS 0x00000000f6700000, 0x00000000f6700000| Untracked 
| 104|0x00000000f6800000, 0x00000000f6800000, 0x00000000f6900000|  0%| F|  |TAMS 0x00000000f6800000, 0x00000000f6800000| Untracked 
| 105|0x00000000f6900000, 0x00000000f6900000, 0x00000000f6a00000|  0%| F|  |TAMS 0x00000000f6900000, 0x00000000f6900000| Untracked 
| 106|0x00000000f6a00000, 0x00000000f6a00000, 0x00000000f6b00000|  0%| F|  |TAMS 0x00000000f6a00000, 0x00000000f6a00000| Untracked 
| 107|0x00000000f6b00000, 0x00000000f6b00000, 0x00000000f6c00000|  0%| F|  |TAMS 0x00000000f6b00000, 0x00000000f6b00000| Untracked 
| 108|0x00000000f6c00000, 0x00000000f6c00000, 0x00000000f6d00000|  0%| F|  |TAMS 0x00000000f6c00000, 0x00000000f6c00000| Untracked 
| 109|0x00000000f6d00000, 0x00000000f6d00000, 0x00000000f6e00000|  0%| F|  |TAMS 0x00000000f6d00000, 0x00000000f6d00000| Untracked 
| 110|0x00000000f6e00000, 0x00000000f6e00000, 0x00000000f6f00000|  0%| F|  |TAMS 0x00000000f6e00000, 0x00000000f6e00000| Untracked 
| 111|0x00000000f6f00000, 0x00000000f6f00000, 0x00000000f7000000|  0%| F|  |TAMS 0x00000000f6f00000, 0x00000000f6f00000| Untracked 
| 112|0x00000000f7000000, 0x00000000f7000000, 0x00000000f7100000|  0%| F|  |TAMS 0x00000000f7000000, 0x00000000f7000000| Untracked 
| 113|0x00000000f7100000, 0x00000000f7100000, 0x00000000f7200000|  0%| F|  |TAMS 0x00000000f7100000, 0x00000000f7100000| Untracked 
| 114|0x00000000f7200000, 0x00000000f7200000, 0x00000000f7300000|  0%| F|  |TAMS 0x00000000f7200000, 0x00000000f7200000| Untracked 
| 115|0x00000000f7300000, 0x00000000f7300000, 0x00000000f7400000|  0%| F|  |TAMS 0x00000000f7300000, 0x00000000f7300000| Untracked 
| 116|0x00000000f7400000, 0x00000000f7400000, 0x00000000f7500000|  0%| F|  |TAMS 0x00000000f7400000, 0x00000000f7400000| Untracked 
| 117|0x00000000f7500000, 0x00000000f7500000, 0x00000000f7600000|  0%| F|  |TAMS 0x00000000f7500000, 0x00000000f7500000| Untracked 
| 126|0x00000000f7e00000, 0x00000000f7eda928, 0x00000000f7f00000| 85%| E|  |TAMS 0x00000000f7e00000, 0x00000000f7e00000| Complete 
| 127|0x00000000f7f00000, 0x00000000f8000000, 0x00000000f8000000|100%| E|CS|TAMS 0x00000000f7f00000, 0x00000000f7f00000| Complete 

Card table byte_map: [0x000001dc7c130000,0x000001dc7c1b0000] _byte_map_base: 0x000001dc7b9b0000

Marking Bits (Prev, Next): (CMBitMap*) 0x000001dc7c258500, (CMBitMap*) 0x000001dc7c2584c0
 Prev Bits: [0x000001dc7cab0000, 0x000001dc7ceb0000)
 Next Bits: [0x000001dc7c6b0000, 0x000001dc7cab0000)

Polling page: 0x000001dc7a1a0000

Metaspace:

Usage:
  Non-class:     31.21 MB used.
      Class:      4.01 MB used.
       Both:     35.22 MB used.

Virtual space:
  Non-class space:       64.00 MB reserved,      31.44 MB ( 49%) committed,  1 nodes.
      Class space:        1.00 GB reserved,       4.12 MB ( <1%) committed,  1 nodes.
             Both:        1.06 GB reserved,      35.56 MB (  3%) committed. 

Chunk freelists:
   Non-Class:  3.80 MB
       Class:  3.76 MB
        Both:  7.56 MB

MaxMetaspaceSize: unlimited
CompressedClassSpaceSize: 1.00 GB
Initial GC threshold: 21.00 MB
Current GC threshold: 59.06 MB
CDS: on
MetaspaceReclaimPolicy: balanced
 - commit_granule_bytes: 65536.
 - commit_granule_words: 8192.
 - virtual_space_node_default_size: 8388608.
 - enlarge_chunks_in_place: 1.
 - new_chunks_are_fully_committed: 0.
 - uncommit_free_chunks: 1.
 - use_allocation_guard: 0.


Internal statistics:

num_allocs_failed_limit: 6.
num_arena_births: 416.
num_arena_deaths: 54.
num_vsnodes_births: 2.
num_vsnodes_deaths: 0.
num_space_committed: 569.
num_space_uncommitted: 0.
num_chunks_returned_to_freelist: 80.
num_chunks_taken_from_freelist: 1436.
num_chunk_merges: 3.
num_chunk_splits: 1017.
num_chunks_enlarged: 803.
num_inconsistent_stats: 0.

CodeHeap 'non-profiled nmethods': size=120000Kb used=2961Kb max_used=2961Kb free=117038Kb
 bounds [0x000001dc0f340000, 0x000001dc0f630000, 0x000001dc16870000]
CodeHeap 'profiled nmethods': size=120000Kb used=8146Kb max_used=8293Kb free=111853Kb
 bounds [0x000001dc07e10000, 0x000001dc08630000, 0x000001dc0f340000]
CodeHeap 'non-nmethods': size=5760Kb used=1320Kb max_used=1403Kb free=4439Kb
 bounds [0x000001dc07870000, 0x000001dc07ae0000, 0x000001dc07e10000]
 total_blobs=4425 nmethods=3796 adapters=540
 compilation: enabled
              stopped_count=0, restarted_count=0
 full_count=0

Compilation events (20 events):
Event: 11.265 Thread 0x000001dc7c2fa4e0 4407       3       java.lang.ReflectiveOperationException::<init> (6 bytes)
Event: 11.265 Thread 0x000001dc7c2fa4e0 nmethod 4407 0x000001dc07f9bc10 code [0x000001dc07f9bdc0, 0x000001dc07f9bf48]
Event: 11.265 Thread 0x000001dc7c2fa4e0 4405       3       java.util.Formatter$FixedString::print (26 bytes)
Event: 11.265 Thread 0x000001dc7c2fa4e0 nmethod 4405 0x000001dc07f9b790 code [0x000001dc07f9b940, 0x000001dc07f9bb28]
Event: 11.265 Thread 0x000001dc7c2fa4e0 4408       3       com.google.common.collect.ImmutableEntry::<init> (15 bytes)
Event: 11.266 Thread 0x000001dc7c2fa4e0 nmethod 4408 0x000001dc07f9b290 code [0x000001dc07f9b440, 0x000001dc07f9b6b8]
Event: 11.266 Thread 0x000001dc7c2fa4e0 4409       3       io.netty.handler.codec.DefaultHeaders::index (7 bytes)
Event: 11.266 Thread 0x000001dc7c2fa4e0 nmethod 4409 0x000001dc07f9af10 code [0x000001dc07f9b0a0, 0x000001dc07f9b1b8]
Event: 11.266 Thread 0x000001dc7c2fa4e0 4410       1       io.netty.util.internal.shaded.org.jctools.queues.BaseMpscLinkedArrayQueueColdProducerFields::lvProducerLimit (5 bytes)
Event: 11.266 Thread 0x000001dc7c2fa4e0 nmethod 4410 0x000001dc0f608c90 code [0x000001dc0f608e20, 0x000001dc0f608ef8]
Event: 11.266 Thread 0x000001dc7c2fa4e0 4411       3       java.util.concurrent.atomic.AtomicIntegerFieldUpdater$AtomicIntegerFieldUpdaterImpl::accessCheck (17 bytes)
Event: 11.266 Thread 0x000001dc7c2fa4e0 nmethod 4411 0x000001dc07f9aa90 code [0x000001dc07f9ac40, 0x000001dc07f9ae08]
Event: 11.266 Thread 0x000001dc7c2fa4e0 4412       3       io.netty.buffer.AbstractByteBuf::checkRangeBounds (52 bytes)
Event: 11.268 Thread 0x000001dc7c2fa4e0 nmethod 4412 0x000001dc07f98810 code [0x000001dc07f98b40, 0x000001dc07f9a338]
Event: 11.268 Thread 0x000001dc7c2fa4e0 4413       3       io.netty.buffer.AbstractByteBuf::checkIndex0 (18 bytes)
Event: 11.268 Thread 0x000001dc7c2fa4e0 nmethod 4413 0x000001dc07f98390 code [0x000001dc07f98540, 0x000001dc07f98758]
Event: 11.268 Thread 0x000001dc7c2fa4e0 4406       3       java.lang.Class::methodToString (78 bytes)
Event: 11.269 Thread 0x000001dc7c2fa4e0 nmethod 4406 0x000001dc07f96b10 code [0x000001dc07f96e00, 0x000001dc07f97c18]
Event: 11.340 Thread 0x000001dc7c2f5260 nmethod 4335 0x000001dc0f608f90 code [0x000001dc0f609340, 0x000001dc0f60c740]
Event: 11.340 Thread 0x000001dc7c2f5260 4336   !   4       org.aspectj.weaver.World::resolve (297 bytes)

GC Heap History (20 events):
Event: 3.250 GC heap before
{Heap before GC invocations=3 (full 0):
 garbage-first heap   total 131072K, used 72112K [0x00000000f0000000, 0x0000000100000000)
  region size 1024K, 58 young (59392K), 7 survivors (7168K)
 Metaspace       used 15875K, committed 16128K, reserved 1114112K
  class space    used 1498K, committed 1600K, reserved 1048576K
}
Event: 3.268 GC heap after
{Heap after GC invocations=4 (full 0):
 garbage-first heap   total 131072K, used 24868K [0x00000000f0000000, 0x0000000100000000)
  region size 1024K, 5 young (5120K), 5 survivors (5120K)
 Metaspace       used 15875K, committed 16128K, reserved 1114112K
  class space    used 1498K, committed 1600K, reserved 1048576K
}
Event: 4.699 GC heap before
{Heap before GC invocations=4 (full 0):
 garbage-first heap   total 131072K, used 79140K [0x00000000f0000000, 0x0000000100000000)
  region size 1024K, 59 young (60416K), 5 survivors (5120K)
 Metaspace       used 21167K, committed 21504K, reserved 1114112K
  class space    used 2124K, committed 2304K, reserved 1048576K
}
Event: 4.715 GC heap after
{Heap after GC invocations=5 (full 0):
 garbage-first heap   total 131072K, used 30933K [0x00000000f0000000, 0x0000000100000000)
  region size 1024K, 8 young (8192K), 8 survivors (8192K)
 Metaspace       used 21167K, committed 21504K, reserved 1114112K
  class space    used 2124K, committed 2304K, reserved 1048576K
}
Event: 5.608 GC heap before
{Heap before GC invocations=6 (full 0):
 garbage-first heap   total 112640K, used 87253K [0x00000000f0000000, 0x0000000100000000)
  region size 1024K, 63 young (64512K), 8 survivors (8192K)
 Metaspace       used 23392K, committed 23744K, reserved 1114112K
  class space    used 2374K, committed 2560K, reserved 1048576K
}
Event: 5.628 GC heap after
{Heap after GC invocations=7 (full 0):
 garbage-first heap   total 112640K, used 39507K [0x00000000f0000000, 0x0000000100000000)
  region size 1024K, 8 young (8192K), 8 survivors (8192K)
 Metaspace       used 23392K, committed 23744K, reserved 1114112K
  class space    used 2374K, committed 2560K, reserved 1048576K
}
Event: 6.232 GC heap before
{Heap before GC invocations=7 (full 0):
 garbage-first heap   total 112640K, used 79443K [0x00000000f0000000, 0x0000000100000000)
  region size 1024K, 47 young (48128K), 8 survivors (8192K)
 Metaspace       used 26423K, committed 26752K, reserved 1114112K
  class space    used 2731K, committed 2880K, reserved 1048576K
}
Event: 6.247 GC heap after
{Heap after GC invocations=8 (full 0):
 garbage-first heap   total 112640K, used 45157K [0x00000000f0000000, 0x0000000100000000)
  region size 1024K, 5 young (5120K), 5 survivors (5120K)
 Metaspace       used 26423K, committed 26752K, reserved 1114112K
  class space    used 2731K, committed 2880K, reserved 1048576K
}
Event: 6.977 GC heap before
{Heap before GC invocations=8 (full 0):
 garbage-first heap   total 112640K, used 83045K [0x00000000f0000000, 0x0000000100000000)
  region size 1024K, 42 young (43008K), 5 survivors (5120K)
 Metaspace       used 28858K, committed 29248K, reserved 1114112K
  class space    used 3021K, committed 3200K, reserved 1048576K
}
Event: 6.986 GC heap after
{Heap after GC invocations=9 (full 0):
 garbage-first heap   total 112640K, used 48929K [0x00000000f0000000, 0x0000000100000000)
  region size 1024K, 4 young (4096K), 4 survivors (4096K)
 Metaspace       used 28858K, committed 29248K, reserved 1114112K
  class space    used 3021K, committed 3200K, reserved 1048576K
}
Event: 7.548 GC heap before
{Heap before GC invocations=9 (full 0):
 garbage-first heap   total 112640K, used 84769K [0x00000000f0000000, 0x0000000100000000)
  region size 1024K, 39 young (39936K), 4 survivors (4096K)
 Metaspace       used 30960K, committed 31296K, reserved 1114112K
  class space    used 3370K, committed 3520K, reserved 1048576K
}
Event: 7.557 GC heap after
{Heap after GC invocations=10 (full 0):
 garbage-first heap   total 112640K, used 52860K [0x00000000f0000000, 0x0000000100000000)
  region size 1024K, 4 young (4096K), 4 survivors (4096K)
 Metaspace       used 30960K, committed 31296K, reserved 1114112K
  class space    used 3370K, committed 3520K, reserved 1048576K
}
Event: 7.962 GC heap before
{Heap before GC invocations=10 (full 0):
 garbage-first heap   total 112640K, used 76412K [0x00000000f0000000, 0x0000000100000000)
  region size 1024K, 28 young (28672K), 4 survivors (4096K)
 Metaspace       used 32407K, committed 32832K, reserved 1114112K
  class space    used 3578K, committed 3776K, reserved 1048576K
}
Event: 7.970 GC heap after
{Heap after GC invocations=11 (full 0):
 garbage-first heap   total 112640K, used 55832K [0x00000000f0000000, 0x0000000100000000)
  region size 1024K, 3 young (3072K), 3 survivors (3072K)
 Metaspace       used 32407K, committed 32832K, reserved 1114112K
  class space    used 3578K, committed 3776K, reserved 1048576K
}
Event: 10.488 GC heap before
{Heap before GC invocations=12 (full 0):
 garbage-first heap   total 114688K, used 95768K [0x00000000f0000000, 0x0000000100000000)
  region size 1024K, 33 young (33792K), 3 survivors (3072K)
 Metaspace       used 33971K, committed 34304K, reserved 1114112K
  class space    used 3814K, committed 3968K, reserved 1048576K
}
Event: 10.495 GC heap after
{Heap after GC invocations=13 (full 0):
 garbage-first heap   total 114688K, used 69646K [0x00000000f0000000, 0x0000000100000000)
  region size 1024K, 4 young (4096K), 4 survivors (4096K)
 Metaspace       used 33971K, committed 34304K, reserved 1114112K
  class space    used 3814K, committed 3968K, reserved 1048576K
}
Event: 10.507 GC heap before
{Heap before GC invocations=13 (full 0):
 garbage-first heap   total 114688K, used 70670K [0x00000000f0000000, 0x0000000100000000)
  region size 1024K, 5 young (5120K), 4 survivors (4096K)
 Metaspace       used 34004K, committed 34368K, reserved 1114112K
  class space    used 3818K, committed 3968K, reserved 1048576K
}
Event: 10.512 GC heap after
{Heap after GC invocations=14 (full 0):
 garbage-first heap   total 114688K, used 69925K [0x00000000f0000000, 0x0000000100000000)
  region size 1024K, 1 young (1024K), 1 survivors (1024K)
 Metaspace       used 34004K, committed 34368K, reserved 1114112K
  class space    used 3818K, committed 3968K, reserved 1048576K
}
Event: 11.244 GC heap before
{Heap before GC invocations=14 (full 0):
 garbage-first heap   total 114688K, used 92453K [0x00000000f0000000, 0x0000000100000000)
  region size 1024K, 24 young (24576K), 1 survivors (1024K)
 Metaspace       used 35928K, committed 36224K, reserved 1114112K
  class space    used 4084K, committed 4224K, reserved 1048576K
}
Event: 11.247 GC heap after
{Heap after GC invocations=15 (full 0):
 garbage-first heap   total 114688K, used 70768K [0x00000000f0000000, 0x0000000100000000)
  region size 1024K, 2 young (2048K), 2 survivors (2048K)
 Metaspace       used 35928K, committed 36224K, reserved 1114112K
  class space    used 4084K, committed 4224K, reserved 1048576K
}

Deoptimization events (20 events):
Event: 11.233 Thread 0x000001dc1bc66320 DEOPT PACKING pc=0x000001dc0f404fd4 sp=0x0000008e7fdfe340
Event: 11.233 Thread 0x000001dc1bc65e60 DEOPT PACKING pc=0x000001dc0f404fd4 sp=0x0000008e7fcfdf40
Event: 11.233 Thread 0x000001dc1bc65e60 DEOPT UNPACKING pc=0x000001dc078c23a3 sp=0x0000008e7fcfddf0 mode 2
Event: 11.233 Thread 0x000001dc1bc66320 DEOPT UNPACKING pc=0x000001dc078c23a3 sp=0x0000008e7fdfe1f0 mode 2
Event: 11.233 Thread 0x000001dc1bc66320 Uncommon trap: trap_request=0xffffff45 fr.pc=0x000001dc0f405874 relative=0x0000000000000074
Event: 11.233 Thread 0x000001dc1bc65e60 Uncommon trap: trap_request=0xffffff45 fr.pc=0x000001dc0f405874 relative=0x0000000000000074
Event: 11.233 Thread 0x000001dc1bc66320 Uncommon trap: reason=unstable_if action=reinterpret pc=0x000001dc0f405874 method=jdk.internal.misc.Unsafe.convEndian(ZI)I @ 4 c2
Event: 11.233 Thread 0x000001dc1bc65e60 Uncommon trap: reason=unstable_if action=reinterpret pc=0x000001dc0f405874 method=jdk.internal.misc.Unsafe.convEndian(ZI)I @ 4 c2
Event: 11.233 Thread 0x000001dc1bc66320 DEOPT PACKING pc=0x000001dc0f405874 sp=0x0000008e7fdfe2c0
Event: 11.233 Thread 0x000001dc1bc66320 DEOPT UNPACKING pc=0x000001dc078c23a3 sp=0x0000008e7fdfe1f0 mode 2
Event: 11.233 Thread 0x000001dc1bc65e60 DEOPT PACKING pc=0x000001dc0f405874 sp=0x0000008e7fcfdec0
Event: 11.233 Thread 0x000001dc1bc65e60 DEOPT UNPACKING pc=0x000001dc078c23a3 sp=0x0000008e7fcfddf0 mode 2
Event: 11.251 Thread 0x000001dc1bc65e60 Uncommon trap: trap_request=0xffffff45 fr.pc=0x000001dc0f44e1cc relative=0x000000000000086c
Event: 11.251 Thread 0x000001dc1bc65e60 Uncommon trap: reason=unstable_if action=reinterpret pc=0x000001dc0f44e1cc method=org.aspectj.weaver.bcel.LazyMethodGen.isAdviceMethod()Z @ 16 c2
Event: 11.251 Thread 0x000001dc1bc65e60 DEOPT PACKING pc=0x000001dc0f44e1cc sp=0x0000008e7fcfb270
Event: 11.251 Thread 0x000001dc1bc65e60 DEOPT UNPACKING pc=0x000001dc078c23a3 sp=0x0000008e7fcfb1e0 mode 2
Event: 11.251 Thread 0x000001dc1bc65e60 Uncommon trap: trap_request=0xffffff45 fr.pc=0x000001dc0f5e995c relative=0x000000000000005c
Event: 11.251 Thread 0x000001dc1bc65e60 Uncommon trap: reason=unstable_if action=reinterpret pc=0x000001dc0f5e995c method=org.aspectj.weaver.bcel.LazyMethodGen.isAdviceMethod()Z @ 16 c2
Event: 11.251 Thread 0x000001dc1bc65e60 DEOPT PACKING pc=0x000001dc0f5e995c sp=0x0000008e7fcfb240
Event: 11.251 Thread 0x000001dc1bc65e60 DEOPT UNPACKING pc=0x000001dc078c23a3 sp=0x0000008e7fcfb1e0 mode 2

Classes loaded (20 events):
Event: 11.174 Loading class sun/nio/fs/WindowsChannelFactory$2
Event: 11.174 Loading class sun/nio/fs/WindowsChannelFactory$2 done
Event: 11.200 Loading class sun/nio/ch/ChannelOutputStream
Event: 11.200 Loading class sun/nio/ch/ChannelOutputStream done
Event: 11.215 Loading class java/lang/annotation/ElementType
Event: 11.215 Loading class java/lang/annotation/ElementType done
Event: 11.217 Loading class sun/reflect/annotation/AnnotationSupport
Event: 11.218 Loading class sun/reflect/annotation/AnnotationSupport done
Event: 11.218 Loading class java/lang/annotation/Repeatable
Event: 11.218 Loading class java/lang/annotation/Repeatable done
Event: 11.230 Loading class sun/security/provider/MD5
Event: 11.230 Loading class sun/security/provider/MD5 done
Event: 11.233 Loading class sun/security/provider/ByteArrayAccess$LE
Event: 11.233 Loading class sun/security/provider/ByteArrayAccess$LE done
Event: 11.233 Loading class java/lang/StrictMath
Event: 11.233 Loading class java/lang/StrictMath done
Event: 11.262 Loading class java/util/stream/IntPipeline$1
Event: 11.263 Loading class java/util/stream/IntPipeline$1 done
Event: 11.263 Loading class java/util/stream/IntPipeline$1$1
Event: 11.263 Loading class java/util/stream/IntPipeline$1$1 done

Classes unloaded (20 events):
Event: 8.061 Thread 0x000001dc7c27e4b0 Unloading class 0x0000000800db8400 'java/lang/invoke/LambdaForm$DMH+0x0000000800db8400'
Event: 8.061 Thread 0x000001dc7c27e4b0 Unloading class 0x0000000800dac000 'java/lang/invoke/LambdaForm$DMH+0x0000000800dac000'
Event: 8.061 Thread 0x000001dc7c27e4b0 Unloading class 0x0000000800da5c00 'java/lang/invoke/LambdaForm$DMH+0x0000000800da5c00'
Event: 8.061 Thread 0x000001dc7c27e4b0 Unloading class 0x0000000800da5400 'java/lang/invoke/LambdaForm$DMH+0x0000000800da5400'
Event: 8.061 Thread 0x000001dc7c27e4b0 Unloading class 0x0000000800da4800 'java/lang/invoke/LambdaForm$MH+0x0000000800da4800'
Event: 8.061 Thread 0x000001dc7c27e4b0 Unloading class 0x0000000800da4000 'java/lang/invoke/LambdaForm$MH+0x0000000800da4000'
Event: 8.061 Thread 0x000001dc7c27e4b0 Unloading class 0x0000000800da3800 'java/lang/invoke/LambdaForm$MH+0x0000000800da3800'
Event: 8.061 Thread 0x000001dc7c27e4b0 Unloading class 0x0000000800da3000 'java/lang/invoke/LambdaForm$MH+0x0000000800da3000'
Event: 8.061 Thread 0x000001dc7c27e4b0 Unloading class 0x0000000800da2800 'java/lang/invoke/LambdaForm$MH+0x0000000800da2800'
Event: 8.061 Thread 0x000001dc7c27e4b0 Unloading class 0x0000000800da2000 'java/lang/invoke/LambdaForm$MH+0x0000000800da2000'
Event: 8.061 Thread 0x000001dc7c27e4b0 Unloading class 0x0000000800da1800 'java/lang/invoke/LambdaForm$MH+0x0000000800da1800'
Event: 8.061 Thread 0x000001dc7c27e4b0 Unloading class 0x0000000800da1000 'java/lang/invoke/LambdaForm$MH+0x0000000800da1000'
Event: 8.061 Thread 0x000001dc7c27e4b0 Unloading class 0x0000000800da0800 'java/lang/invoke/LambdaForm$MH+0x0000000800da0800'
Event: 8.062 Thread 0x000001dc7c27e4b0 Unloading class 0x0000000800da0000 'java/lang/invoke/LambdaForm$MH+0x0000000800da0000'
Event: 8.062 Thread 0x000001dc7c27e4b0 Unloading class 0x0000000800d9f800 'java/lang/invoke/LambdaForm$MH+0x0000000800d9f800'
Event: 11.311 Thread 0x000001dc7c27e4b0 Unloading class 0x0000000800da3000 'java/lang/invoke/LambdaForm$DMH+0x0000000800da3000'
Event: 11.311 Thread 0x000001dc7c27e4b0 Unloading class 0x0000000800f98400 'java/lang/invoke/LambdaForm$DMH+0x0000000800f98400'
Event: 11.311 Thread 0x000001dc7c27e4b0 Unloading class 0x0000000800f84400 'java/lang/invoke/LambdaForm$DMH+0x0000000800f84400'
Event: 11.311 Thread 0x000001dc7c27e4b0 Unloading class 0x0000000800f30400 'java/lang/invoke/LambdaForm$DMH+0x0000000800f30400'
Event: 11.311 Thread 0x000001dc7c27e4b0 Unloading class 0x0000000800dbb000 'java/lang/invoke/LambdaForm$MH+0x0000000800dbb000'

Classes redefined (0 events):
No events

Internal exceptions (20 events):
Event: 11.250 Thread 0x000001dc1bc65e60 Exception <a 'java/lang/ArrayIndexOutOfBoundsException'{0x00000000f7f1b650}> (0x00000000f7f1b650) 
thrown [s\open\src\hotspot\share\runtime\sharedRuntime.cpp, line 625]
Event: 11.250 Thread 0x000001dc1bc65e60 Exception <a 'java/lang/ArrayIndexOutOfBoundsException'{0x00000000f7f1bc18}: Index 11 out of bounds for length 11> (0x00000000f7f1bc18) 
thrown [s\open\src\hotspot\share\interpreter\interpreterRuntime.cpp, line 431]
Event: 11.250 Thread 0x000001dc1bc65e60 Exception <a 'java/lang/ArrayIndexOutOfBoundsException'{0x00000000f7f1d0b0}> (0x00000000f7f1d0b0) 
thrown [s\open\src\hotspot\share\runtime\sharedRuntime.cpp, line 625]
Event: 11.250 Thread 0x000001dc1bc65e60 Exception <a 'java/lang/ArrayIndexOutOfBoundsException'{0x00000000f7f1d678}> (0x00000000f7f1d678) 
thrown [s\open\src\hotspot\share\runtime\sharedRuntime.cpp, line 625]
Event: 11.250 Thread 0x000001dc1bc65e60 Exception <a 'java/lang/ArrayIndexOutOfBoundsException'{0x00000000f7f1dc40}: Index 9 out of bounds for length 9> (0x00000000f7f1dc40) 
thrown [s\open\src\hotspot\share\interpreter\interpreterRuntime.cpp, line 431]
Event: 11.250 Thread 0x000001dc1bc65e60 Exception <a 'java/lang/ArrayIndexOutOfBoundsException'{0x00000000f7f246d0}> (0x00000000f7f246d0) 
thrown [s\open\src\hotspot\share\runtime\sharedRuntime.cpp, line 625]
Event: 11.250 Thread 0x000001dc1bc65e60 Exception <a 'java/lang/ArrayIndexOutOfBoundsException'{0x00000000f7f24c98}> (0x00000000f7f24c98) 
thrown [s\open\src\hotspot\share\runtime\sharedRuntime.cpp, line 625]
Event: 11.250 Thread 0x000001dc1bc65e60 Exception <a 'java/lang/ArrayIndexOutOfBoundsException'{0x00000000f7f25260}: Index 7 out of bounds for length 7> (0x00000000f7f25260) 
thrown [s\open\src\hotspot\share\interpreter\interpreterRuntime.cpp, line 431]
Event: 11.251 Thread 0x000001dc1bc65e60 Exception <a 'java/lang/ArrayIndexOutOfBoundsException'{0x00000000f7f28348}> (0x00000000f7f28348) 
thrown [s\open\src\hotspot\share\runtime\sharedRuntime.cpp, line 625]
Event: 11.251 Thread 0x000001dc1bc65e60 Exception <a 'java/lang/ArrayIndexOutOfBoundsException'{0x00000000f7f28910}> (0x00000000f7f28910) 
thrown [s\open\src\hotspot\share\runtime\sharedRuntime.cpp, line 625]
Event: 11.251 Thread 0x000001dc1bc65e60 Exception <a 'java/lang/ArrayIndexOutOfBoundsException'{0x00000000f7f28ed8}: Index 7 out of bounds for length 7> (0x00000000f7f28ed8) 
thrown [s\open\src\hotspot\share\interpreter\interpreterRuntime.cpp, line 431]
Event: 11.251 Thread 0x000001dc1bc65e60 Exception <a 'java/lang/ArrayIndexOutOfBoundsException'{0x00000000f7f2bcd0}> (0x00000000f7f2bcd0) 
thrown [s\open\src\hotspot\share\runtime\sharedRuntime.cpp, line 625]
Event: 11.251 Thread 0x000001dc1bc65e60 Exception <a 'java/lang/ArrayIndexOutOfBoundsException'{0x00000000f7f2c298}> (0x00000000f7f2c298) 
thrown [s\open\src\hotspot\share\runtime\sharedRuntime.cpp, line 625]
Event: 11.251 Thread 0x000001dc1bc65e60 Exception <a 'java/lang/ArrayIndexOutOfBoundsException'{0x00000000f7f2c860}: Index 7 out of bounds for length 7> (0x00000000f7f2c860) 
thrown [s\open\src\hotspot\share\interpreter\interpreterRuntime.cpp, line 431]
Event: 11.262 Thread 0x000001dc1bc66320 Exception <a 'java/lang/NoSuchMethodError'{0x00000000f7f452b8}: 'java.lang.Object java.lang.invoke.DirectMethodHandle$Holder.invokeStatic(java.lang.Object, java.lang.Object, java.lang.Object, java.lang.Object, int)'> (0x00000000f7f452b8) 
thrown [s\open\src\hotspot\share\interpreter\linkResolver.cpp, line 766]
Event: 11.262 Thread 0x000001dc1bc65e60 Exception <a 'java/lang/NoSuchMethodError'{0x00000000f7fdf138}: 'java.lang.Object java.lang.invoke.DirectMethodHandle$Holder.invokeStatic(java.lang.Object, java.lang.Object, java.lang.Object, java.lang.Object, int)'> (0x00000000f7fdf138) 
thrown [s\open\src\hotspot\share\interpreter\linkResolver.cpp, line 766]
Event: 11.263 Thread 0x000001dc1bc66320 Exception <a 'java/lang/IncompatibleClassChangeError'{0x00000000f7f4d018}: Found class java.lang.Object, but interface was expected> (0x00000000f7f4d018) 
thrown [s\open\src\hotspot\share\interpreter\linkResolver.cpp, line 833]
Event: 11.263 Thread 0x000001dc1bc65e60 Exception <a 'java/lang/IncompatibleClassChangeError'{0x00000000f7fe7bb8}: Found class java.lang.Object, but interface was expected> (0x00000000f7fe7bb8) 
thrown [s\open\src\hotspot\share\interpreter\linkResolver.cpp, line 833]
Event: 11.264 Thread 0x000001dc1bc65e60 Exception <a 'java/lang/IncompatibleClassChangeError'{0x00000000f7feeac8}: Found class java.lang.Object, but interface was expected> (0x00000000f7feeac8) 
thrown [s\open\src\hotspot\share\interpreter\linkResolver.cpp, line 833]
Event: 11.264 Thread 0x000001dc1bc66320 Exception <a 'java/lang/IncompatibleClassChangeError'{0x00000000f7f536e0}: Found class java.lang.Object, but interface was expected> (0x00000000f7f536e0) 
thrown [s\open\src\hotspot\share\interpreter\linkResolver.cpp, line 833]

VM Operations (20 events):
Event: 10.487 Executing VM operation: G1CollectForAllocation
Event: 10.495 Executing VM operation: G1CollectForAllocation done
Event: 10.507 Executing VM operation: G1CollectForAllocation
Event: 10.512 Executing VM operation: G1CollectForAllocation done
Event: 10.795 Executing VM operation: HandshakeAllThreads
Event: 10.795 Executing VM operation: HandshakeAllThreads done
Event: 10.967 Executing VM operation: HandshakeAllThreads
Event: 10.967 Executing VM operation: HandshakeAllThreads done
Event: 11.001 Executing VM operation: HandshakeAllThreads
Event: 11.001 Executing VM operation: HandshakeAllThreads done
Event: 11.001 Executing VM operation: HandshakeAllThreads
Event: 11.001 Executing VM operation: HandshakeAllThreads done
Event: 11.159 Executing VM operation: ICBufferFull
Event: 11.159 Executing VM operation: ICBufferFull done
Event: 11.244 Executing VM operation: G1CollectForAllocation
Event: 11.247 Executing VM operation: G1CollectForAllocation done
Event: 11.310 Executing VM operation: G1Concurrent
Event: 11.316 Executing VM operation: G1Concurrent done
Event: 11.340 Executing VM operation: G1Concurrent
Event: 11.341 Executing VM operation: G1Concurrent done

Events (20 events):
Event: 6.751 Thread 0x000001dc1d8353a0 Thread added: 0x000001dc1d8353a0
Event: 6.766 Thread 0x000001dc1d835d40 Thread added: 0x000001dc1d835d40
Event: 6.766 Thread 0x000001dc1d836bb0 Thread added: 0x000001dc1d836bb0
Event: 6.766 Thread 0x000001dc1d836210 Thread added: 0x000001dc1d836210
Event: 6.766 Thread 0x000001dc1d834530 Thread added: 0x000001dc1d834530
Event: 6.972 Thread 0x000001dc1d837a20 Thread added: 0x000001dc1d837a20
Event: 6.987 Thread 0x000001dc7c2fa9f0 Thread exited: 0x000001dc7c2fa9f0
Event: 7.076 Thread 0x000001dc7c2fb920 Thread added: 0x000001dc7c2fb920
Event: 7.759 Thread 0x000001dc1d8366e0 Thread added: 0x000001dc1d8366e0
Event: 7.759 Thread 0x000001dc1d837080 Thread added: 0x000001dc1d837080
Event: 9.998 Thread 0x000001dc7c2fb920 Thread exited: 0x000001dc7c2fb920
Event: 9.998 Thread 0x000001dc7c2f9fd0 Thread exited: 0x000001dc7c2f9fd0
Event: 10.062 Thread 0x000001dc7c2fb410 Thread added: 0x000001dc7c2fb410
Event: 10.183 Thread 0x000001dc7c2fc340 Thread added: 0x000001dc7c2fc340
Event: 10.332 Thread 0x000001dc1e8f04e0 Thread added: 0x000001dc1e8f04e0
Event: 10.342 Thread 0x000001dc1e8eecd0 Thread added: 0x000001dc1e8eecd0
Event: 10.342 Thread 0x000001dc1e8ede60 Thread added: 0x000001dc1e8ede60
Event: 10.388 Thread 0x000001dc1e8ecff0 Thread added: 0x000001dc1e8ecff0
Event: 10.389 Thread 0x000001dc1e8f0010 Thread added: 0x000001dc1e8f0010
Event: 11.005 Thread 0x000001dc7f879450 flushing nmethod 0x000001dc0810ed90


Dynamic libraries:
0x00007ff73b7f0000 - 0x00007ff73b7fe000 	C:\Users\tasha\.jdks\openjdk-18.0.1.1\bin\java.exe
0x00007ff902e90000 - 0x00007ff903088000 	C:\WINDOWS\SYSTEM32\ntdll.dll
0x00007ff902b50000 - 0x00007ff902c0d000 	C:\WINDOWS\System32\KERNEL32.DLL
0x00007ff900c20000 - 0x00007ff900eee000 	C:\WINDOWS\System32\KERNELBASE.dll
0x00007ff9007f0000 - 0x00007ff9008f0000 	C:\WINDOWS\System32\ucrtbase.dll
0x00007ff8fab50000 - 0x00007ff8fab67000 	C:\Users\tasha\.jdks\openjdk-18.0.1.1\bin\jli.dll
0x00007ff8fab30000 - 0x00007ff8fab4a000 	C:\Users\tasha\.jdks\openjdk-18.0.1.1\bin\VCRUNTIME140.dll
0x00007ff9016e0000 - 0x00007ff901880000 	C:\WINDOWS\System32\USER32.dll
0x00007ff900b80000 - 0x00007ff900ba2000 	C:\WINDOWS\System32\win32u.dll
0x00007ff8eaff0000 - 0x00007ff8eb28a000 	C:\WINDOWS\WinSxS\amd64_microsoft.windows.common-controls_6595b64144ccf1df_6.0.19041.1110_none_60b5254171f9507e\COMCTL32.dll
0x00007ff902c10000 - 0x00007ff902c3a000 	C:\WINDOWS\System32\GDI32.dll
0x00007ff902ab0000 - 0x00007ff902b4e000 	C:\WINDOWS\System32\msvcrt.dll
0x00007ff900600000 - 0x00007ff90070b000 	C:\WINDOWS\System32\gdi32full.dll
0x00007ff900ae0000 - 0x00007ff900b7d000 	C:\WINDOWS\System32\msvcp_win.dll
0x00007ff902d70000 - 0x00007ff902da0000 	C:\WINDOWS\System32\IMM32.DLL
0x00007ff8faea0000 - 0x00007ff8faeac000 	C:\Users\tasha\.jdks\openjdk-18.0.1.1\bin\vcruntime140_1.dll
0x00007ff8eeb20000 - 0x00007ff8eebad000 	C:\Users\tasha\.jdks\openjdk-18.0.1.1\bin\msvcp140.dll
0x00007ff8a20b0000 - 0x00007ff8a2cc0000 	C:\Users\tasha\.jdks\openjdk-18.0.1.1\bin\server\jvm.dll
0x00007ff901500000 - 0x00007ff9015ae000 	C:\WINDOWS\System32\ADVAPI32.dll
0x00007ff901370000 - 0x00007ff90140c000 	C:\WINDOWS\System32\sechost.dll
0x00007ff902c40000 - 0x00007ff902d65000 	C:\WINDOWS\System32\RPCRT4.dll
0x00007ff901290000 - 0x00007ff901298000 	C:\WINDOWS\System32\PSAPI.DLL
0x00007ff8faad0000 - 0x00007ff8faada000 	C:\WINDOWS\SYSTEM32\VERSION.dll
0x00007ff8fdd20000 - 0x00007ff8fdd29000 	C:\WINDOWS\SYSTEM32\WSOCK32.dll
0x00007ff8f17a0000 - 0x00007ff8f17c7000 	C:\WINDOWS\SYSTEM32\WINMM.dll
0x00007ff901300000 - 0x00007ff90136b000 	C:\WINDOWS\System32\WS2_32.dll
0x00007ff8fe4a0000 - 0x00007ff8fe4b2000 	C:\WINDOWS\SYSTEM32\kernel.appcore.dll
0x00007ff8fae00000 - 0x00007ff8fae0a000 	C:\Users\tasha\.jdks\openjdk-18.0.1.1\bin\jimage.dll
0x00007ff8e8a90000 - 0x00007ff8e8c74000 	C:\WINDOWS\SYSTEM32\DBGHELP.DLL
0x00007ff8e92a0000 - 0x00007ff8e92cc000 	C:\WINDOWS\SYSTEM32\dbgcore.DLL
0x00007ff900a50000 - 0x00007ff900ad2000 	C:\WINDOWS\System32\bcryptPrimitives.dll
0x00007ff8fab20000 - 0x00007ff8fab2e000 	C:\Users\tasha\.jdks\openjdk-18.0.1.1\bin\instrument.dll
0x00007ff8f1930000 - 0x00007ff8f1955000 	C:\Users\tasha\.jdks\openjdk-18.0.1.1\bin\java.dll
0x00007ff8e9860000 - 0x00007ff8e9936000 	C:\Users\tasha\.jdks\openjdk-18.0.1.1\bin\jsvml.dll
0x00007ff901d10000 - 0x00007ff902453000 	C:\WINDOWS\System32\SHELL32.dll
0x00007ff8fe6a0000 - 0x00007ff8fee35000 	C:\WINDOWS\SYSTEM32\windows.storage.dll
0x00007ff901880000 - 0x00007ff901bd4000 	C:\WINDOWS\System32\combase.dll
0x00007ff900010000 - 0x00007ff900040000 	C:\WINDOWS\SYSTEM32\Wldp.dll
0x00007ff902da0000 - 0x00007ff902e4d000 	C:\WINDOWS\System32\SHCORE.dll
0x00007ff901410000 - 0x00007ff901465000 	C:\WINDOWS\System32\shlwapi.dll
0x00007ff9004f0000 - 0x00007ff90050f000 	C:\WINDOWS\SYSTEM32\profapi.dll
0x00007ff8f1910000 - 0x00007ff8f1928000 	C:\Users\tasha\.jdks\openjdk-18.0.1.1\bin\zip.dll
0x00007ff8f18f0000 - 0x00007ff8f1903000 	C:\Users\tasha\.jdks\openjdk-18.0.1.1\bin\net.dll
0x00007ff8f1e20000 - 0x00007ff8f1f2a000 	C:\WINDOWS\SYSTEM32\WINHTTP.dll
0x00007ff8ffd70000 - 0x00007ff8ffdda000 	C:\WINDOWS\system32\mswsock.dll
0x00007ff8eead0000 - 0x00007ff8eeae6000 	C:\Users\tasha\.jdks\openjdk-18.0.1.1\bin\nio.dll
0x00007ff8f15f0000 - 0x00007ff8f15f9000 	C:\Users\tasha\.jdks\openjdk-18.0.1.1\bin\management.dll
0x00007ff8f1510000 - 0x00007ff8f151b000 	C:\Users\tasha\.jdks\openjdk-18.0.1.1\bin\management_ext.dll
0x00007ff8f18e0000 - 0x00007ff8f18f0000 	C:\Users\tasha\.jdks\openjdk-18.0.1.1\bin\verify.dll
0x00007ff8fff60000 - 0x00007ff8fff78000 	C:\WINDOWS\SYSTEM32\CRYPTSP.dll
0x00007ff8ff680000 - 0x00007ff8ff6b4000 	C:\WINDOWS\system32\rsaenh.dll
0x00007ff9007c0000 - 0x00007ff9007e7000 	C:\WINDOWS\System32\bcrypt.dll
0x00007ff9004b0000 - 0x00007ff9004de000 	C:\WINDOWS\SYSTEM32\USERENV.dll
0x00007ff8fff80000 - 0x00007ff8fff8c000 	C:\WINDOWS\SYSTEM32\CRYPTBASE.dll
0x00007ff8ffa10000 - 0x00007ff8ffa4b000 	C:\WINDOWS\SYSTEM32\IPHLPAPI.DLL
0x00007ff9028d0000 - 0x00007ff9028d8000 	C:\WINDOWS\System32\NSI.dll
0x00007ff8f25e0000 - 0x00007ff8f25f7000 	C:\WINDOWS\SYSTEM32\dhcpcsvc6.DLL
0x00007ff8f5600000 - 0x00007ff8f561d000 	C:\WINDOWS\SYSTEM32\dhcpcsvc.DLL
0x00007ff8ffa60000 - 0x00007ff8ffb2a000 	C:\WINDOWS\SYSTEM32\DNSAPI.dll
0x00007ff8f14e0000 - 0x00007ff8f14ee000 	C:\Users\tasha\.jdks\openjdk-18.0.1.1\bin\sunmscapi.dll
0x00007ff9008f0000 - 0x00007ff900a46000 	C:\WINDOWS\System32\CRYPT32.dll
0x00007ff900080000 - 0x00007ff9000a7000 	C:\WINDOWS\SYSTEM32\ncrypt.dll
0x00007ff900040000 - 0x00007ff90007b000 	C:\WINDOWS\SYSTEM32\NTASN1.dll
0x00007ff8f1aa0000 - 0x00007ff8f1aaa000 	C:\Windows\System32\rasadhlp.dll
0x00007ff8f1da0000 - 0x00007ff8f1e20000 	C:\WINDOWS\System32\fwpuclnt.dll
0x00007ff8cbca0000 - 0x00007ff8cbcb7000 	C:\WINDOWS\system32\napinsp.dll
0x00007ff8cbc80000 - 0x00007ff8cbc9b000 	C:\WINDOWS\system32\pnrpnsp.dll
0x00007ff8d4120000 - 0x00007ff8d4135000 	C:\WINDOWS\system32\wshbth.dll
0x00007ff8fbfe0000 - 0x00007ff8fbffd000 	C:\WINDOWS\system32\NLAapi.dll
0x00007ff8cbc60000 - 0x00007ff8cbc72000 	C:\WINDOWS\System32\winrnr.dll

dbghelp: loaded successfully - version: 4.0.5 - missing functions: none
symbol engine: initialized successfully - sym options: 0x614 - pdb path: .;C:\Users\tasha\.jdks\openjdk-18.0.1.1\bin;C:\WINDOWS\SYSTEM32;C:\WINDOWS\WinSxS\amd64_microsoft.windows.common-controls_6595b64144ccf1df_6.0.19041.1110_none_60b5254171f9507e;C:\Users\tasha\.jdks\openjdk-18.0.1.1\bin\server

VM Arguments:
jvm_args: -javaagent:C:\Users\tasha\.m2\repository/org/aspectj/aspectjweaver/1.9.9.1/aspectjweaver-1.9.9.1.jar -Xmx256m 
java_command: C:\Users\tasha\AppData\Local\Temp\surefire5468701431738190522\surefirebooter16804044233743096926.jar C:\Users\tasha\AppData\Local\Temp\surefire5468701431738190522 2022-09-20T18-04-35_475-jvmRun1 surefire16899119710792536801tmp surefire_09946622943767172297tmp
java_class_path (initial): C:\Users\tasha\AppData\Local\Temp\surefire5468701431738190522\surefirebooter16804044233743096926.jar
Launcher Type: SUN_STANDARD

[Global flags]
     intx CICompilerCount                          = 4                                         {product} {ergonomic}
     uint ConcGCThreads                            = 2                                         {product} {ergonomic}
     uint G1ConcRefinementThreads                  = 8                                         {product} {ergonomic}
   size_t G1HeapRegionSize                         = 1048576                                   {product} {ergonomic}
    uintx GCDrainStackTargetSize                   = 64                                        {product} {ergonomic}
   size_t InitialHeapSize                          = 134217728                                 {product} {ergonomic}
   size_t MarkStackSize                            = 4194304                                   {product} {ergonomic}
   size_t MaxHeapSize                              = 268435456                                 {product} {command line}
   size_t MaxNewSize                               = 160432128                                 {product} {ergonomic}
   size_t MinHeapDeltaBytes                        = 1048576                                   {product} {ergonomic}
   size_t MinHeapSize                              = 8388608                                   {product} {ergonomic}
    uintx NonNMethodCodeHeapSize                   = 5839372                                {pd product} {ergonomic}
    uintx NonProfiledCodeHeapSize                  = 122909434                              {pd product} {ergonomic}
    uintx ProfiledCodeHeapSize                     = 122909434                              {pd product} {ergonomic}
    uintx ReservedCodeCacheSize                    = 251658240                              {pd product} {ergonomic}
     bool SegmentedCodeCache                       = true                                      {product} {ergonomic}
   size_t SoftMaxHeapSize                          = 268435456                              {manageable} {ergonomic}
     bool UseCompressedClassPointers               = true                           {product lp64_product} {ergonomic}
     bool UseCompressedOops                        = true                           {product lp64_product} {ergonomic}
     bool UseG1GC                                  = true                                      {product} {ergonomic}
     bool UseLargePagesIndividualAllocation        = false                                  {pd product} {ergonomic}

Logging:
Log output configuration:
 #0: stdout all=warning uptime,level,tags foldmultilines=false
 #1: stderr all=off uptime,level,tags foldmultilines=false

Environment Variables:
JAVA_HOME=C:\Program Files\Java\jdk-17.0.3.1
PATH=C:\Program Files\Common Files\Oracle\Java\javapath;C:\WINDOWS\system32;C:\WINDOWS;C:\WINDOWS\System32\Wbem;C:\WINDOWS\System32\WindowsPowerShell\v1.0\;C:\WINDOWS\System32\OpenSSH\;C:\Program Files\Git\cmd;C:\Program Files (x86)\apache-maven-3.8.6-bin\bin;C:\Users\tasha\AppData\Local\Microsoft\WindowsApps;
USERNAME=tasha
OS=Windows_NT
PROCESSOR_IDENTIFIER=Intel64 Family 6 Model 142 Stepping 10, GenuineIntel



---------------  S Y S T E M  ---------------

OS:
 Windows 10 , 64 bit Build 19041 (10.0.19041.1889)
OS uptime: 0 days 3:21 hours

CPU: total 8 (initial active 8) (4 cores per cpu, 2 threads per core) family 6 model 142 stepping 10 microcode 0xb4, cx8, cmov, fxsr, ht, mmx, 3dnowpref, sse, sse2, sse3, ssse3, sse4.1, sse4.2, popcnt, lzcnt, tsc, tscinvbit, avx, avx2, aes, erms, clmul, bmi1, bmi2, adx, fma, vzeroupper, clflush, clflushopt

Memory: 4k page, system-wide physical 8101M (859M free)
TotalPageFile size 10149M (AvailPageFile size 18M)
current process WorkingSet (physical memory assigned to process): 282M, peak: 292M
current process commit charge ("private bytes"): 332M, peak: 342M

vm_info: OpenJDK 64-Bit Server VM (18.0.1.1+2-6) for windows-amd64 JRE (18.0.1.1+2-6), built on Apr 25 2022 21:50:56 by "mach5one" with MS VC++ 16.8 / 16.9 (VS2019)

END.
