#
# There is insufficient memory for the Java Runtime Environment to continue.
# Native memory allocation (malloc) failed to allocate 65552 bytes for Chunk::new
# Possible reasons:
#   The system is out of physical RAM or swap space
#   The process is running with CompressedOops enabled, and the Java Heap may be blocking the growth of the native heap
# Possible solutions:
#   Reduce memory load on the system
#   Increase physical memory or swap space
#   Check if swap backing store is full
#   Decrease Java heap size (-Xmx/-Xms)
#   Decrease number of Java threads
#   Decrease Java thread stack sizes (-Xss)
#   Set larger code cache with -XX:ReservedCodeCacheSize=
#   JVM is running with Unscaled Compressed Oops mode in which the Java heap is
#     placed in the first 4GB address space. The Java Heap base address is the
#     maximum limit for the native heap growth. Please use -XX:HeapBaseMinAddress
#     to set the Java Heap base and to place the Java Heap above 4GB virtual address.
# This output file may be truncated or incomplete.
#
#  Out of Memory Error (arena.cpp:184), pid=11836, tid=13192
#
# JRE version: OpenJDK Runtime Environment (18.0.1.1+2) (build 18.0.1.1+2-6)
# Java VM: OpenJDK 64-Bit Server VM (18.0.1.1+2-6, mixed mode, sharing, tiered, compressed oops, compressed class ptrs, g1 gc, windows-amd64)
# No core dump will be written. Minidumps are not enabled by default on client versions of Windows
#

---------------  S U M M A R Y ------------

Command Line: -ea -javaagent:C:\Users\tasha\.m2\repository/org/aspectj/aspectjweaver/1.9.9.1/aspectjweaver-1.9.9.1.jar -Xmx256m -Didea.test.cyclic.buffer.size=1048576 -javaagent:C:\Program Files\JetBrains\IntelliJ IDEA Community Edition 2021.3.3\lib\idea_rt.jar=54933:C:\Program Files\JetBrains\IntelliJ IDEA Community Edition 2021.3.3\bin -Dfile.encoding=UTF-8 com.intellij.rt.testng.RemoteTestNGStarter -usedefaultlisteners false -socket54932 @w@C:\Users\tasha\AppData\Local\Temp\idea_working_dirs_testng.tmp -temp C:\Users\tasha\AppData\Local\Temp\idea_testng.tmp

Host: Intel(R) Core(TM) i5-8250U CPU @ 1.60GHz, 8 cores, 7G,  Windows 10 , 64 bit Build 19041 (10.0.19041.1889)
Time: Mon Sep 19 22:53:33 2022 RTZ 2 (s 10 , 64 bit Build 19041 (10.0.19041.1889) elapsed time: 6.598615 seconds (0d 0h 0m 6s)

---------------  T H R E A D  ---------------

Current thread (0x000002031b9f25b0):  JavaThread "C2 CompilerThread2" daemon [_thread_in_native, id=13192, stack(0x0000003c74a00000,0x0000003c74b00000)]


Current CompileTask:
C2:   6598 3701       4       org.aspectj.weaver.ReferenceType::isAssignableFrom (861 bytes)

Stack: [0x0000003c74a00000,0x0000003c74b00000]
Native frames: (J=compiled Java code, j=interpreted, Vv=VM code, C=native code)
V  [jvm.dll+0x69887a]
V  [jvm.dll+0x7f38bd]
V  [jvm.dll+0x7f51ce]
V  [jvm.dll+0x7f5883]
V  [jvm.dll+0x25ca3f]
V  [jvm.dll+0xb8c2f]
V  [jvm.dll+0xb8fa5]
V  [jvm.dll+0xc5edd]
V  [jvm.dll+0x590dce]
V  [jvm.dll+0x58f190]
V  [jvm.dll+0x58fb11]
V  [jvm.dll+0x58efae]
V  [jvm.dll+0x58efc1]
V  [jvm.dll+0x58efc1]
V  [jvm.dll+0x58efc1]
V  [jvm.dll+0x58efc1]
V  [jvm.dll+0x58efc1]
V  [jvm.dll+0x58efc1]
V  [jvm.dll+0x58efc1]
V  [jvm.dll+0x58efc1]
V  [jvm.dll+0x5a0ceb]
V  [jvm.dll+0x237f1e]
V  [jvm.dll+0x231764]
V  [jvm.dll+0x22eeeb]
V  [jvm.dll+0x1b9cfc]
V  [jvm.dll+0x23e8ca]
V  [jvm.dll+0x23cbb5]
V  [jvm.dll+0x7a5fb1]
V  [jvm.dll+0x7a03ea]
V  [jvm.dll+0x697725]
C  [ucrtbase.dll+0x21bb2]
C  [KERNEL32.DLL+0x17034]
C  [ntdll.dll+0x526a1]


---------------  P R O C E S S  ---------------

Threads class SMR info:
_java_thread_list=0x000002031e170640, length=25, elements={
0x0000020379dff680, 0x0000020379ea3b70, 0x0000020379ea46e0, 0x0000020379ebdf30,
0x0000020379ebe7e0, 0x000002037d4a1270, 0x000002037d4a1b20, 0x000002037d4a4bf0,
0x000002037d4a6420, 0x000002037d4ad160, 0x0000020379e8f4b0, 0x000002031b8501c0,
0x000002031ba73370, 0x000002031b8f6790, 0x000002031b9f25b0, 0x000002031c5f2c90,
0x000002031c5f27c0, 0x000002031c5f3fd0, 0x000002031c5f22f0, 0x000002031c5f3160,
0x000002031c5f1480, 0x000002031c5f1950, 0x000002031c5f3630, 0x000002031c5f3b00,
0x000002031df25800
}

Java Threads: ( => current thread )
  0x0000020379dff680 JavaThread "Forwarding newSession on session null to remote" [_thread_in_vm, id=10960, stack(0x0000003c72e00000,0x0000003c72f00000)]
  0x0000020379ea3b70 JavaThread "Reference Handler" daemon [_thread_blocked, id=3304, stack(0x0000003c73500000,0x0000003c73600000)]
  0x0000020379ea46e0 JavaThread "Finalizer" daemon [_thread_blocked, id=16248, stack(0x0000003c73600000,0x0000003c73700000)]
  0x0000020379ebdf30 JavaThread "Signal Dispatcher" daemon [_thread_blocked, id=9092, stack(0x0000003c73700000,0x0000003c73800000)]
  0x0000020379ebe7e0 JavaThread "Attach Listener" daemon [_thread_blocked, id=16992, stack(0x0000003c73800000,0x0000003c73900000)]
  0x000002037d4a1270 JavaThread "Service Thread" daemon [_thread_blocked, id=14376, stack(0x0000003c73900000,0x0000003c73a00000)]
  0x000002037d4a1b20 JavaThread "Monitor Deflation Thread" daemon [_thread_blocked, id=9128, stack(0x0000003c73a00000,0x0000003c73b00000)]
  0x000002037d4a4bf0 JavaThread "C2 CompilerThread0" daemon [_thread_in_native, id=9176, stack(0x0000003c73b00000,0x0000003c73c00000)]
  0x000002037d4a6420 JavaThread "C1 CompilerThread0" daemon [_thread_in_native, id=10304, stack(0x0000003c73c00000,0x0000003c73d00000)]
  0x000002037d4ad160 JavaThread "Sweeper thread" daemon [_thread_blocked, id=15404, stack(0x0000003c73d00000,0x0000003c73e00000)]
  0x0000020379e8f4b0 JavaThread "Common-Cleaner" daemon [_thread_blocked, id=5332, stack(0x0000003c73e00000,0x0000003c73f00000)]
  0x000002031b8501c0 JavaThread "C2 CompilerThread1" daemon [_thread_in_native, id=11084, stack(0x0000003c73f00000,0x0000003c74000000)]
  0x000002031ba73370 JavaThread "Monitor Ctrl-Break" daemon [_thread_in_native, id=5308, stack(0x0000003c74000000,0x0000003c74100000)]
  0x000002031b8f6790 JavaThread "Notification Thread" daemon [_thread_blocked, id=8844, stack(0x0000003c74100000,0x0000003c74200000)]
=>0x000002031b9f25b0 JavaThread "C2 CompilerThread2" daemon [_thread_in_native, id=13192, stack(0x0000003c74a00000,0x0000003c74b00000)]
  0x000002031c5f2c90 JavaThread "ForkJoinPool.commonPool-worker-1" daemon [_thread_blocked, id=14416, stack(0x0000003c74c00000,0x0000003c74d00000)]
  0x000002031c5f27c0 JavaThread "AsyncHttpClient-1-1" daemon [_thread_blocked, id=14108, stack(0x0000003c74d00000,0x0000003c74e00000)]
  0x000002031c5f3fd0 JavaThread "Exec Default Executor" daemon [_thread_in_native, id=8464, stack(0x0000003c74e00000,0x0000003c74f00000)]
  0x000002031c5f22f0 JavaThread "Driver Service Executor" daemon [_thread_blocked, id=13552, stack(0x0000003c74f00000,0x0000003c75000000)]
  0x000002031c5f3160 JavaThread "Driver Service Executor" daemon [_thread_blocked, id=7808, stack(0x0000003c75000000,0x0000003c75100000)]
  0x000002031c5f1480 JavaThread "UrlChecker-2" daemon [_thread_blocked, id=14392, stack(0x0000003c75100000,0x0000003c75200000)]
  0x000002031c5f1950 JavaThread "Exec Stream Pumper" daemon [_thread_in_native, id=11796, stack(0x0000003c75300000,0x0000003c75400000)]
  0x000002031c5f3630 JavaThread "Exec Stream Pumper" daemon [_thread_in_native, id=11276, stack(0x0000003c75400000,0x0000003c75500000)]
  0x000002031c5f3b00 JavaThread "Keep-Alive-Timer" daemon [_thread_blocked, id=5580, stack(0x0000003c75500000,0x0000003c75600000)]
  0x000002031df25800 JavaThread "AsyncHttpClient-1-2" daemon [_thread_in_native, id=10096, stack(0x0000003c75600000,0x0000003c75700000)]

Other Threads:
  0x0000020379ea04c0 VMThread "VM Thread" [stack: 0x0000003c73400000,0x0000003c73500000] [id=9860]
  0x000002031b51c940 WatcherThread "VM Periodic Task Thread" [stack: 0x0000003c74200000,0x0000003c74300000] [id=14788]
  0x0000020379e2b910 WorkerThread "GC Thread#0" [stack: 0x0000003c72f00000,0x0000003c73000000] [id=15824]
  0x000002031ba83610 WorkerThread "GC Thread#1" [stack: 0x0000003c74300000,0x0000003c74400000] [id=2392]
  0x000002031ba80af0 WorkerThread "GC Thread#2" [stack: 0x0000003c74400000,0x0000003c74500000] [id=9456]
  0x000002031b883650 WorkerThread "GC Thread#3" [stack: 0x0000003c74500000,0x0000003c74600000] [id=13316]
  0x000002031b8838f0 WorkerThread "GC Thread#4" [stack: 0x0000003c74600000,0x0000003c74700000] [id=12188]
  0x000002031b8a0e10 WorkerThread "GC Thread#5" [stack: 0x0000003c74700000,0x0000003c74800000] [id=2984]
  0x000002031b8a10b0 WorkerThread "GC Thread#6" [stack: 0x0000003c74800000,0x0000003c74900000] [id=8696]
  0x000002031b8a1760 WorkerThread "GC Thread#7" [stack: 0x0000003c74900000,0x0000003c74a00000] [id=13244]
  0x0000020379e2f760 ConcurrentGCThread "G1 Main Marker" [stack: 0x0000003c73000000,0x0000003c73100000] [id=5724]
  0x0000020379e30060 WorkerThread "G1 Conc#0" [stack: 0x0000003c73100000,0x0000003c73200000] [id=9840]
  0x000002031d2b5bb0 WorkerThread "G1 Conc#1" [stack: 0x0000003c74b00000,0x0000003c74c00000] [id=12356]
  0x0000020379e7fe60 ConcurrentGCThread "G1 Refine#0" [stack: 0x0000003c73200000,0x0000003c73300000] [id=14048]
  0x0000020379e80680 ConcurrentGCThread "G1 Service" [stack: 0x0000003c73300000,0x0000003c73400000] [id=9348]

Threads with active compile tasks:
C2 CompilerThread0     6727 3702   !   4       org.aspectj.weaver.World::resolve (297 bytes)
C1 CompilerThread0     6727 3750       3       java.lang.invoke.AbstractValidatingLambdaMetafactory::validateMetafactoryArgs (607 bytes)
C2 CompilerThread1     6727 3722       4       org.aspectj.weaver.bcel.BcelObjectType::getDeclaredInterfaces (196 bytes)
C2 CompilerThread2     6727 3701       4       org.aspectj.weaver.ReferenceType::isAssignableFrom (861 bytes)

VM state: not at safepoint (normal execution)

VM Mutex/Monitor currently owned by a thread: None

Heap address: 0x00000000f0000000, size: 256 MB, Compressed Oops mode: 32-bit

CDS archive(s) mapped at: [0x0000000800000000-0x0000000800b90000-0x0000000800b90000), size 12124160, SharedBaseAddress: 0x0000000800000000, ArchiveRelocationMode: 0.
Compressed class space mapped at: 0x0000000800c00000-0x0000000840c00000, reserved size: 1073741824
Narrow klass base: 0x0000000800000000, Narrow klass shift: 0, Narrow klass range: 0x100000000

GC Precious Log:
 CardTable entry size: 512
 Card Set container configuration: InlinePtr #cards 5 size 8 Array Of Cards #cards 12 size 40 Howl #buckets 4 coarsen threshold 1843 Howl Bitmap #cards 512 size 80 coarsen threshold 460 Card regions per heap region 1 cards per card region 2048
 CPUs: 8 total, 8 available
 Memory: 8101M
 Large Page Support: Disabled
 NUMA Support: Disabled
 Compressed Oops: Enabled (32-bit)
 Heap Region Size: 1M
 Heap Min Capacity: 8M
 Heap Initial Capacity: 128M
 Heap Max Capacity: 256M
 Pre-touch: Disabled
 Parallel Workers: 8
 Concurrent Workers: 2
 Concurrent Refinement Workers: 8
 Periodic GC: Disabled

Heap:
 garbage-first heap   total 119808K, used 89600K [0x00000000f0000000, 0x0000000100000000)
  region size 1024K, 39 young (39936K), 5 survivors (5120K)
 Metaspace       used 32401K, committed 32768K, reserved 1114112K
  class space    used 3552K, committed 3712K, reserved 1048576K

Heap Regions: E=young(eden), S=young(survivor), O=old, HS=humongous(starts), HC=humongous(continues), CS=collection set, F=free, OA=open archive, CA=closed archive, TAMS=top-at-mark-start (previous, next)
|   0|0x00000000f0000000, 0x00000000f0100000, 0x00000000f0100000|100%| O|  |TAMS 0x00000000f0100000, 0x00000000f0000000| Untracked 
|   1|0x00000000f0100000, 0x00000000f0200000, 0x00000000f0200000|100%| O|  |TAMS 0x00000000f0200000, 0x00000000f0100000| Untracked 
|   2|0x00000000f0200000, 0x00000000f0300000, 0x00000000f0300000|100%| O|  |TAMS 0x00000000f0300000, 0x00000000f0200000| Untracked 
|   3|0x00000000f0300000, 0x00000000f0400000, 0x00000000f0400000|100%| O|  |TAMS 0x00000000f0400000, 0x00000000f0300000| Untracked 
|   4|0x00000000f0400000, 0x00000000f0500000, 0x00000000f0500000|100%| O|  |TAMS 0x00000000f0500000, 0x00000000f0400000| Untracked 
|   5|0x00000000f0500000, 0x00000000f0600000, 0x00000000f0600000|100%| O|  |TAMS 0x00000000f0600000, 0x00000000f0500000| Untracked 
|   6|0x00000000f0600000, 0x00000000f0700000, 0x00000000f0700000|100%| O|  |TAMS 0x00000000f0700000, 0x00000000f0600000| Untracked 
|   7|0x00000000f0700000, 0x00000000f0800000, 0x00000000f0800000|100%| O|  |TAMS 0x00000000f0800000, 0x00000000f0700000| Untracked 
|   8|0x00000000f0800000, 0x00000000f0900000, 0x00000000f0900000|100%| O|  |TAMS 0x00000000f0900000, 0x00000000f0800000| Untracked 
|   9|0x00000000f0900000, 0x00000000f0a00000, 0x00000000f0a00000|100%| O|  |TAMS 0x00000000f0a00000, 0x00000000f0900000| Untracked 
|  10|0x00000000f0a00000, 0x00000000f0b00000, 0x00000000f0b00000|100%| O|  |TAMS 0x00000000f0b00000, 0x00000000f0a00000| Untracked 
|  11|0x00000000f0b00000, 0x00000000f0c00000, 0x00000000f0c00000|100%| O|  |TAMS 0x00000000f0c00000, 0x00000000f0b00000| Untracked 
|  12|0x00000000f0c00000, 0x00000000f0d00000, 0x00000000f0d00000|100%| O|  |TAMS 0x00000000f0d00000, 0x00000000f0c00000| Untracked 
|  13|0x00000000f0d00000, 0x00000000f0e00000, 0x00000000f0e00000|100%| O|  |TAMS 0x00000000f0e00000, 0x00000000f0d00000| Untracked 
|  14|0x00000000f0e00000, 0x00000000f0f00000, 0x00000000f0f00000|100%| O|  |TAMS 0x00000000f0f00000, 0x00000000f0e00000| Untracked 
|  15|0x00000000f0f00000, 0x00000000f1000000, 0x00000000f1000000|100%| O|  |TAMS 0x00000000f1000000, 0x00000000f0f00000| Untracked 
|  16|0x00000000f1000000, 0x00000000f1100000, 0x00000000f1100000|100%| O|  |TAMS 0x00000000f1100000, 0x00000000f1000000| Untracked 
|  17|0x00000000f1100000, 0x00000000f1200000, 0x00000000f1200000|100%| O|  |TAMS 0x00000000f1200000, 0x00000000f1100000| Untracked 
|  18|0x00000000f1200000, 0x00000000f1300000, 0x00000000f1300000|100%| O|  |TAMS 0x00000000f1300000, 0x00000000f1200000| Untracked 
|  19|0x00000000f1300000, 0x00000000f1400000, 0x00000000f1400000|100%| O|  |TAMS 0x00000000f1400000, 0x00000000f1300000| Untracked 
|  20|0x00000000f1400000, 0x00000000f1500000, 0x00000000f1500000|100%| O|  |TAMS 0x00000000f1441e00, 0x00000000f1400000| Untracked 
|  21|0x00000000f1500000, 0x00000000f1600000, 0x00000000f1600000|100%| O|  |TAMS 0x00000000f1500000, 0x00000000f1500000| Untracked 
|  22|0x00000000f1600000, 0x00000000f1700000, 0x00000000f1700000|100%| O|  |TAMS 0x00000000f1600000, 0x00000000f1600000| Untracked 
|  23|0x00000000f1700000, 0x00000000f1800000, 0x00000000f1800000|100%| O|  |TAMS 0x00000000f1700000, 0x00000000f1700000| Untracked 
|  24|0x00000000f1800000, 0x00000000f1900000, 0x00000000f1900000|100%| O|  |TAMS 0x00000000f1800000, 0x00000000f1800000| Untracked 
|  25|0x00000000f1900000, 0x00000000f1a00000, 0x00000000f1a00000|100%| O|  |TAMS 0x00000000f1900000, 0x00000000f1900000| Untracked 
|  26|0x00000000f1a00000, 0x00000000f1b00000, 0x00000000f1b00000|100%| O|  |TAMS 0x00000000f1a00000, 0x00000000f1a00000| Untracked 
|  27|0x00000000f1b00000, 0x00000000f1c00000, 0x00000000f1c00000|100%| O|  |TAMS 0x00000000f1b00000, 0x00000000f1b00000| Untracked 
|  28|0x00000000f1c00000, 0x00000000f1d00000, 0x00000000f1d00000|100%| O|  |TAMS 0x00000000f1c00000, 0x00000000f1c00000| Untracked 
|  29|0x00000000f1d00000, 0x00000000f1e00000, 0x00000000f1e00000|100%| O|  |TAMS 0x00000000f1d00000, 0x00000000f1d00000| Untracked 
|  30|0x00000000f1e00000, 0x00000000f1f00000, 0x00000000f1f00000|100%| O|  |TAMS 0x00000000f1e00000, 0x00000000f1e00000| Untracked 
|  31|0x00000000f1f00000, 0x00000000f2000000, 0x00000000f2000000|100%| O|  |TAMS 0x00000000f1f00000, 0x00000000f1f00000| Untracked 
|  32|0x00000000f2000000, 0x00000000f2100000, 0x00000000f2100000|100%| O|  |TAMS 0x00000000f2000000, 0x00000000f2000000| Untracked 
|  33|0x00000000f2100000, 0x00000000f2200000, 0x00000000f2200000|100%| O|  |TAMS 0x00000000f2100000, 0x00000000f2100000| Untracked 
|  34|0x00000000f2200000, 0x00000000f2300000, 0x00000000f2300000|100%| O|  |TAMS 0x00000000f2200000, 0x00000000f2200000| Untracked 
|  35|0x00000000f2300000, 0x00000000f2400000, 0x00000000f2400000|100%| O|  |TAMS 0x00000000f2300000, 0x00000000f2300000| Untracked 
|  36|0x00000000f2400000, 0x00000000f2500000, 0x00000000f2500000|100%| O|  |TAMS 0x00000000f2400000, 0x00000000f2400000| Untracked 
|  37|0x00000000f2500000, 0x00000000f2600000, 0x00000000f2600000|100%| O|  |TAMS 0x00000000f2500000, 0x00000000f2500000| Untracked 
|  38|0x00000000f2600000, 0x00000000f2700000, 0x00000000f2700000|100%| O|  |TAMS 0x00000000f2600000, 0x00000000f2600000| Untracked 
|  39|0x00000000f2700000, 0x00000000f2800000, 0x00000000f2800000|100%| O|  |TAMS 0x00000000f2700000, 0x00000000f2700000| Untracked 
|  40|0x00000000f2800000, 0x00000000f2900000, 0x00000000f2900000|100%| O|  |TAMS 0x00000000f2800000, 0x00000000f2800000| Untracked 
|  41|0x00000000f2900000, 0x00000000f2a00000, 0x00000000f2a00000|100%| O|  |TAMS 0x00000000f2900000, 0x00000000f2900000| Untracked 
|  42|0x00000000f2a00000, 0x00000000f2b00000, 0x00000000f2b00000|100%| O|  |TAMS 0x00000000f2a00000, 0x00000000f2a00000| Untracked 
|  43|0x00000000f2b00000, 0x00000000f2c00000, 0x00000000f2c00000|100%| O|  |TAMS 0x00000000f2b00000, 0x00000000f2b00000| Untracked 
|  44|0x00000000f2c00000, 0x00000000f2d00000, 0x00000000f2d00000|100%| O|  |TAMS 0x00000000f2c00000, 0x00000000f2c00000| Untracked 
|  45|0x00000000f2d00000, 0x00000000f2e00000, 0x00000000f2e00000|100%| O|  |TAMS 0x00000000f2d00000, 0x00000000f2d00000| Untracked 
|  46|0x00000000f2e00000, 0x00000000f2f00000, 0x00000000f2f00000|100%|HS|  |TAMS 0x00000000f2e00000, 0x00000000f2e00000| Complete 
|  47|0x00000000f2f00000, 0x00000000f3000000, 0x00000000f3000000|100%|HC|  |TAMS 0x00000000f2f00000, 0x00000000f2f00000| Complete 
|  48|0x00000000f3000000, 0x00000000f3100000, 0x00000000f3100000|100%|HC|  |TAMS 0x00000000f3000000, 0x00000000f3000000| Complete 
|  49|0x00000000f3100000, 0x00000000f3200000, 0x00000000f3200000|100%|HC|  |TAMS 0x00000000f3100000, 0x00000000f3100000| Complete 
|  50|0x00000000f3200000, 0x00000000f3300000, 0x00000000f3300000|100%|HC|  |TAMS 0x00000000f3200000, 0x00000000f3200000| Complete 
|  51|0x00000000f3300000, 0x00000000f3300000, 0x00000000f3400000|  0%| F|  |TAMS 0x00000000f3300000, 0x00000000f3300000| Untracked 
|  52|0x00000000f3400000, 0x00000000f3400000, 0x00000000f3500000|  0%| F|  |TAMS 0x00000000f3400000, 0x00000000f3400000| Untracked 
|  53|0x00000000f3500000, 0x00000000f3500000, 0x00000000f3600000|  0%| F|  |TAMS 0x00000000f3500000, 0x00000000f3500000| Untracked 
|  54|0x00000000f3600000, 0x00000000f3600000, 0x00000000f3700000|  0%| F|  |TAMS 0x00000000f3600000, 0x00000000f3600000| Untracked 
|  55|0x00000000f3700000, 0x00000000f3700000, 0x00000000f3800000|  0%| F|  |TAMS 0x00000000f3700000, 0x00000000f3700000| Untracked 
|  56|0x00000000f3800000, 0x00000000f3800000, 0x00000000f3900000|  0%| F|  |TAMS 0x00000000f3800000, 0x00000000f3800000| Untracked 
|  57|0x00000000f3900000, 0x00000000f3900000, 0x00000000f3a00000|  0%| F|  |TAMS 0x00000000f3900000, 0x00000000f3900000| Untracked 
|  58|0x00000000f3a00000, 0x00000000f3a00000, 0x00000000f3b00000|  0%| F|  |TAMS 0x00000000f3a00000, 0x00000000f3a00000| Untracked 
|  59|0x00000000f3b00000, 0x00000000f3b00000, 0x00000000f3c00000|  0%| F|  |TAMS 0x00000000f3b00000, 0x00000000f3b00000| Untracked 
|  60|0x00000000f3c00000, 0x00000000f3c00000, 0x00000000f3d00000|  0%| F|  |TAMS 0x00000000f3c00000, 0x00000000f3c00000| Untracked 
|  61|0x00000000f3d00000, 0x00000000f3d00000, 0x00000000f3e00000|  0%| F|  |TAMS 0x00000000f3d00000, 0x00000000f3d00000| Untracked 
|  62|0x00000000f3e00000, 0x00000000f3e00000, 0x00000000f3f00000|  0%| F|  |TAMS 0x00000000f3e00000, 0x00000000f3e00000| Untracked 
|  63|0x00000000f3f00000, 0x00000000f3f00000, 0x00000000f4000000|  0%| F|  |TAMS 0x00000000f3f00000, 0x00000000f3f00000| Untracked 
|  64|0x00000000f4000000, 0x00000000f4000000, 0x00000000f4100000|  0%| F|  |TAMS 0x00000000f4000000, 0x00000000f4000000| Untracked 
|  65|0x00000000f4100000, 0x00000000f4100000, 0x00000000f4200000|  0%| F|  |TAMS 0x00000000f4100000, 0x00000000f4100000| Untracked 
|  66|0x00000000f4200000, 0x00000000f4280000, 0x00000000f4300000| 50%| S|CS|TAMS 0x00000000f4200000, 0x00000000f4200000| Complete 
|  67|0x00000000f4300000, 0x00000000f4400000, 0x00000000f4400000|100%| S|CS|TAMS 0x00000000f4300000, 0x00000000f4300000| Complete 
|  68|0x00000000f4400000, 0x00000000f4400000, 0x00000000f4500000|  0%| F|  |TAMS 0x00000000f4400000, 0x00000000f4400000| Untracked 
|  69|0x00000000f4500000, 0x00000000f4500000, 0x00000000f4600000|  0%| F|  |TAMS 0x00000000f4500000, 0x00000000f4500000| Untracked 
|  70|0x00000000f4600000, 0x00000000f4600000, 0x00000000f4700000|  0%| F|  |TAMS 0x00000000f4600000, 0x00000000f4600000| Untracked 
|  71|0x00000000f4700000, 0x00000000f4700000, 0x00000000f4800000|  0%| F|  |TAMS 0x00000000f4700000, 0x00000000f4700000| Untracked 
|  72|0x00000000f4800000, 0x00000000f4800000, 0x00000000f4900000|  0%| F|  |TAMS 0x00000000f4800000, 0x00000000f4800000| Untracked 
|  73|0x00000000f4900000, 0x00000000f4900000, 0x00000000f4a00000|  0%| F|  |TAMS 0x00000000f4900000, 0x00000000f4900000| Untracked 
|  74|0x00000000f4a00000, 0x00000000f4b00000, 0x00000000f4b00000|100%| S|CS|TAMS 0x00000000f4a00000, 0x00000000f4a00000| Complete 
|  75|0x00000000f4b00000, 0x00000000f4c00000, 0x00000000f4c00000|100%| S|CS|TAMS 0x00000000f4b00000, 0x00000000f4b00000| Complete 
|  76|0x00000000f4c00000, 0x00000000f4d00000, 0x00000000f4d00000|100%| S|CS|TAMS 0x00000000f4c00000, 0x00000000f4c00000| Complete 
|  77|0x00000000f4d00000, 0x00000000f4d00000, 0x00000000f4e00000|  0%| F|  |TAMS 0x00000000f4d00000, 0x00000000f4d00000| Untracked 
|  78|0x00000000f4e00000, 0x00000000f4e00000, 0x00000000f4f00000|  0%| F|  |TAMS 0x00000000f4e00000, 0x00000000f4e00000| Untracked 
|  79|0x00000000f4f00000, 0x00000000f4f00000, 0x00000000f5000000|  0%| F|  |TAMS 0x00000000f4f00000, 0x00000000f4f00000| Untracked 
|  80|0x00000000f5000000, 0x00000000f5000000, 0x00000000f5100000|  0%| F|  |TAMS 0x00000000f5000000, 0x00000000f5000000| Untracked 
|  81|0x00000000f5100000, 0x00000000f5100000, 0x00000000f5200000|  0%| F|  |TAMS 0x00000000f5100000, 0x00000000f5100000| Untracked 
|  82|0x00000000f5200000, 0x00000000f5200000, 0x00000000f5300000|  0%| F|  |TAMS 0x00000000f5200000, 0x00000000f5200000| Untracked 
|  83|0x00000000f5300000, 0x00000000f5400000, 0x00000000f5400000|100%| E|  |TAMS 0x00000000f5300000, 0x00000000f5300000| Complete 
|  84|0x00000000f5400000, 0x00000000f5500000, 0x00000000f5500000|100%| E|CS|TAMS 0x00000000f5400000, 0x00000000f5400000| Complete 
|  85|0x00000000f5500000, 0x00000000f5600000, 0x00000000f5600000|100%| E|CS|TAMS 0x00000000f5500000, 0x00000000f5500000| Complete 
|  86|0x00000000f5600000, 0x00000000f5700000, 0x00000000f5700000|100%| E|CS|TAMS 0x00000000f5600000, 0x00000000f5600000| Complete 
|  87|0x00000000f5700000, 0x00000000f5800000, 0x00000000f5800000|100%| E|CS|TAMS 0x00000000f5700000, 0x00000000f5700000| Complete 
|  88|0x00000000f5800000, 0x00000000f5900000, 0x00000000f5900000|100%| E|CS|TAMS 0x00000000f5800000, 0x00000000f5800000| Complete 
|  89|0x00000000f5900000, 0x00000000f5a00000, 0x00000000f5a00000|100%| E|CS|TAMS 0x00000000f5900000, 0x00000000f5900000| Complete 
|  90|0x00000000f5a00000, 0x00000000f5b00000, 0x00000000f5b00000|100%| E|CS|TAMS 0x00000000f5a00000, 0x00000000f5a00000| Complete 
|  91|0x00000000f5b00000, 0x00000000f5c00000, 0x00000000f5c00000|100%| E|CS|TAMS 0x00000000f5b00000, 0x00000000f5b00000| Complete 
|  92|0x00000000f5c00000, 0x00000000f5d00000, 0x00000000f5d00000|100%| E|CS|TAMS 0x00000000f5c00000, 0x00000000f5c00000| Complete 
|  93|0x00000000f5d00000, 0x00000000f5e00000, 0x00000000f5e00000|100%| E|CS|TAMS 0x00000000f5d00000, 0x00000000f5d00000| Complete 
|  94|0x00000000f5e00000, 0x00000000f5f00000, 0x00000000f5f00000|100%| E|CS|TAMS 0x00000000f5e00000, 0x00000000f5e00000| Complete 
|  95|0x00000000f5f00000, 0x00000000f6000000, 0x00000000f6000000|100%| E|CS|TAMS 0x00000000f5f00000, 0x00000000f5f00000| Complete 
|  96|0x00000000f6000000, 0x00000000f6100000, 0x00000000f6100000|100%| E|CS|TAMS 0x00000000f6000000, 0x00000000f6000000| Complete 
|  97|0x00000000f6100000, 0x00000000f6200000, 0x00000000f6200000|100%| E|CS|TAMS 0x00000000f6100000, 0x00000000f6100000| Complete 
|  98|0x00000000f6200000, 0x00000000f6300000, 0x00000000f6300000|100%| E|  |TAMS 0x00000000f6200000, 0x00000000f6200000| Complete 
|  99|0x00000000f6300000, 0x00000000f6400000, 0x00000000f6400000|100%| E|CS|TAMS 0x00000000f6300000, 0x00000000f6300000| Complete 
| 100|0x00000000f6400000, 0x00000000f6500000, 0x00000000f6500000|100%| E|CS|TAMS 0x00000000f6400000, 0x00000000f6400000| Complete 
| 101|0x00000000f6500000, 0x00000000f6600000, 0x00000000f6600000|100%| E|CS|TAMS 0x00000000f6500000, 0x00000000f6500000| Complete 
| 102|0x00000000f6600000, 0x00000000f6700000, 0x00000000f6700000|100%| E|CS|TAMS 0x00000000f6600000, 0x00000000f6600000| Complete 
| 103|0x00000000f6700000, 0x00000000f6800000, 0x00000000f6800000|100%| E|CS|TAMS 0x00000000f6700000, 0x00000000f6700000| Complete 
| 104|0x00000000f6800000, 0x00000000f6900000, 0x00000000f6900000|100%| E|CS|TAMS 0x00000000f6800000, 0x00000000f6800000| Complete 
| 105|0x00000000f6900000, 0x00000000f6a00000, 0x00000000f6a00000|100%| E|CS|TAMS 0x00000000f6900000, 0x00000000f6900000| Complete 
| 106|0x00000000f6a00000, 0x00000000f6b00000, 0x00000000f6b00000|100%| E|CS|TAMS 0x00000000f6a00000, 0x00000000f6a00000| Complete 
| 107|0x00000000f6b00000, 0x00000000f6c00000, 0x00000000f6c00000|100%| E|CS|TAMS 0x00000000f6b00000, 0x00000000f6b00000| Complete 
| 108|0x00000000f6c00000, 0x00000000f6d00000, 0x00000000f6d00000|100%| E|CS|TAMS 0x00000000f6c00000, 0x00000000f6c00000| Complete 
| 109|0x00000000f6d00000, 0x00000000f6e00000, 0x00000000f6e00000|100%| E|CS|TAMS 0x00000000f6d00000, 0x00000000f6d00000| Complete 
| 110|0x00000000f6e00000, 0x00000000f6f00000, 0x00000000f6f00000|100%| E|CS|TAMS 0x00000000f6e00000, 0x00000000f6e00000| Complete 
| 111|0x00000000f6f00000, 0x00000000f7000000, 0x00000000f7000000|100%| E|CS|TAMS 0x00000000f6f00000, 0x00000000f6f00000| Complete 
| 112|0x00000000f7000000, 0x00000000f7100000, 0x00000000f7100000|100%| E|CS|TAMS 0x00000000f7000000, 0x00000000f7000000| Complete 
| 113|0x00000000f7100000, 0x00000000f7200000, 0x00000000f7200000|100%| E|CS|TAMS 0x00000000f7100000, 0x00000000f7100000| Complete 
| 114|0x00000000f7200000, 0x00000000f7300000, 0x00000000f7300000|100%| E|CS|TAMS 0x00000000f7200000, 0x00000000f7200000| Complete 
| 126|0x00000000f7e00000, 0x00000000f7f00000, 0x00000000f7f00000|100%| E|CS|TAMS 0x00000000f7e00000, 0x00000000f7e00000| Complete 
| 127|0x00000000f7f00000, 0x00000000f8000000, 0x00000000f8000000|100%| E|CS|TAMS 0x00000000f7f00000, 0x00000000f7f00000| Complete 

Card table byte_map: [0x000002037a200000,0x000002037a280000] _byte_map_base: 0x0000020379a80000

Marking Bits (Prev, Next): (CMBitMap*) 0x0000020379e2be60, (CMBitMap*) 0x0000020379e2be20
 Prev Bits: [0x000002037a700000, 0x000002037ab00000)
 Next Bits: [0x000002037a300000, 0x000002037a700000)

Polling page: 0x0000020377de0000

Metaspace:

Usage:
  Non-class:     28.17 MB used.
      Class:      3.47 MB used.
       Both:     31.64 MB used.

Virtual space:
  Non-class space:       64.00 MB reserved,      28.38 MB ( 44%) committed,  1 nodes.
      Class space:        1.00 GB reserved,       3.62 MB ( <1%) committed,  1 nodes.
             Both:        1.06 GB reserved,      32.00 MB (  3%) committed. 

Chunk freelists:
   Non-Class:  3.59 MB
       Class:  335.00 KB
        Both:  3.92 MB

MaxMetaspaceSize: unlimited
CompressedClassSpaceSize: 1.00 GB
Initial GC threshold: 21.00 MB
Current GC threshold: 35.25 MB
CDS: on
MetaspaceReclaimPolicy: balanced
 - commit_granule_bytes: 65536.
 - commit_granule_words: 8192.
 - virtual_space_node_default_size: 8388608.
 - enlarge_chunks_in_place: 1.
 - new_chunks_are_fully_committed: 0.
 - uncommit_free_chunks: 1.
 - use_allocation_guard: 0.


Internal statistics:

num_allocs_failed_limit: 3.
num_arena_births: 336.
num_arena_deaths: 2.
num_vsnodes_births: 2.
num_vsnodes_deaths: 0.
num_space_committed: 512.
num_space_uncommitted: 0.
num_chunks_returned_to_freelist: 6.
num_chunks_taken_from_freelist: 1171.
num_chunk_merges: 3.
num_chunk_splits: 853.
num_chunks_enlarged: 701.
num_inconsistent_stats: 0.

CodeHeap 'non-profiled nmethods': size=120000Kb used=2623Kb max_used=2623Kb free=117376Kb
 bounds [0x000002030f340000, 0x000002030f5f0000, 0x0000020316870000]
CodeHeap 'profiled nmethods': size=120000Kb used=6625Kb max_used=8090Kb free=113374Kb
 bounds [0x0000020307e10000, 0x0000020308600000, 0x000002030f340000]
CodeHeap 'non-nmethods': size=5760Kb used=1309Kb max_used=1420Kb free=4450Kb
 bounds [0x0000020307870000, 0x0000020307ae0000, 0x0000020307e10000]
 total_blobs=3754 nmethods=3137 adapters=529
 compilation: enabled
              stopped_count=0, restarted_count=0
 full_count=0

Compilation events (20 events):
Event: 6.567 Thread 0x000002037d4a6420 3730       3       java.util.LinkedHashMap$LinkedHashIterator::<init> (31 bytes)
Event: 6.567 Thread 0x000002037d4a6420 nmethod 3730 0x0000020307e8e910 code [0x0000020307e8eac0, 0x0000020307e8ed18]
Event: 6.574 Thread 0x000002037d4a6420 3731       3       java.util.Spliterators$ArraySpliterator::forEachRemaining (68 bytes)
Event: 6.574 Thread 0x000002037d4a6420 nmethod 3731 0x0000020307e8de90 code [0x0000020307e8e060, 0x0000020307e8e4f8]
Event: 6.574 Thread 0x000002037d4a6420 3732       3       java.util.stream.ReferencePipeline$2::opWrapSink (10 bytes)
Event: 6.575 Thread 0x000002037d4a6420 nmethod 3732 0x0000020307f78890 code [0x0000020307f78a80, 0x0000020307f79048]
Event: 6.575 Thread 0x000002037d4a6420 3734       3       java.util.ArrayDeque::peekFirst (12 bytes)
Event: 6.575 Thread 0x000002037d4a6420 nmethod 3734 0x0000020307f78410 code [0x0000020307f785a0, 0x0000020307f78738]
Event: 6.575 Thread 0x000002037d4a6420 3735       3       java.util.ArrayDeque::dec (13 bytes)
Event: 6.575 Thread 0x000002037d4a6420 nmethod 3735 0x0000020308531e10 code [0x0000020308531fa0, 0x00000203085320d8]
Event: 6.575 Thread 0x000002037d4a6420 3736       3       java.util.stream.ReferencePipeline$3$1::accept (23 bytes)
Event: 6.575 Thread 0x000002037d4a6420 nmethod 3736 0x0000020307f77e90 code [0x0000020307f78040, 0x0000020307f782f8]
Event: 6.575 Thread 0x000002037d4a6420 3738       3       java.util.stream.ReferencePipeline::filter (22 bytes)
Event: 6.575 Thread 0x000002037d4a6420 nmethod 3738 0x00000203083d1210 code [0x00000203083d1400, 0x00000203083d18d8]
Event: 6.576 Thread 0x000002037d4a6420 3739       3       java.util.stream.ReduceOps$3ReducingSink::accept (15 bytes)
Event: 6.576 Thread 0x000002037d4a6420 nmethod 3739 0x00000203083d0d90 code [0x00000203083d0f40, 0x00000203083d1128]
Event: 6.580 Thread 0x000002037d4a6420 3740       3       java.lang.invoke.MemberName::equals (69 bytes)
Event: 6.581 Thread 0x000002037d4a6420 nmethod 3740 0x0000020307eebe10 code [0x0000020307eec0a0, 0x0000020307eecdd8]
Event: 6.581 Thread 0x000002037d4a6420 3741       3       org.aspectj.apache.bcel.generic.FieldGenOrMethodGen::addAttribute (12 bytes)
Event: 6.581 Thread 0x000002037d4a6420 nmethod 3741 0x0000020307eeb790 code [0x0000020307eeb940, 0x0000020307eebb08]

GC Heap History (16 events):
Event: 0.882 GC heap before
{Heap before GC invocations=0 (full 0):
 garbage-first heap   total 131072K, used 22528K [0x00000000f0000000, 0x0000000100000000)
  region size 1024K, 23 young (23552K), 0 survivors (0K)
 Metaspace       used 6917K, committed 6976K, reserved 1114112K
  class space    used 607K, committed 640K, reserved 1048576K
}
Event: 0.886 GC heap after
{Heap after GC invocations=1 (full 0):
 garbage-first heap   total 131072K, used 6400K [0x00000000f0000000, 0x0000000100000000)
  region size 1024K, 3 young (3072K), 3 survivors (3072K)
 Metaspace       used 6917K, committed 6976K, reserved 1114112K
  class space    used 607K, committed 640K, reserved 1048576K
}
Event: 1.681 GC heap before
{Heap before GC invocations=1 (full 0):
 garbage-first heap   total 131072K, used 35072K [0x00000000f0000000, 0x0000000100000000)
  region size 1024K, 31 young (31744K), 3 survivors (3072K)
 Metaspace       used 10795K, committed 11008K, reserved 1114112K
  class space    used 972K, committed 1088K, reserved 1048576K
}
Event: 1.688 GC heap after
{Heap after GC invocations=2 (full 0):
 garbage-first heap   total 131072K, used 12747K [0x00000000f0000000, 0x0000000100000000)
  region size 1024K, 4 young (4096K), 4 survivors (4096K)
 Metaspace       used 10795K, committed 11008K, reserved 1114112K
  class space    used 972K, committed 1088K, reserved 1048576K
}
Event: 2.119 GC heap before
{Heap before GC invocations=2 (full 0):
 garbage-first heap   total 131072K, used 61899K [0x00000000f0000000, 0x0000000100000000)
  region size 1024K, 52 young (53248K), 4 survivors (4096K)
 Metaspace       used 13527K, committed 13760K, reserved 1114112K
  class space    used 1181K, committed 1280K, reserved 1048576K
}
Event: 2.131 GC heap after
{Heap after GC invocations=3 (full 0):
 garbage-first heap   total 131072K, used 20474K [0x00000000f0000000, 0x0000000100000000)
  region size 1024K, 7 young (7168K), 7 survivors (7168K)
 Metaspace       used 13527K, committed 13760K, reserved 1114112K
  class space    used 1181K, committed 1280K, reserved 1048576K
}
Event: 2.708 GC heap before
{Heap before GC invocations=3 (full 0):
 garbage-first heap   total 131072K, used 71674K [0x00000000f0000000, 0x0000000100000000)
  region size 1024K, 57 young (58368K), 7 survivors (7168K)
 Metaspace       used 17155K, committed 17472K, reserved 1114112K
  class space    used 1642K, committed 1792K, reserved 1048576K
}
Event: 2.718 GC heap after
{Heap after GC invocations=4 (full 0):
 garbage-first heap   total 131072K, used 25255K [0x00000000f0000000, 0x0000000100000000)
  region size 1024K, 5 young (5120K), 5 survivors (5120K)
 Metaspace       used 17155K, committed 17472K, reserved 1114112K
  class space    used 1642K, committed 1792K, reserved 1048576K
}
Event: 3.221 GC heap before
{Heap before GC invocations=4 (full 0):
 garbage-first heap   total 131072K, used 80551K [0x00000000f0000000, 0x0000000100000000)
  region size 1024K, 60 young (61440K), 5 survivors (5120K)
 Metaspace       used 21213K, committed 21504K, reserved 1114112K
  class space    used 2068K, committed 2240K, reserved 1048576K
}
Event: 3.235 GC heap after
{Heap after GC invocations=5 (full 0):
 garbage-first heap   total 131072K, used 33792K [0x00000000f0000000, 0x0000000100000000)
  region size 1024K, 8 young (8192K), 8 survivors (8192K)
 Metaspace       used 21213K, committed 21504K, reserved 1114112K
  class space    used 2068K, committed 2240K, reserved 1048576K
}
Event: 3.683 GC heap before
{Heap before GC invocations=6 (full 0):
 garbage-first heap   total 119808K, used 88064K [0x00000000f0000000, 0x0000000100000000)
  region size 1024K, 61 young (62464K), 8 survivors (8192K)
 Metaspace       used 23958K, committed 24256K, reserved 1114112K
  class space    used 2443K, committed 2624K, reserved 1048576K
}
Event: 3.699 GC heap after
{Heap after GC invocations=7 (full 0):
 garbage-first heap   total 119808K, used 41454K [0x00000000f0000000, 0x0000000100000000)
  region size 1024K, 7 young (7168K), 7 survivors (7168K)
 Metaspace       used 23958K, committed 24256K, reserved 1114112K
  class space    used 2443K, committed 2624K, reserved 1048576K
}
Event: 4.070 GC heap before
{Heap before GC invocations=7 (full 0):
 garbage-first heap   total 119808K, used 85486K [0x00000000f0000000, 0x0000000100000000)
  region size 1024K, 50 young (51200K), 7 survivors (7168K)
 Metaspace       used 27542K, committed 27840K, reserved 1114112K
  class space    used 2861K, committed 3008K, reserved 1048576K
}
Event: 4.082 GC heap after
{Heap after GC invocations=8 (full 0):
 garbage-first heap   total 119808K, used 47104K [0x00000000f0000000, 0x0000000100000000)
  region size 1024K, 6 young (6144K), 6 survivors (6144K)
 Metaspace       used 27542K, committed 27840K, reserved 1114112K
  class space    used 2861K, committed 3008K, reserved 1048576K
}
Event: 4.499 GC heap before
{Heap before GC invocations=8 (full 0):
 garbage-first heap   total 119808K, used 88064K [0x00000000f0000000, 0x0000000100000000)
  region size 1024K, 46 young (47104K), 6 survivors (6144K)
 Metaspace       used 30243K, committed 30592K, reserved 1114112K
  class space    used 3239K, committed 3392K, reserved 1048576K
}
Event: 4.512 GC heap after
{Heap after GC invocations=9 (full 0):
 garbage-first heap   total 119808K, used 51712K [0x00000000f0000000, 0x0000000100000000)
  region size 1024K, 5 young (5120K), 5 survivors (5120K)
 Metaspace       used 30243K, committed 30592K, reserved 1114112K
  class space    used 3239K, committed 3392K, reserved 1048576K
}

Deoptimization events (20 events):
Event: 4.216 Thread 0x0000020379dff680 DEOPT PACKING pc=0x00000203084eca1b sp=0x0000003c72efa840
Event: 4.216 Thread 0x0000020379dff680 DEOPT UNPACKING pc=0x00000203078c2b43 sp=0x0000003c72ef9db0 mode 0
Event: 4.285 Thread 0x0000020379dff680 Uncommon trap: trap_request=0xfffffff4 fr.pc=0x000002030f469f20 relative=0x0000000000000d80
Event: 4.285 Thread 0x0000020379dff680 Uncommon trap: reason=null_check action=make_not_entrant pc=0x000002030f469f20 method=org.aspectj.weaver.ReferenceType.findDerivativeType([Lorg/aspectj/weaver/ResolvedType;)Lorg/aspectj/weaver/ReferenceType; @ 53 c2
Event: 4.285 Thread 0x0000020379dff680 DEOPT PACKING pc=0x000002030f469f20 sp=0x0000003c72ef67e0
Event: 4.285 Thread 0x0000020379dff680 DEOPT UNPACKING pc=0x00000203078c23a3 sp=0x0000003c72ef67b0 mode 2
Event: 4.389 Thread 0x0000020379dff680 DEOPT PACKING pc=0x0000020308599de0 sp=0x0000003c72ef88b0
Event: 4.389 Thread 0x0000020379dff680 DEOPT UNPACKING pc=0x00000203078c2b43 sp=0x0000003c72ef7ed0 mode 0
Event: 4.452 Thread 0x0000020379dff680 DEOPT PACKING pc=0x0000020308599de0 sp=0x0000003c72ef9290
Event: 4.452 Thread 0x0000020379dff680 DEOPT UNPACKING pc=0x00000203078c2b43 sp=0x0000003c72ef88b0 mode 0
Event: 4.575 Thread 0x0000020379dff680 Uncommon trap: trap_request=0xffffff45 fr.pc=0x000002030f4855d4 relative=0x00000000000021d4
Event: 4.575 Thread 0x0000020379dff680 Uncommon trap: reason=unstable_if action=reinterpret pc=0x000002030f4855d4 method=org.aspectj.weaver.UnresolvedType.signatureToName(Ljava/lang/String;)Ljava/lang/String; @ 5 c2
Event: 4.575 Thread 0x0000020379dff680 DEOPT PACKING pc=0x000002030f4855d4 sp=0x0000003c72ef5970
Event: 4.575 Thread 0x0000020379dff680 DEOPT UNPACKING pc=0x00000203078c23a3 sp=0x0000003c72ef5940 mode 2
Event: 4.613 Thread 0x000002031df25800 DEOPT PACKING pc=0x0000020308599de0 sp=0x0000003c756fb350
Event: 4.613 Thread 0x000002031df25800 DEOPT UNPACKING pc=0x00000203078c2b43 sp=0x0000003c756fa970 mode 0
Event: 4.622 Thread 0x000002031df25800 Uncommon trap: trap_request=0xffffff45 fr.pc=0x000002030f4c34a4 relative=0x0000000000002c84
Event: 4.622 Thread 0x000002031df25800 Uncommon trap: reason=unstable_if action=reinterpret pc=0x000002030f4c34a4 method=org.aspectj.weaver.World.resolve(Lorg/aspectj/weaver/UnresolvedType;Z)Lorg/aspectj/weaver/ResolvedType; @ 253 c2
Event: 4.622 Thread 0x000002031df25800 DEOPT PACKING pc=0x000002030f4c34a4 sp=0x0000003c756f71c0
Event: 4.622 Thread 0x000002031df25800 DEOPT UNPACKING pc=0x00000203078c23a3 sp=0x0000003c756f71a0 mode 2

Classes loaded (20 events):
Event: 4.705 Loading class java/nio/charset/IllegalCharsetNameException
Event: 4.705 Loading class java/nio/charset/IllegalCharsetNameException done
Event: 4.705 Loading class java/nio/charset/UnsupportedCharsetException
Event: 4.705 Loading class java/nio/charset/UnsupportedCharsetException done
Event: 4.717 Loading class sun/nio/ch/IOVecWrapper
Event: 4.717 Loading class sun/nio/ch/IOVecWrapper done
Event: 4.717 Loading class sun/nio/ch/AllocatedNativeObject
Event: 4.717 Loading class sun/nio/ch/NativeObject
Event: 4.718 Loading class sun/nio/ch/NativeObject done
Event: 4.718 Loading class sun/nio/ch/AllocatedNativeObject done
Event: 4.718 Loading class sun/nio/ch/IOVecWrapper$Deallocator
Event: 4.718 Loading class sun/nio/ch/IOVecWrapper$Deallocator done
Event: 6.500 Loading class java/util/concurrent/ConcurrentLinkedDeque
Event: 6.501 Loading class java/util/concurrent/ConcurrentLinkedDeque done
Event: 6.501 Loading class java/util/concurrent/ConcurrentLinkedDeque$Node
Event: 6.501 Loading class java/util/concurrent/ConcurrentLinkedDeque$Node done
Event: 6.537 Loading class java/util/DualPivotQuicksort
Event: 6.538 Loading class java/util/DualPivotQuicksort done
Event: 6.576 Loading class java/math/MathContext
Event: 6.576 Loading class java/math/MathContext done

Classes unloaded (1 events):
Event: 3.253 Thread 0x0000020379ea04c0 Unloading class 0x0000000800ca0400 'java/lang/invoke/LambdaForm$DMH+0x0000000800ca0400'

Classes redefined (0 events):
No events

Internal exceptions (20 events):
Event: 4.064 Thread 0x0000020379dff680 Exception <a 'java/lang/IncompatibleClassChangeError'{0x00000000f4a68e20}: Found class java.lang.Object, but interface was expected> (0x00000000f4a68e20) 
thrown [s\open\src\hotspot\share\interpreter\linkResolver.cpp, line 833]
Event: 4.065 Thread 0x0000020379dff680 Exception <a 'java/lang/NoSuchMethodError'{0x00000000f4a72728}: 'int java.lang.invoke.DirectMethodHandle$Holder.invokeSpecialIFC(java.lang.Object, java.lang.Object, java.lang.Object, java.lang.Object)'> (0x00000000f4a72728) 
thrown [s\open\src\hotspot\share\interpreter\linkResolver.cpp, line 766]
Event: 4.115 Thread 0x000002031c5f3fd0 Exception <a 'java/lang/NoSuchMethodError'{0x00000000f72b7988}: 'void java.lang.invoke.DirectMethodHandle$Holder.invokeStatic(java.lang.Object, long)'> (0x00000000f72b7988) 
thrown [s\open\src\hotspot\share\interpreter\linkResolver.cpp, line 766]
Event: 4.115 Thread 0x000002031c5f3fd0 Exception <a 'java/lang/NoSuchMethodError'{0x00000000f72bcc38}: 'java.lang.Object java.lang.invoke.DirectMethodHandle$Holder.newInvokeSpecial(java.lang.Object, long)'> (0x00000000f72bcc38) 
thrown [s\open\src\hotspot\share\interpreter\linkResolver.cpp, line 766]
Event: 4.117 Thread 0x000002031c5f3fd0 Exception <a 'java/lang/NoSuchMethodError'{0x00000000f718b308}: 'java.lang.Object java.lang.invoke.DirectMethodHandle$Holder.invokeStatic(java.lang.Object, java.lang.Object, long, java.lang.Object)'> (0x00000000f718b308) 
thrown [s\open\src\hotspot\share\interpreter\linkResolver.cpp, line 766]
Event: 4.117 Thread 0x000002031c5f3fd0 Exception <a 'java/lang/NoSuchMethodError'{0x00000000f718eaf0}: 'java.lang.Object java.lang.invoke.DirectMethodHandle$Holder.invokeStaticInit(java.lang.Object, java.lang.Object, long, java.lang.Object)'> (0x00000000f718eaf0) 
thrown [s\open\src\hotspot\share\interpreter\linkResolver.cpp, line 766]
Event: 4.118 Thread 0x000002031c5f3fd0 Exception <a 'java/lang/NoSuchMethodError'{0x00000000f7194b78}: 'java.lang.Object java.lang.invoke.DirectMethodHandle$Holder.newInvokeSpecial(java.lang.Object, java.lang.Object, long)'> (0x00000000f7194b78) 
thrown [s\open\src\hotspot\share\interpreter\linkResolver.cpp, line 766]
Event: 4.119 Thread 0x000002031c5f1480 Exception <a 'java/net/ConnectException'{0x00000000f716d0c0}: Connection refused: no further information> (0x00000000f716d0c0) 
thrown [s\open\src\hotspot\share\prims\jni.cpp, line 535]
Event: 4.119 Thread 0x000002031c5f1480 Exception <a 'java/net/SocketException'{0x00000000f716d3f8}: Socket is not connected: shutdown> (0x00000000f716d3f8) 
thrown [s\open\src\hotspot\share\prims\jni.cpp, line 535]
Event: 4.138 Thread 0x000002031c5f1480 Exception <a 'java/net/ConnectException'{0x00000000f716ee88}: Connection refused: no further information> (0x00000000f716ee88) 
thrown [s\open\src\hotspot\share\prims\jni.cpp, line 535]
Event: 4.139 Thread 0x000002031c5f1480 Exception <a 'java/net/SocketException'{0x00000000f716f1c0}: Socket is not connected: shutdown> (0x00000000f716f1c0) 
thrown [s\open\src\hotspot\share\prims\jni.cpp, line 535]
Event: 4.199 Thread 0x0000020379dff680 Exception <a 'java/lang/NoSuchMethodError'{0x00000000f6d05d18}: 'double java.lang.invoke.DirectMethodHandle$Holder.invokeVirtual(java.lang.Object, java.lang.Object)'> (0x00000000f6d05d18) 
thrown [s\open\src\hotspot\share\interpreter\linkResolver.cpp, line 766]
Event: 4.200 Thread 0x0000020379dff680 Exception <a 'java/lang/NoSuchMethodError'{0x00000000f6d0c610}: 'float java.lang.invoke.DirectMethodHandle$Holder.invokeVirtual(java.lang.Object, java.lang.Object)'> (0x00000000f6d0c610) 
thrown [s\open\src\hotspot\share\interpreter\linkResolver.cpp, line 766]
Event: 4.200 Thread 0x0000020379dff680 Exception <a 'java/lang/NoSuchMethodError'{0x00000000f6d15890}: 'long java.lang.invoke.DirectMethodHandle$Holder.invokeVirtual(java.lang.Object, java.lang.Object)'> (0x00000000f6d15890) 
thrown [s\open\src\hotspot\share\interpreter\linkResolver.cpp, line 766]
Event: 4.248 Thread 0x0000020379dff680 Exception <a 'java/lang/NoSuchMethodError'{0x00000000f69b3f20}: 'void java.lang.invoke.DirectMethodHandle$Holder.invokeSpecial(java.lang.Object, java.lang.Object, java.lang.Object, java.lang.Object, java.lang.Object)'> (0x00000000f69b3f20) 
thrown [s\open\src\hotspot\share\interpreter\linkResolver.cpp, line 766]
Event: 4.249 Thread 0x0000020379dff680 Exception <a 'java/lang/NoSuchMethodError'{0x00000000f69bad80}: 'void java.lang.invoke.DirectMethodHandle$Holder.invokeStatic(java.lang.Object, java.lang.Object, int)'> (0x00000000f69bad80) 
thrown [s\open\src\hotspot\share\interpreter\linkResolver.cpp, line 766]
Event: 4.285 Thread 0x0000020379dff680 Implicit null exception at 0x000002030f469366 to 0x000002030f469ee4
Event: 4.328 Thread 0x0000020379dff680 Exception <a 'java/lang/NoSuchMethodError'{0x00000000f60c81b8}: 'int java.lang.invoke.DirectMethodHandle$Holder.invokeSpecialIFC(java.lang.Object, java.lang.Object, java.lang.Object)'> (0x00000000f60c81b8) 
thrown [s\open\src\hotspot\share\interpreter\linkResolver.cpp, line 766]
Event: 4.466 Thread 0x0000020379dff680 Exception <a 'java/lang/NoSuchMethodError'{0x00000000f5042bd0}: 'void java.lang.invoke.DirectMethodHandle$Holder.invokeSpecial(java.lang.Object, java.lang.Object, java.lang.Object, java.lang.Object, java.lang.Object, java.lang.Object)'> (0x00000000f5042bd0) 
thrown [s\open\src\hotspot\share\interpreter\linkResolver.cpp, line 766]
Event: 6.578 Thread 0x0000020379dff680 Exception <a 'java/lang/NoSuchMethodError'{0x00000000f5303d28}: 'java.lang.Object java.lang.invoke.DirectMethodHandle$Holder.invokeSpecialIFC(java.lang.Object, java.lang.Object, java.lang.Object)'> (0x00000000f5303d28) 
thrown [s\open\src\hotspot\share\interpreter\linkResolver.cpp, line 766]

VM Operations (20 events):
Event: 3.608 Executing VM operation: HandshakeAllThreads
Event: 3.608 Executing VM operation: HandshakeAllThreads done
Event: 3.631 Executing VM operation: HandshakeAllThreads
Event: 3.631 Executing VM operation: HandshakeAllThreads done
Event: 3.683 Executing VM operation: G1CollectForAllocation
Event: 3.699 Executing VM operation: G1CollectForAllocation done
Event: 3.907 Executing VM operation: HandshakeAllThreads
Event: 3.907 Executing VM operation: HandshakeAllThreads done
Event: 4.070 Executing VM operation: G1CollectForAllocation
Event: 4.082 Executing VM operation: G1CollectForAllocation done
Event: 4.173 Executing VM operation: HandshakeAllThreads
Event: 4.173 Executing VM operation: HandshakeAllThreads done
Event: 4.173 Executing VM operation: HandshakeAllThreads
Event: 4.173 Executing VM operation: HandshakeAllThreads done
Event: 4.175 Executing VM operation: HandshakeAllThreads
Event: 4.175 Executing VM operation: HandshakeAllThreads done
Event: 4.499 Executing VM operation: G1CollectForAllocation
Event: 4.512 Executing VM operation: G1CollectForAllocation done
Event: 5.518 Executing VM operation: Cleanup
Event: 5.519 Executing VM operation: Cleanup done

Events (20 events):
Event: 3.636 Thread 0x000002037d4ad160 flushing nmethod 0x0000020308536510
Event: 3.636 Thread 0x000002037d4ad160 flushing nmethod 0x0000020308536c90
Event: 3.636 Thread 0x000002037d4ad160 flushing nmethod 0x0000020308537010
Event: 3.636 Thread 0x000002037d4ad160 flushing nmethod 0x0000020308538310
Event: 3.636 Thread 0x000002037d4ad160 flushing nmethod 0x0000020308538690
Event: 3.636 Thread 0x000002037d4ad160 flushing nmethod 0x0000020308538b90
Event: 3.636 Thread 0x000002037d4ad160 flushing nmethod 0x0000020308539390
Event: 3.636 Thread 0x000002037d4ad160 flushing nmethod 0x0000020308539d10
Event: 3.636 Thread 0x000002037d4ad160 flushing nmethod 0x000002030853bc10
Event: 3.636 Thread 0x000002037d4ad160 flushing nmethod 0x0000020308546090
Event: 3.636 Thread 0x000002037d4ad160 flushing nmethod 0x0000020308546b10
Event: 3.653 Thread 0x000002031c5f27c0 Thread added: 0x000002031c5f27c0
Event: 4.104 Thread 0x000002031c5f3fd0 Thread added: 0x000002031c5f3fd0
Event: 4.109 Thread 0x000002031c5f22f0 Thread added: 0x000002031c5f22f0
Event: 4.109 Thread 0x000002031c5f3160 Thread added: 0x000002031c5f3160
Event: 4.112 Thread 0x000002031c5f1480 Thread added: 0x000002031c5f1480
Event: 4.120 Thread 0x000002031c5f1950 Thread added: 0x000002031c5f1950
Event: 4.120 Thread 0x000002031c5f3630 Thread added: 0x000002031c5f3630
Event: 4.174 Thread 0x000002031c5f3b00 Thread added: 0x000002031c5f3b00
Event: 4.594 Thread 0x000002031df25800 Thread added: 0x000002031df25800


Dynamic libraries:
0x00007ff7cafb0000 - 0x00007ff7cafbe000 	C:\Users\tasha\.jdks\openjdk-18.0.1.1\bin\java.exe
0x00007fffc26b0000 - 0x00007fffc28a8000 	C:\WINDOWS\SYSTEM32\ntdll.dll
0x00007fffc2520000 - 0x00007fffc25dd000 	C:\WINDOWS\System32\KERNEL32.DLL
0x00007fffc0410000 - 0x00007fffc06de000 	C:\WINDOWS\System32\KERNELBASE.dll
0x00007fffbfe00000 - 0x00007fffbff00000 	C:\WINDOWS\System32\ucrtbase.dll
0x00007fffbb510000 - 0x00007fffbb52a000 	C:\Users\tasha\.jdks\openjdk-18.0.1.1\bin\VCRUNTIME140.dll
0x00007fffbb4a0000 - 0x00007fffbb4b7000 	C:\Users\tasha\.jdks\openjdk-18.0.1.1\bin\jli.dll
0x00007fffc1150000 - 0x00007fffc12f0000 	C:\WINDOWS\System32\USER32.dll
0x00007fffbfdd0000 - 0x00007fffbfdf2000 	C:\WINDOWS\System32\win32u.dll
0x00007fffad600000 - 0x00007fffad89a000 	C:\WINDOWS\WinSxS\amd64_microsoft.windows.common-controls_6595b64144ccf1df_6.0.19041.1110_none_60b5254171f9507e\COMCTL32.dll
0x00007fffc2640000 - 0x00007fffc266a000 	C:\WINDOWS\System32\GDI32.dll
0x00007fffc0b00000 - 0x00007fffc0b9e000 	C:\WINDOWS\System32\msvcrt.dll
0x00007fffc0300000 - 0x00007fffc040b000 	C:\WINDOWS\System32\gdi32full.dll
0x00007fffc0260000 - 0x00007fffc02fd000 	C:\WINDOWS\System32\msvcp_win.dll
0x00007fffc1090000 - 0x00007fffc10c0000 	C:\WINDOWS\System32\IMM32.DLL
0x00007fffbbad0000 - 0x00007fffbbadc000 	C:\Users\tasha\.jdks\openjdk-18.0.1.1\bin\vcruntime140_1.dll
0x00007fffafe90000 - 0x00007fffaff1d000 	C:\Users\tasha\.jdks\openjdk-18.0.1.1\bin\msvcp140.dll
0x00007fff79a10000 - 0x00007fff7a620000 	C:\Users\tasha\.jdks\openjdk-18.0.1.1\bin\server\jvm.dll
0x00007fffc0ba0000 - 0x00007fffc0c4e000 	C:\WINDOWS\System32\ADVAPI32.dll
0x00007fffc0d00000 - 0x00007fffc0d9c000 	C:\WINDOWS\System32\sechost.dll
0x00007fffc23f0000 - 0x00007fffc2515000 	C:\WINDOWS\System32\RPCRT4.dll
0x00007fffc10c0000 - 0x00007fffc10c8000 	C:\WINDOWS\System32\PSAPI.DLL
0x00007fffbbac0000 - 0x00007fffbbac9000 	C:\WINDOWS\SYSTEM32\WSOCK32.dll
0x00007fffb2910000 - 0x00007fffb2937000 	C:\WINDOWS\SYSTEM32\WINMM.dll
0x00007fffbb3c0000 - 0x00007fffbb3ca000 	C:\WINDOWS\SYSTEM32\VERSION.dll
0x00007fffc10e0000 - 0x00007fffc114b000 	C:\WINDOWS\System32\WS2_32.dll
0x00007fffbdcc0000 - 0x00007fffbdcd2000 	C:\WINDOWS\SYSTEM32\kernel.appcore.dll
0x00007fffbb540000 - 0x00007fffbb54a000 	C:\Users\tasha\.jdks\openjdk-18.0.1.1\bin\jimage.dll
0x00007fffa8e10000 - 0x00007fffa8ff4000 	C:\WINDOWS\SYSTEM32\DBGHELP.DLL
0x00007fffa8d00000 - 0x00007fffa8d2c000 	C:\WINDOWS\SYSTEM32\dbgcore.DLL
0x00007fffbff00000 - 0x00007fffbff82000 	C:\WINDOWS\System32\bcryptPrimitives.dll
0x00007fffbb0c0000 - 0x00007fffbb0ce000 	C:\Users\tasha\.jdks\openjdk-18.0.1.1\bin\instrument.dll
0x00007fffbb280000 - 0x00007fffbb2a5000 	C:\Users\tasha\.jdks\openjdk-18.0.1.1\bin\java.dll
0x00007fffafd70000 - 0x00007fffafe46000 	C:\Users\tasha\.jdks\openjdk-18.0.1.1\bin\jsvml.dll
0x00007fffc1bc0000 - 0x00007fffc2303000 	C:\WINDOWS\System32\SHELL32.dll
0x00007fffbdec0000 - 0x00007fffbe655000 	C:\WINDOWS\SYSTEM32\windows.storage.dll
0x00007fffc07a0000 - 0x00007fffc0af4000 	C:\WINDOWS\System32\combase.dll
0x00007fffbf7c0000 - 0x00007fffbf7f0000 	C:\WINDOWS\SYSTEM32\Wldp.dll
0x00007fffc0c50000 - 0x00007fffc0cfd000 	C:\WINDOWS\System32\SHCORE.dll
0x00007fffc1b60000 - 0x00007fffc1bb5000 	C:\WINDOWS\System32\shlwapi.dll
0x00007fffbfd10000 - 0x00007fffbfd2f000 	C:\WINDOWS\SYSTEM32\profapi.dll
0x00007fffbab40000 - 0x00007fffbab58000 	C:\Users\tasha\.jdks\openjdk-18.0.1.1\bin\zip.dll
0x00007fffbb150000 - 0x00007fffbb163000 	C:\Users\tasha\.jdks\openjdk-18.0.1.1\bin\net.dll
0x00007fffb0b10000 - 0x00007fffb0c1a000 	C:\WINDOWS\SYSTEM32\WINHTTP.dll
0x00007fffbf520000 - 0x00007fffbf58a000 	C:\WINDOWS\system32\mswsock.dll
0x00007fffbac70000 - 0x00007fffbac86000 	C:\Users\tasha\.jdks\openjdk-18.0.1.1\bin\nio.dll
0x00007fffb1240000 - 0x00007fffb125a000 	C:\Program Files\JetBrains\IntelliJ IDEA Community Edition 2021.3.3\bin\breakgen64.dll
0x00007fffbb270000 - 0x00007fffbb280000 	C:\Users\tasha\.jdks\openjdk-18.0.1.1\bin\verify.dll
0x00007fffbf710000 - 0x00007fffbf728000 	C:\WINDOWS\SYSTEM32\CRYPTSP.dll
0x00007fffbee40000 - 0x00007fffbee74000 	C:\WINDOWS\system32\rsaenh.dll
0x00007fffc06e0000 - 0x00007fffc0707000 	C:\WINDOWS\System32\bcrypt.dll
0x00007fffbfcd0000 - 0x00007fffbfcfe000 	C:\WINDOWS\SYSTEM32\USERENV.dll
0x00007fffbf730000 - 0x00007fffbf73c000 	C:\WINDOWS\SYSTEM32\CRYPTBASE.dll
0x00007fffbf1b0000 - 0x00007fffbf1eb000 	C:\WINDOWS\SYSTEM32\IPHLPAPI.DLL
0x00007fffc0e70000 - 0x00007fffc0e78000 	C:\WINDOWS\System32\NSI.dll
0x00007fffb35b0000 - 0x00007fffb35c7000 	C:\WINDOWS\SYSTEM32\dhcpcsvc6.DLL
0x00007fffb34b0000 - 0x00007fffb34cd000 	C:\WINDOWS\SYSTEM32\dhcpcsvc.DLL
0x00007fffbf240000 - 0x00007fffbf30a000 	C:\WINDOWS\SYSTEM32\DNSAPI.dll
0x00007fffb4740000 - 0x00007fffb474e000 	C:\Users\tasha\.jdks\openjdk-18.0.1.1\bin\sunmscapi.dll
0x00007fffc0100000 - 0x00007fffc0256000 	C:\WINDOWS\System32\CRYPT32.dll
0x00007fffbf8a0000 - 0x00007fffbf8c7000 	C:\WINDOWS\SYSTEM32\ncrypt.dll
0x00007fffbf860000 - 0x00007fffbf89b000 	C:\WINDOWS\SYSTEM32\NTASN1.dll
0x00007fffaf780000 - 0x00007fffaf78a000 	C:\Windows\System32\rasadhlp.dll
0x00007fffb0880000 - 0x00007fffb0900000 	C:\WINDOWS\System32\fwpuclnt.dll
0x00007fffb4780000 - 0x00007fffb4789000 	C:\Users\tasha\.jdks\openjdk-18.0.1.1\bin\management.dll
0x00007fffb4770000 - 0x00007fffb477b000 	C:\Users\tasha\.jdks\openjdk-18.0.1.1\bin\management_ext.dll
0x00007fff7a710000 - 0x00007fff7a727000 	C:\WINDOWS\system32\napinsp.dll
0x00007fff7a6f0000 - 0x00007fff7a70b000 	C:\WINDOWS\system32\pnrpnsp.dll
0x00007fff9aa40000 - 0x00007fff9aa55000 	C:\WINDOWS\system32\wshbth.dll
0x00007fffbb020000 - 0x00007fffbb03d000 	C:\WINDOWS\system32\NLAapi.dll
0x00007fff7a6d0000 - 0x00007fff7a6e2000 	C:\WINDOWS\System32\winrnr.dll

dbghelp: loaded successfully - version: 4.0.5 - missing functions: none
symbol engine: initialized successfully - sym options: 0x614 - pdb path: .;C:\Users\tasha\.jdks\openjdk-18.0.1.1\bin;C:\WINDOWS\SYSTEM32;C:\WINDOWS\WinSxS\amd64_microsoft.windows.common-controls_6595b64144ccf1df_6.0.19041.1110_none_60b5254171f9507e;C:\Users\tasha\.jdks\openjdk-18.0.1.1\bin\server;C:\Program Files\JetBrains\IntelliJ IDEA Community Edition 2021.3.3\bin

VM Arguments:
jvm_args: -ea -javaagent:C:\Users\tasha\.m2\repository/org/aspectj/aspectjweaver/1.9.9.1/aspectjweaver-1.9.9.1.jar -Xmx256m -Didea.test.cyclic.buffer.size=1048576 -javaagent:C:\Program Files\JetBrains\IntelliJ IDEA Community Edition 2021.3.3\lib\idea_rt.jar=54933:C:\Program Files\JetBrains\IntelliJ IDEA Community Edition 2021.3.3\bin -Dfile.encoding=UTF-8 
java_command: com.intellij.rt.testng.RemoteTestNGStarter -usedefaultlisteners false -socket54932 @w@C:\Users\tasha\AppData\Local\Temp\idea_working_dirs_testng.tmp -temp C:\Users\tasha\AppData\Local\Temp\idea_testng.tmp
java_class_path (initial): C:\Program Files\JetBrains\IntelliJ IDEA Community Edition 2021.3.3\lib\idea_rt.jar;C:\Program Files\JetBrains\IntelliJ IDEA Community Edition 2021.3.3\plugins\testng\lib\testng-rt.jar;C:\Users\tasha\IdeaProjects\SalesForce\target\test-classes;C:\Users\tasha\.m2\repository\io\qameta\allure\allure-testng\2.19.0\allure-testng-2.19.0.jar;C:\Users\tasha\.m2\repository\io\qameta\allure\allure-java-commons\2.19.0\allure-java-commons-2.19.0.jar;C:\Users\tasha\.m2\repository\io\qameta\allure\allure-model\2.19.0\allure-model-2.19.0.jar;C:\Users\tasha\.m2\repository\io\qameta\allure\allure-test-filter\2.19.0\allure-test-filter-2.19.0.jar;C:\Users\tasha\.m2\repository\org\aspectj\aspectjweaver\1.9.9.1\aspectjweaver-1.9.9.1.jar;C:\Users\tasha\.m2\repository\org\testng\testng\7.6.1\testng-7.6.1.jar;C:\Users\tasha\.m2\repository\com\google\code\findbugs\jsr305\3.0.2\jsr305-3.0.2.jar;C:\Users\tasha\.m2\repository\org\slf4j\slf4j-api\1.7.36\slf4j-api-1.7.36.jar;C:\Users\tasha\.m2\repository\com\beust\jcommander\1.82\jcommander-1.82.jar;C:\Users\tasha\.m2\repository\org\webjars\jquery\3.6.0\jquery-3.6.0.jar;C:\Users\tasha\.m2\repository\org\seleniumhq\selenium\selenium-java\4.4.0\selenium-java-4.4.0.jar;C:\Users\tasha\.m2\repository\org\seleniumhq\selenium\selenium-api\4.4.0\selenium-api-4.4.0.jar;C:\Users\tasha\.m2\repository\org\seleniumhq\selenium\selenium-chrome-driver\4.4.0\selenium-chrome-driver-4.4.0.jar;C:\Users\tasha\.m2\repository\com\google\auto\service\auto-service-annotations\1.0.1\auto-service-annotations-1.0.1.jar;C:\Users\tasha\.m2\repository\com\google\auto\service\auto-service\1.0.1\auto-service-1.0.1.jar;C:\Users\tasha\.m2\repository\com\google\auto\auto-common\1.2\auto-common-1.2.jar;C:\Users\tasha\.m2\repository\com\google\guava\guava\31.1-jre\guava-31.1-jre.jar;C:\Users\tasha\.m2\repository\com\google\guava\failureaccess\1.0.1\failureaccess-1.0.1.jar;C:\Users\tasha\.m2\repository\com\google\guava\listenablefuture\9999.0-empty-to-avoid-conflict-with-guava\listenablefuture-9999.0-empty-to-avoid-conflict-with-guava.jar;C:\Users\tasha\.m2\repository\org\checkerframework\checker-qual\3.12.0\checker-qual-3.12.0.jar;C:\Users\tasha\.m2\repository\com\google\errorprone\error_prone_annotations\2.11.0\error_prone_annotations-2.11.0.jar;C:\Users\tasha\.m2\repository\com\google\j2objc\j2objc-annotations\1.3\j2objc-annotations-1.3.jar;C:\Users\tasha\.m2\repository\org\seleniumhq\selenium\selenium-chromium-driver\4.4.0\selenium-chromium-driver-4.4.0.jar;C:\Users\tasha\.m2\repository\org\seleniumhq\selenium\selenium-json\4.4.0\selenium-json-4.4.0.jar;C:\Users\tasha\.m2\repository\org\seleniumhq\selenium\selenium-devtools-v102\4.4.0\selenium-devtools-v102-4.4.0.jar;C:\Users\tasha\.m2\repository\org\seleniumhq\selenium\selenium-devtools-v103\4.4.0\selenium-devtools-v103-4.4.0.jar;C:\Users\tasha\.m2\repository\org\seleniumhq\selenium\selenium-devtools-v104\4.4.0\selenium-devtools-v104-4.4.0.jar;C:\Users\tasha\.m2\repository\org\seleniumhq\selenium\selenium-devtools-v85\4.4.0\selenium-devtools-v85-4.4.0.jar;C:\Users\tasha\.m2\repository\org\seleniumhq\selenium\selenium-edge-driver\4.4.0\selenium-edge-driver-4.4.0.jar;C:\Users\tasha\.m2\repository\org\seleniumhq\selenium\selenium-firefox-driver\4.4.0\selenium-firefox-driver-4.4.0.jar;C:\Users\tasha\.m2\repository\org\seleniumhq\selenium\selenium-ie-driver\4.4.0\selenium-ie-driver-4.4.0.jar;C:\Users\tasha\.m2\repository\org\seleniumhq\selenium\selenium-opera-driver\4.4.0\selenium-opera-driver-4.4.0.jar;C:\Users\tasha\.m2\repository\org\seleniumhq\selenium\selenium-remote-driver\4.4.0\selenium-remote-driver-4.4.0.jar;C:\Users\tasha\.m2\repository\io\netty\netty-buffer\4.1.78.Final\netty-buffer-4.1.78.Final.jar;C:\Users\tasha\.m2\repository\io\netty\netty-codec-http\4.1.78.Final\netty-codec-http-4.1.78.Final.jar;C:\Users\tasha\.m2\repository\io\netty\netty-codec\4.1.78.Final\netty-codec-4.1.78.Final.jar;C:\Users\tasha\.m2\repository\io\netty\netty-handler\4.1.78.Final\netty-handler-4.1.78.Final.jar;C:\Users\tasha\.m2\repository\io\netty\netty-common\4.1.78.Final\netty-common-4.1.78.Final.jar;C:\Users\tasha\.m2\repository\io\netty\netty-transport-classes-epoll\4.1.78.Final\netty-transport-classes-epoll-4.1.78.Final.jar;C:\Users\tasha\.m2\repository\io\netty\netty-transport-classes-kqueue\4.1.78.Final\netty-transport-classes-kqueue-4.1.78.Final.jar;C:\Users\tasha\.m2\repository\io\netty\netty-transport-native-epoll\4.1.78.Final\netty-transport-native-epoll-4.1.78.Final.jar;C:\Users\tasha\.m2\repository\io\netty\netty-transport-native-kqueue\4.1.78.Final\netty-transport-native-kqueue-4.1.78.Final.jar;C:\Users\tasha\.m2\repository\io\netty\netty-transport-native-unix-common\4.1.78.Final\netty-transport-native-unix-common-4.1.78.Final.jar;C:\Users\tasha\.m2\repository\io\netty\netty-transport\4.1.78.Final\netty-transport-4.1.78.Final.jar;C:\Users\tasha\.m2\repository\io\netty\netty-resolver\4.1.78.Final\netty-resolver-4.1.78.Final.jar;C:\Users\tasha\.m2\repository\io\opentelemetry\opentelemetry-api\1.16.0\opentelemetry-api-1.16.0.jar;C:\Users\tasha\.m2\repository\io\opentelemetry\opentelemetry-context\1.16.0\opentelemetry-context-1.16.0.jar;C:\Users\tasha\.m2\repository\io\opentelemetry\opentelemetry-exporter-logging\1.16.0\opentelemetry-exporter-logging-1.16.0.jar;C:\Users\tasha\.m2\repository\io\opentelemetry\opentelemetry-sdk-metrics\1.16.0\opentelemetry-sdk-metrics-1.16.0.jar;C:\Users\tasha\.m2\repository\io\opentelemetry\opentelemetry-sdk-logs\1.16.0-alpha\opentelemetry-sdk-logs-1.16.0-alpha.jar;C:\Users\tasha\.m2\repository\io\opentelemetry\opentelemetry-sdk-common\1.16.0\opentelemetry-sdk-common-1.16.0.jar;C:\Users\tasha\.m2\repository\io\opentelemetry\opentelemetry-sdk-extension-autoconfigure-spi\1.16.0\opentelemetry-sdk-extension-autoconfigure-spi-1.16.0.jar;C:\Users\tasha\.m2\repository\io\opentelemetry\opentelemetry-sdk-extension-autoconfigure\1.16.0-alpha\opentelemetry-sdk-extension-autoconfigure-1.16.0-alpha.jar;C:\Users\tasha\.m2\repository\io\opentelemetry\opentelemetry-sdk-trace\1.16.0\opentelemetry-sdk-trace-1.16.0.jar;C:\Users\tasha\.m2\repository\io\opentelemetry\opentelemetry-sdk\1.16.0\opentelemetry-sdk-1.16.0.jar;C:\Users\tasha\.m2\repository\io\opentelemetry\opentelemetry-semconv\1.16.0-alpha\opentelemetry-semconv-1.16.0-alpha.jar;C:\Users\tasha\.m2\repository\io\ous\jtoml\2.0.0\jtoml-2.0.0.jar;C:\Users\tasha\.m2\repository\net\bytebuddy\byte-buddy\1.12.10\byte-buddy-1.12.10.jar;C:\Users\tasha\.m2\repository\org\apache\commons\commons-exec\1.3\commons-exec-1.3.jar;C:\Users\tasha\.m2\repository\org\asynchttpclient\async-http-client\2.12.3\async-http-client-2.12.3.jar;C:\Users\tasha\.m2\repository\org\asynchttpclient\async-http-client-netty-utils\2.12.3\async-http-client-netty-utils-2.12.3.jar;C:\Users\tasha\.m2\repository\io\netty\netty-codec-socks\4.1.60.Final\netty-codec-socks-4.1.60.Final.jar;C:\Users\tasha\.m2\repository\io\netty\netty-handler-proxy\4.1.60.Final\netty-handler-proxy-4.1.60.Final.jar;C:\Users\tasha\.m2\repository\io\netty\netty-transport-native-epoll\4.1.60.Final\netty-transport-native-epoll-4.1.60.Final-linux-x86_64.jar;C:\Users\tasha\.m2\repository\io\netty\netty-transport-native-kqueue\4.1.60.Final\netty-transport-native-kqueue-4.1.60.Final-osx-x86_64.jar;C:\Users\tasha\.m2\repository\org\reactivestreams\reactive-streams\1.0.3\reactive-streams-1.0.3.jar;C:\Users\tasha\.m2\repository\com\typesafe\netty\netty-reactive-streams\2.0.4\netty-reactive-streams-2.0.4.jar;C:\Users\tasha\.m2\repository\com\sun\activation\jakarta.activation\1.2.2\jakarta.activation-1.2.2.jar;C:\Users\tasha\.m2\repository\org\seleniumhq\selenium\selenium-http\4.4.0\selenium-http-4.4.0.jar;C:\Users\tasha\.m2\repository\dev\failsafe\failsafe\3.2.4\failsafe-3.2.4.jar;C:\Users\tasha\.m2\repository\org\seleniumhq\selenium\selenium-safari-driver\4.4.0\selenium-safari-driver-4.4.0.jar;C:\Users\tasha\.m2\repository\org\seleniumhq\selenium\selenium-support\4.4.0\selenium-support-4.4.0.jar;C:\Users\tasha\.m2\repository\io\github\bonigarcia\webdrivermanager\5.3.0\webdrivermanager-5.3.0.jar;C:\Users\tasha\.m2\repository\com\google\code\gson\gson\2.9.1\gson-2.9.1.jar;C:\Users\tasha\.m2\repository\com\github\docker-java\docker-java\3.2.13\docker-java-3.2.13.jar;C:\Users\tasha\.m2\repository\com\github\docker-java\docker-java-core\3.2.13\docker-java-core-3.2.13.jar;C:\Users\tasha\.m2\repository\com\github\docker-java\docker-java-api\3.2.13\docker-java-api-3.2.13.jar;C:\Users\tasha\.m2\repository\com\fasterxml\jackson\core\jackson-annotations\2.10.3\jackson-annotations-2.10.3.jar;C:\Users\tasha\.m2\repository\commons-io\commons-io\2.6\commons-io-2.6.jar;C:\Users\tasha\.m2\repository\org\apache\commons\commons-compress\1.21\commons-compress-1.21.jar;C:\Users\tasha\.m2\repository\com\fasterxml\jackson\core\jackson-databind\2.10.3\jackson-databind-2.10.3.jar;C:\Users\tasha\.m2\repository\com\fasterxml\jackson\core\jackson-core\2.10.3\jackson-core-2.10.3.jar;C:\Users\tasha\.m2\repository\org\bouncycastle\bcpkix-jdk15on\1.64\bcpkix-jdk15on-1.64.jar;C:\Users\tasha\.m2\repository\org\bouncycastle\bcprov-jdk15on\1.64\bcprov-jdk15on-1.64.jar;C:\Users\tasha\.m2\repository\org\slf4j\jcl-over-slf4j\1.7.30\jcl-over-slf4j-1.7.30.jar;C:\Users\tasha\.m2\repository\com\github\docker-java\docker-java-transport-httpclient5\3.2.13\docker-java-transport-httpclient5-3.2.13.jar;C:\Users\tasha\.m2\repository\com\github\docker-java\docker-java-transport\3.2.13\docker-java-transport-3.2.13.jar;C:\Users\tasha\.m2\repository\net\java\dev\jna\jna\5.8.0\jna-5.8.0.jar;C:\Users\tasha\.m2\repository\org\brotli\dec\0.1.2\dec-0.1.2.jar;C:\Users\tasha\.m2\repository\org\apache\commons\commons-lang3\3.12.0\commons-lang3-3.12.0.jar;C:\Users\tasha\.m2\repository\org\apache\httpcomponents\client5\httpclient5\5.1.3\httpclient5-5.1.3.jar;C:\Users\tasha\.m2\repository\org\apache\httpcomponents\core5\httpcore5\5.1.3\httpcore5-5.1.3.jar;C:\Users\tasha\.m2\repository\org\apache\httpcomponents\core5\httpcore5-h2\5.1.3\httpcore5-h2-5.1.3.jar;C:\Users\tasha\.m2\repository\commons-codec\commons-codec\1.15\commons-codec-1.15.jar
Launcher Type: SUN_STANDARD

[Global flags]
     intx CICompilerCount                          = 4                                         {product} {ergonomic}
     uint ConcGCThreads                            = 2                                         {product} {ergonomic}
     uint G1ConcRefinementThreads                  = 8                                         {product} {ergonomic}
   size_t G1HeapRegionSize                         = 1048576                                   {product} {ergonomic}
    uintx GCDrainStackTargetSize                   = 64                                        {product} {ergonomic}
   size_t InitialHeapSize                          = 134217728                                 {product} {ergonomic}
   size_t MarkStackSize                            = 4194304                                   {product} {ergonomic}
   size_t MaxHeapSize                              = 268435456                                 {product} {command line}
   size_t MaxNewSize                               = 160432128                                 {product} {ergonomic}
   size_t MinHeapDeltaBytes                        = 1048576                                   {product} {ergonomic}
   size_t MinHeapSize                              = 8388608                                   {product} {ergonomic}
    uintx NonNMethodCodeHeapSize                   = 5839372                                {pd product} {ergonomic}
    uintx NonProfiledCodeHeapSize                  = 122909434                              {pd product} {ergonomic}
    uintx ProfiledCodeHeapSize                     = 122909434                              {pd product} {ergonomic}
    uintx ReservedCodeCacheSize                    = 251658240                              {pd product} {ergonomic}
     bool SegmentedCodeCache                       = true                                      {product} {ergonomic}
   size_t SoftMaxHeapSize                          = 268435456                              {manageable} {ergonomic}
     bool UseCompressedClassPointers               = true                           {product lp64_product} {ergonomic}
     bool UseCompressedOops                        = true                           {product lp64_product} {ergonomic}
     bool UseG1GC                                  = true                                      {product} {ergonomic}
     bool UseLargePagesIndividualAllocation        = false                                  {pd product} {ergonomic}

Logging:
Log output configuration:
 #0: stdout all=warning uptime,level,tags foldmultilines=false
 #1: stderr all=off uptime,level,tags foldmultilines=false

Environment Variables:
JAVA_HOME=C:\Program Files\Java\jdk-17.0.3.1
PATH=C:\Program Files\Common Files\Oracle\Java\javapath;C:\WINDOWS\system32;C:\WINDOWS;C:\WINDOWS\System32\Wbem;C:\WINDOWS\System32\WindowsPowerShell\v1.0\;C:\WINDOWS\System32\OpenSSH\;C:\Program Files\Git\cmd;C:\Program Files (x86)\apache-maven-3.8.6-bin\bin;C:\Users\tasha\AppData\Local\Microsoft\WindowsApps;
USERNAME=tasha
OS=Windows_NT
PROCESSOR_IDENTIFIER=Intel64 Family 6 Model 142 Stepping 10, GenuineIntel



---------------  S Y S T E M  ---------------

OS:
 Windows 10 , 64 bit Build 19041 (10.0.19041.1889)
OS uptime: 0 days 4:53 hours

CPU: total 8 (initial active 8) (4 cores per cpu, 2 threads per core) family 6 model 142 stepping 10 microcode 0xb4, cx8, cmov, fxsr, ht, mmx, 3dnowpref, sse, sse2, sse3, ssse3, sse4.1, sse4.2, popcnt, lzcnt, tsc, tscinvbit, avx, avx2, aes, erms, clmul, bmi1, bmi2, adx, fma, vzeroupper, clflush, clflushopt

Memory: 4k page, system-wide physical 8101M (582M free)
TotalPageFile size 10149M (AvailPageFile size 4M)
current process WorkingSet (physical memory assigned to process): 243M, peak: 271M
current process commit charge ("private bytes"): 286M, peak: 314M

vm_info: OpenJDK 64-Bit Server VM (18.0.1.1+2-6) for windows-amd64 JRE (18.0.1.1+2-6), built on Apr 25 2022 21:50:56 by "mach5one" with MS VC++ 16.8 / 16.9 (VS2019)

END.
