#
# There is insufficient memory for the Java Runtime Environment to continue.
# Native memory allocation (mmap) failed to map 134217728 bytes for G1 virtual space
# Possible reasons:
#   The system is out of physical RAM or swap space
#   The process is running with CompressedOops enabled, and the Java Heap may be blocking the growth of the native heap
# Possible solutions:
#   Reduce memory load on the system
#   Increase physical memory or swap space
#   Check if swap backing store is full
#   Decrease Java heap size (-Xmx/-Xms)
#   Decrease number of Java threads
#   Decrease Java thread stack sizes (-Xss)
#   Set larger code cache with -XX:ReservedCodeCacheSize=
#   JVM is running with Unscaled Compressed Oops mode in which the Java heap is
#     placed in the first 4GB address space. The Java Heap base address is the
#     maximum limit for the native heap growth. Please use -XX:HeapBaseMinAddress
#     to set the Java Heap base and to place the Java Heap above 4GB virtual address.
# This output file may be truncated or incomplete.
#
#  Out of Memory Error (os_windows.cpp:3530), pid=4532, tid=11436
#
# JRE version:  (18.0.1.1+2) (build )
# Java VM: OpenJDK 64-Bit Server VM (18.0.1.1+2-6, mixed mode, sharing, tiered, compressed oops, compressed class ptrs, g1 gc, windows-amd64)
# No core dump will be written. Minidumps are not enabled by default on client versions of Windows
#

---------------  S U M M A R Y ------------

Command Line: -javaagent:C:\Users\tasha\.m2\repository/org/aspectj/aspectjweaver/1.9.9.1/aspectjweaver-1.9.9.1.jar -Xmx256m C:\Users\tasha\AppData\Local\Temp\surefire5870509867544582771\surefirebooter8606961572675899399.jar C:\Users\tasha\AppData\Local\Temp\surefire5870509867544582771 2022-09-20T00-44-33_337-jvmRun1 surefire7101059966692815797tmp surefire_018364621887147341440tmp

Host: Intel(R) Core(TM) i5-8250U CPU @ 1.60GHz, 8 cores, 7G,  Windows 10 , 64 bit Build 19041 (10.0.19041.1889)
Time: Tue Sep 20 00:44:34 2022 RTZ 2 (s 10 , 64 bit Build 19041 (10.0.19041.1889) elapsed time: 0.069209 seconds (0d 0h 0m 0s)

---------------  T H R E A D  ---------------

Current thread (0x000001637f72eaa0):  JavaThread "Unknown thread" [_thread_in_vm, id=11436, stack(0x00000041b3d00000,0x00000041b3e00000)]

Stack: [0x00000041b3d00000,0x00000041b3e00000]
Native frames: (J=compiled Java code, j=interpreted, Vv=VM code, C=native code)
V  [jvm.dll+0x69887a]
V  [jvm.dll+0x7f38bd]
V  [jvm.dll+0x7f51ce]
V  [jvm.dll+0x7f5883]
V  [jvm.dll+0x25ca3f]
V  [jvm.dll+0x6957c9]
V  [jvm.dll+0x68a2fa]
V  [jvm.dll+0x321efb]
V  [jvm.dll+0x3298d6]
V  [jvm.dll+0x37e47e]
V  [jvm.dll+0x37e6af]
V  [jvm.dll+0x2f9c7a]
V  [jvm.dll+0x2facdd]
V  [jvm.dll+0x7c24f0]
V  [jvm.dll+0x38b801]
V  [jvm.dll+0x7a1203]
V  [jvm.dll+0x40d6bf]
V  [jvm.dll+0x40f091]
C  [jli.dll+0x526b]
C  [ucrtbase.dll+0x21bb2]
C  [KERNEL32.DLL+0x17034]
C  [ntdll.dll+0x526a1]


---------------  P R O C E S S  ---------------

Threads class SMR info:
_java_thread_list=0x00007fff8550d550, length=0, elements={
}

Java Threads: ( => current thread )

Other Threads:
  0x000001637f758dc0 WorkerThread "GC Thread#0" [stack: 0x00000041b3e00000,0x00000041b3f00000] [id=9904]
  0x000001637f75bcf0 ConcurrentGCThread "G1 Main Marker" [stack: 0x00000041b3f00000,0x00000041b4000000] [id=9300]
  0x000001637f75e700 WorkerThread "G1 Conc#0" [stack: 0x00000041b4000000,0x00000041b4100000] [id=12172]

[error occurred during error reporting (printing all threads), id 0xc0000005, EXCEPTION_ACCESS_VIOLATION (0xc0000005) at pc=0x00007fff84d3a217]

VM state: not at safepoint (not fully initialized)

VM Mutex/Monitor currently owned by a thread:  ([mutex/lock_event])
[0x000001637f72a540] Heap_lock - owner thread: 0x000001637f72eaa0

Heap address: 0x00000000f0000000, size: 256 MB, Compressed Oops mode: 32-bit

CDS archive(s) mapped at: [0x0000000000000000-0x0000000000000000-0x0000000000000000), size 0, SharedBaseAddress: 0x0000000800000000, ArchiveRelocationMode: 0.
Narrow klass base: 0x0000000000000000, Narrow klass shift: 0, Narrow klass range: 0x0

GC Precious Log:
 CardTable entry size: 512
 Card Set container configuration: InlinePtr #cards 5 size 8 Array Of Cards #cards 12 size 40 Howl #buckets 4 coarsen threshold 1843 Howl Bitmap #cards 512 size 80 coarsen threshold 460 Card regions per heap region 1 cards per card region 2048

Heap:
 garbage-first heap   total 0K, used 0K [0x00000000f0000000, 0x0000000100000000)
  region size 1024K, 0 young (0K), 0 survivors (0K)

[error occurred during error reporting (printing heap information), id 0xc0000005, EXCEPTION_ACCESS_VIOLATION (0xc0000005) at pc=0x00007fff85120cb9]

GC Heap History (0 events):
No events

Deoptimization events (0 events):
No events

Classes loaded (0 events):
No events

Classes unloaded (0 events):
No events

Classes redefined (0 events):
No events

Internal exceptions (0 events):
No events

VM Operations (0 events):
No events

Events (1 events):
Event: 0.006 Loaded shared library C:\Users\tasha\.jdks\openjdk-18.0.1.1\bin\java.dll


Dynamic libraries:
0x00007ff72e830000 - 0x00007ff72e83e000 	C:\Users\tasha\.jdks\openjdk-18.0.1.1\bin\java.exe
0x00007fffe01d0000 - 0x00007fffe03c8000 	C:\WINDOWS\SYSTEM32\ntdll.dll
0x00007fffdf0d0000 - 0x00007fffdf18d000 	C:\WINDOWS\System32\KERNEL32.DLL
0x00007fffddd10000 - 0x00007fffddfde000 	C:\WINDOWS\System32\KERNELBASE.dll
0x00007fffddfe0000 - 0x00007fffde0e0000 	C:\WINDOWS\System32\ucrtbase.dll
0x00007fffd8fc0000 - 0x00007fffd8fd7000 	C:\Users\tasha\.jdks\openjdk-18.0.1.1\bin\jli.dll
0x00007fffd8fe0000 - 0x00007fffd8ffa000 	C:\Users\tasha\.jdks\openjdk-18.0.1.1\bin\VCRUNTIME140.dll
0x00007fffdff10000 - 0x00007fffe00b0000 	C:\WINDOWS\System32\USER32.dll
0x00007fffdd8f0000 - 0x00007fffdd912000 	C:\WINDOWS\System32\win32u.dll
0x00007fffdcdf0000 - 0x00007fffdd08a000 	C:\WINDOWS\WinSxS\amd64_microsoft.windows.common-controls_6595b64144ccf1df_6.0.19041.1110_none_60b5254171f9507e\COMCTL32.dll
0x00007fffdf4d0000 - 0x00007fffdf4fa000 	C:\WINDOWS\System32\GDI32.dll
0x00007fffdea50000 - 0x00007fffdeaee000 	C:\WINDOWS\System32\msvcrt.dll
0x00007fffdd990000 - 0x00007fffdda9b000 	C:\WINDOWS\System32\gdi32full.dll
0x00007fffde0e0000 - 0x00007fffde17d000 	C:\WINDOWS\System32\msvcp_win.dll
0x00007fffdf380000 - 0x00007fffdf3b0000 	C:\WINDOWS\System32\IMM32.DLL
0x00007fffd8f70000 - 0x00007fffd8f7c000 	C:\Users\tasha\.jdks\openjdk-18.0.1.1\bin\vcruntime140_1.dll
0x00007fffd8ee0000 - 0x00007fffd8f6d000 	C:\Users\tasha\.jdks\openjdk-18.0.1.1\bin\msvcp140.dll
0x00007fff84a30000 - 0x00007fff85640000 	C:\Users\tasha\.jdks\openjdk-18.0.1.1\bin\server\jvm.dll
0x00007fffdf020000 - 0x00007fffdf0ce000 	C:\WINDOWS\System32\ADVAPI32.dll
0x00007fffdf210000 - 0x00007fffdf2ac000 	C:\WINDOWS\System32\sechost.dll
0x00007fffdfbc0000 - 0x00007fffdfce5000 	C:\WINDOWS\System32\RPCRT4.dll
0x00007fffdfa20000 - 0x00007fffdfa28000 	C:\WINDOWS\System32\PSAPI.DLL
0x00007fffd0fb0000 - 0x00007fffd0fb9000 	C:\WINDOWS\SYSTEM32\WSOCK32.dll
0x00007fffce470000 - 0x00007fffce497000 	C:\WINDOWS\SYSTEM32\WINMM.dll
0x00007fffd8230000 - 0x00007fffd823a000 	C:\WINDOWS\SYSTEM32\VERSION.dll
0x00007fffdf310000 - 0x00007fffdf37b000 	C:\WINDOWS\System32\WS2_32.dll
0x00007fffdb190000 - 0x00007fffdb1a2000 	C:\WINDOWS\SYSTEM32\kernel.appcore.dll
0x00007fffd8ed0000 - 0x00007fffd8eda000 	C:\Users\tasha\.jdks\openjdk-18.0.1.1\bin\jimage.dll
0x00007fffdd320000 - 0x00007fffdd504000 	C:\WINDOWS\SYSTEM32\DBGHELP.DLL
0x00007fffdd270000 - 0x00007fffdd29c000 	C:\WINDOWS\SYSTEM32\dbgcore.DLL
0x00007fffddaa0000 - 0x00007fffddb22000 	C:\WINDOWS\System32\bcryptPrimitives.dll
0x00007fffd8ec0000 - 0x00007fffd8ece000 	C:\Users\tasha\.jdks\openjdk-18.0.1.1\bin\instrument.dll
0x00007fffd8930000 - 0x00007fffd8955000 	C:\Users\tasha\.jdks\openjdk-18.0.1.1\bin\java.dll

dbghelp: loaded successfully - version: 4.0.5 - missing functions: none
symbol engine: initialized successfully - sym options: 0x614 - pdb path: .;C:\Users\tasha\.jdks\openjdk-18.0.1.1\bin;C:\WINDOWS\SYSTEM32;C:\WINDOWS\WinSxS\amd64_microsoft.windows.common-controls_6595b64144ccf1df_6.0.19041.1110_none_60b5254171f9507e;C:\Users\tasha\.jdks\openjdk-18.0.1.1\bin\server

VM Arguments:
jvm_args: -javaagent:C:\Users\tasha\.m2\repository/org/aspectj/aspectjweaver/1.9.9.1/aspectjweaver-1.9.9.1.jar -Xmx256m 
java_command: C:\Users\tasha\AppData\Local\Temp\surefire5870509867544582771\surefirebooter8606961572675899399.jar C:\Users\tasha\AppData\Local\Temp\surefire5870509867544582771 2022-09-20T00-44-33_337-jvmRun1 surefire7101059966692815797tmp surefire_018364621887147341440tmp
java_class_path (initial): C:\Users\tasha\AppData\Local\Temp\surefire5870509867544582771\surefirebooter8606961572675899399.jar
Launcher Type: SUN_STANDARD

[Global flags]
     intx CICompilerCount                          = 4                                         {product} {ergonomic}
     uint ConcGCThreads                            = 2                                         {product} {ergonomic}
     uint G1ConcRefinementThreads                  = 8                                         {product} {ergonomic}
   size_t G1HeapRegionSize                         = 1048576                                   {product} {ergonomic}
    uintx GCDrainStackTargetSize                   = 64                                        {product} {ergonomic}
   size_t InitialHeapSize                          = 134217728                                 {product} {ergonomic}
   size_t MarkStackSize                            = 4194304                                   {product} {ergonomic}
   size_t MaxHeapSize                              = 268435456                                 {product} {command line}
   size_t MinHeapDeltaBytes                        = 1048576                                   {product} {ergonomic}
   size_t MinHeapSize                              = 8388608                                   {product} {ergonomic}
    uintx NonNMethodCodeHeapSize                   = 5839372                                {pd product} {ergonomic}
    uintx NonProfiledCodeHeapSize                  = 122909434                              {pd product} {ergonomic}
    uintx ProfiledCodeHeapSize                     = 122909434                              {pd product} {ergonomic}
    uintx ReservedCodeCacheSize                    = 251658240                              {pd product} {ergonomic}
     bool SegmentedCodeCache                       = true                                      {product} {ergonomic}
   size_t SoftMaxHeapSize                          = 268435456                              {manageable} {ergonomic}
     bool UseCompressedClassPointers               = true                           {product lp64_product} {ergonomic}
     bool UseCompressedOops                        = true                           {product lp64_product} {ergonomic}
     bool UseG1GC                                  = true                                      {product} {ergonomic}
     bool UseLargePagesIndividualAllocation        = false                                  {pd product} {ergonomic}

Logging:
Log output configuration:
 #0: stdout all=warning uptime,level,tags foldmultilines=false
 #1: stderr all=off uptime,level,tags foldmultilines=false

Environment Variables:
JAVA_HOME=C:\Program Files\Java\jdk-17.0.3.1
PATH=C:\Program Files\Common Files\Oracle\Java\javapath;C:\WINDOWS\system32;C:\WINDOWS;C:\WINDOWS\System32\Wbem;C:\WINDOWS\System32\WindowsPowerShell\v1.0\;C:\WINDOWS\System32\OpenSSH\;C:\Program Files\Git\cmd;C:\Program Files (x86)\apache-maven-3.8.6-bin\bin;C:\Users\tasha\AppData\Local\Microsoft\WindowsApps;
USERNAME=tasha
OS=Windows_NT
PROCESSOR_IDENTIFIER=Intel64 Family 6 Model 142 Stepping 10, GenuineIntel



---------------  S Y S T E M  ---------------

OS:
 Windows 10 , 64 bit Build 19041 (10.0.19041.1889)
OS uptime: 0 days 1:43 hours

CPU: total 8 (initial active 8) (4 cores per cpu, 2 threads per core) family 6 model 142 stepping 10 microcode 0xb4, cx8, cmov, fxsr, ht, mmx, 3dnowpref, sse, sse2, sse3, ssse3, sse4.1, sse4.2, popcnt, lzcnt, tsc, tscinvbit, avx, avx2, aes, erms, clmul, bmi1, bmi2, adx, fma, vzeroupper, clflush, clflushopt

Memory: 4k page, system-wide physical 8101M (914M free)
TotalPageFile size 10149M (AvailPageFile size 104M)
current process WorkingSet (physical memory assigned to process): 10M, peak: 10M
current process commit charge ("private bytes"): 59M, peak: 187M

vm_info: OpenJDK 64-Bit Server VM (18.0.1.1+2-6) for windows-amd64 JRE (18.0.1.1+2-6), built on Apr 25 2022 21:50:56 by "mach5one" with MS VC++ 16.8 / 16.9 (VS2019)

END.
