#
# There is insufficient memory for the Java Runtime Environment to continue.
# Native memory allocation (mmap) failed to map 134217728 bytes for G1 virtual space
# Possible reasons:
#   The system is out of physical RAM or swap space
#   The process is running with CompressedOops enabled, and the Java Heap may be blocking the growth of the native heap
# Possible solutions:
#   Reduce memory load on the system
#   Increase physical memory or swap space
#   Check if swap backing store is full
#   Decrease Java heap size (-Xmx/-Xms)
#   Decrease number of Java threads
#   Decrease Java thread stack sizes (-Xss)
#   Set larger code cache with -XX:ReservedCodeCacheSize=
#   JVM is running with Unscaled Compressed Oops mode in which the Java heap is
#     placed in the first 4GB address space. The Java Heap base address is the
#     maximum limit for the native heap growth. Please use -XX:HeapBaseMinAddress
#     to set the Java Heap base and to place the Java Heap above 4GB virtual address.
# This output file may be truncated or incomplete.
#
#  Out of Memory Error (os_windows.cpp:3530), pid=11388, tid=12268
#
# JRE version:  (18.0.1.1+2) (build )
# Java VM: OpenJDK 64-Bit Server VM (18.0.1.1+2-6, mixed mode, sharing, tiered, compressed oops, compressed class ptrs, g1 gc, windows-amd64)
# No core dump will be written. Minidumps are not enabled by default on client versions of Windows
#

---------------  S U M M A R Y ------------

Command Line: -Dmaven.multiModuleProjectDirectory=C:\Users\tasha\IdeaProjects\SalesForce -Dmaven.home=C:\Program Files\JetBrains\IntelliJ IDEA Community Edition 2021.3.3\plugins\maven\lib\maven3 -Dclassworlds.conf=C:\Program Files\JetBrains\IntelliJ IDEA Community Edition 2021.3.3\plugins\maven\lib\maven3\bin\m2.conf -Dmaven.ext.class.path=C:\Program Files\JetBrains\IntelliJ IDEA Community Edition 2021.3.3\plugins\maven\lib\maven-event-listener.jar -javaagent:C:\Program Files\JetBrains\IntelliJ IDEA Community Edition 2021.3.3\lib\idea_rt.jar=52990:C:\Program Files\JetBrains\IntelliJ IDEA Community Edition 2021.3.3\bin -Dfile.encoding=UTF-8 org.codehaus.classworlds.Launcher -Didea.version=2021.3.3 test

Host: Intel(R) Core(TM) i5-8250U CPU @ 1.60GHz, 8 cores, 7G,  Windows 10 , 64 bit Build 19041 (10.0.19041.1889)
Time: Tue Sep 20 18:05:29 2022 RTZ 2 (s 10 , 64 bit Build 19041 (10.0.19041.1889) elapsed time: 0.034461 seconds (0d 0h 0m 0s)

---------------  T H R E A D  ---------------

Current thread (0x000002a0c2100430):  JavaThread "Unknown thread" [_thread_in_vm, id=12268, stack(0x000000a8efb00000,0x000000a8efc00000)]

Stack: [0x000000a8efb00000,0x000000a8efc00000]
Native frames: (J=compiled Java code, j=interpreted, Vv=VM code, C=native code)
V  [jvm.dll+0x69887a]
V  [jvm.dll+0x7f38bd]
V  [jvm.dll+0x7f51ce]
V  [jvm.dll+0x7f5883]
V  [jvm.dll+0x25ca3f]
V  [jvm.dll+0x6957c9]
V  [jvm.dll+0x68a2fa]
V  [jvm.dll+0x321efb]
V  [jvm.dll+0x3298d6]
V  [jvm.dll+0x37e47e]
V  [jvm.dll+0x37e6af]
V  [jvm.dll+0x2f9c7a]
V  [jvm.dll+0x2facdd]
V  [jvm.dll+0x7c24f0]
V  [jvm.dll+0x38b801]
V  [jvm.dll+0x7a1203]
V  [jvm.dll+0x40d6bf]
V  [jvm.dll+0x40f091]
C  [jli.dll+0x526b]
C  [ucrtbase.dll+0x21bb2]
C  [KERNEL32.DLL+0x17034]
C  [ntdll.dll+0x526a1]


---------------  P R O C E S S  ---------------

Threads class SMR info:
_java_thread_list=0x00007ff8a2b8d550, length=0, elements={
}

Java Threads: ( => current thread )

Other Threads:
  0x000002a0c2160720 WorkerThread "GC Thread#0" [stack: 0x000000a8efc00000,0x000000a8efd00000] [id=7952]
  0x000002a0c21723a0 ConcurrentGCThread "G1 Main Marker" [stack: 0x000000a8efd00000,0x000000a8efe00000] [id=12740]
  0x000002a0c2172d90 WorkerThread "G1 Conc#0" [stack: 0x000000a8efe00000,0x000000a8eff00000] [id=7988]

[error occurred during error reporting (printing all threads), id 0xc0000005, EXCEPTION_ACCESS_VIOLATION (0xc0000005) at pc=0x00007ff8a23ba217]

VM state: not at safepoint (not fully initialized)

VM Mutex/Monitor currently owned by a thread:  ([mutex/lock_event])
[0x000002a0c20fad40] Heap_lock - owner thread: 0x000002a0c2100430

Heap address: 0x0000000081600000, size: 2026 MB, Compressed Oops mode: 32-bit

CDS archive(s) mapped at: [0x0000000000000000-0x0000000000000000-0x0000000000000000), size 0, SharedBaseAddress: 0x0000000800000000, ArchiveRelocationMode: 0.
Narrow klass base: 0x0000000000000000, Narrow klass shift: 0, Narrow klass range: 0x0

GC Precious Log:
 CardTable entry size: 512
 Card Set container configuration: InlinePtr #cards 5 size 8 Array Of Cards #cards 12 size 40 Howl #buckets 4 coarsen threshold 1843 Howl Bitmap #cards 512 size 80 coarsen threshold 460 Card regions per heap region 1 cards per card region 2048

Heap:
 garbage-first heap   total 0K, used 0K [0x0000000081600000, 0x0000000100000000)
  region size 1024K, 0 young (0K), 0 survivors (0K)

[error occurred during error reporting (printing heap information), id 0xc0000005, EXCEPTION_ACCESS_VIOLATION (0xc0000005) at pc=0x00007ff8a27a0cb9]

GC Heap History (0 events):
No events

Deoptimization events (0 events):
No events

Classes loaded (0 events):
No events

Classes unloaded (0 events):
No events

Classes redefined (0 events):
No events

Internal exceptions (0 events):
No events

VM Operations (0 events):
No events

Events (1 events):
Event: 0.007 Loaded shared library C:\Users\tasha\.jdks\openjdk-18.0.1.1\bin\java.dll


Dynamic libraries:
0x00007ff73b7f0000 - 0x00007ff73b7fe000 	C:\Users\tasha\.jdks\openjdk-18.0.1.1\bin\java.exe
0x00007ff902e90000 - 0x00007ff903088000 	C:\WINDOWS\SYSTEM32\ntdll.dll
0x00007ff902b50000 - 0x00007ff902c0d000 	C:\WINDOWS\System32\KERNEL32.DLL
0x00007ff900c20000 - 0x00007ff900eee000 	C:\WINDOWS\System32\KERNELBASE.dll
0x00007ff9007f0000 - 0x00007ff9008f0000 	C:\WINDOWS\System32\ucrtbase.dll
0x00007ff8fab50000 - 0x00007ff8fab67000 	C:\Users\tasha\.jdks\openjdk-18.0.1.1\bin\jli.dll
0x00007ff8fab30000 - 0x00007ff8fab4a000 	C:\Users\tasha\.jdks\openjdk-18.0.1.1\bin\VCRUNTIME140.dll
0x00007ff9016e0000 - 0x00007ff901880000 	C:\WINDOWS\System32\USER32.dll
0x00007ff8eaff0000 - 0x00007ff8eb28a000 	C:\WINDOWS\WinSxS\amd64_microsoft.windows.common-controls_6595b64144ccf1df_6.0.19041.1110_none_60b5254171f9507e\COMCTL32.dll
0x00007ff900b80000 - 0x00007ff900ba2000 	C:\WINDOWS\System32\win32u.dll
0x00007ff902c10000 - 0x00007ff902c3a000 	C:\WINDOWS\System32\GDI32.dll
0x00007ff902ab0000 - 0x00007ff902b4e000 	C:\WINDOWS\System32\msvcrt.dll
0x00007ff900600000 - 0x00007ff90070b000 	C:\WINDOWS\System32\gdi32full.dll
0x00007ff900ae0000 - 0x00007ff900b7d000 	C:\WINDOWS\System32\msvcp_win.dll
0x00007ff902d70000 - 0x00007ff902da0000 	C:\WINDOWS\System32\IMM32.DLL
0x00007ff8faea0000 - 0x00007ff8faeac000 	C:\Users\tasha\.jdks\openjdk-18.0.1.1\bin\vcruntime140_1.dll
0x00007ff8eeb20000 - 0x00007ff8eebad000 	C:\Users\tasha\.jdks\openjdk-18.0.1.1\bin\msvcp140.dll
0x00007ff8a20b0000 - 0x00007ff8a2cc0000 	C:\Users\tasha\.jdks\openjdk-18.0.1.1\bin\server\jvm.dll
0x00007ff901500000 - 0x00007ff9015ae000 	C:\WINDOWS\System32\ADVAPI32.dll
0x00007ff901370000 - 0x00007ff90140c000 	C:\WINDOWS\System32\sechost.dll
0x00007ff902c40000 - 0x00007ff902d65000 	C:\WINDOWS\System32\RPCRT4.dll
0x00007ff901290000 - 0x00007ff901298000 	C:\WINDOWS\System32\PSAPI.DLL
0x00007ff8f17a0000 - 0x00007ff8f17c7000 	C:\WINDOWS\SYSTEM32\WINMM.dll
0x00007ff8fdd20000 - 0x00007ff8fdd29000 	C:\WINDOWS\SYSTEM32\WSOCK32.dll
0x00007ff8faad0000 - 0x00007ff8faada000 	C:\WINDOWS\SYSTEM32\VERSION.dll
0x00007ff901300000 - 0x00007ff90136b000 	C:\WINDOWS\System32\WS2_32.dll
0x00007ff8fe4a0000 - 0x00007ff8fe4b2000 	C:\WINDOWS\SYSTEM32\kernel.appcore.dll
0x00007ff8fae00000 - 0x00007ff8fae0a000 	C:\Users\tasha\.jdks\openjdk-18.0.1.1\bin\jimage.dll
0x00007ff8e8a90000 - 0x00007ff8e8c74000 	C:\WINDOWS\SYSTEM32\DBGHELP.DLL
0x00007ff8e92a0000 - 0x00007ff8e92cc000 	C:\WINDOWS\SYSTEM32\dbgcore.DLL
0x00007ff900a50000 - 0x00007ff900ad2000 	C:\WINDOWS\System32\bcryptPrimitives.dll
0x00007ff8fab20000 - 0x00007ff8fab2e000 	C:\Users\tasha\.jdks\openjdk-18.0.1.1\bin\instrument.dll
0x00007ff8f1930000 - 0x00007ff8f1955000 	C:\Users\tasha\.jdks\openjdk-18.0.1.1\bin\java.dll

dbghelp: loaded successfully - version: 4.0.5 - missing functions: none
symbol engine: initialized successfully - sym options: 0x614 - pdb path: .;C:\Users\tasha\.jdks\openjdk-18.0.1.1\bin;C:\WINDOWS\SYSTEM32;C:\WINDOWS\WinSxS\amd64_microsoft.windows.common-controls_6595b64144ccf1df_6.0.19041.1110_none_60b5254171f9507e;C:\Users\tasha\.jdks\openjdk-18.0.1.1\bin\server

VM Arguments:
jvm_args: -Dmaven.multiModuleProjectDirectory=C:\Users\tasha\IdeaProjects\SalesForce -Dmaven.home=C:\Program Files\JetBrains\IntelliJ IDEA Community Edition 2021.3.3\plugins\maven\lib\maven3 -Dclassworlds.conf=C:\Program Files\JetBrains\IntelliJ IDEA Community Edition 2021.3.3\plugins\maven\lib\maven3\bin\m2.conf -Dmaven.ext.class.path=C:\Program Files\JetBrains\IntelliJ IDEA Community Edition 2021.3.3\plugins\maven\lib\maven-event-listener.jar -javaagent:C:\Program Files\JetBrains\IntelliJ IDEA Community Edition 2021.3.3\lib\idea_rt.jar=52990:C:\Program Files\JetBrains\IntelliJ IDEA Community Edition 2021.3.3\bin -Dfile.encoding=UTF-8 
java_command: org.codehaus.classworlds.Launcher -Didea.version=2021.3.3 test
java_class_path (initial): C:\Program Files\JetBrains\IntelliJ IDEA Community Edition 2021.3.3\plugins\maven\lib\maven3\boot\plexus-classworlds-2.6.0.jar;C:\Program Files\JetBrains\IntelliJ IDEA Community Edition 2021.3.3\plugins\maven\lib\maven3\boot\plexus-classworlds.license
Launcher Type: SUN_STANDARD

[Global flags]
     intx CICompilerCount                          = 4                                         {product} {ergonomic}
     uint ConcGCThreads                            = 2                                         {product} {ergonomic}
     uint G1ConcRefinementThreads                  = 8                                         {product} {ergonomic}
   size_t G1HeapRegionSize                         = 1048576                                   {product} {ergonomic}
    uintx GCDrainStackTargetSize                   = 64                                        {product} {ergonomic}
   size_t InitialHeapSize                          = 134217728                                 {product} {ergonomic}
   size_t MarkStackSize                            = 4194304                                   {product} {ergonomic}
   size_t MaxHeapSize                              = 2124414976                                {product} {ergonomic}
   size_t MinHeapDeltaBytes                        = 1048576                                   {product} {ergonomic}
   size_t MinHeapSize                              = 8388608                                   {product} {ergonomic}
    uintx NonNMethodCodeHeapSize                   = 5839372                                {pd product} {ergonomic}
    uintx NonProfiledCodeHeapSize                  = 122909434                              {pd product} {ergonomic}
    uintx ProfiledCodeHeapSize                     = 122909434                              {pd product} {ergonomic}
    uintx ReservedCodeCacheSize                    = 251658240                              {pd product} {ergonomic}
     bool SegmentedCodeCache                       = true                                      {product} {ergonomic}
   size_t SoftMaxHeapSize                          = 2124414976                             {manageable} {ergonomic}
     bool UseCompressedClassPointers               = true                           {product lp64_product} {ergonomic}
     bool UseCompressedOops                        = true                           {product lp64_product} {ergonomic}
     bool UseG1GC                                  = true                                      {product} {ergonomic}
     bool UseLargePagesIndividualAllocation        = false                                  {pd product} {ergonomic}

Logging:
Log output configuration:
 #0: stdout all=warning uptime,level,tags foldmultilines=false
 #1: stderr all=off uptime,level,tags foldmultilines=false

Environment Variables:
JAVA_HOME=C:\Program Files\Java\jdk-17.0.3.1
PATH=C:\Program Files\Common Files\Oracle\Java\javapath;C:\WINDOWS\system32;C:\WINDOWS;C:\WINDOWS\System32\Wbem;C:\WINDOWS\System32\WindowsPowerShell\v1.0\;C:\WINDOWS\System32\OpenSSH\;C:\Program Files\Git\cmd;C:\Program Files (x86)\apache-maven-3.8.6-bin\bin;C:\Users\tasha\AppData\Local\Microsoft\WindowsApps;
USERNAME=tasha
OS=Windows_NT
PROCESSOR_IDENTIFIER=Intel64 Family 6 Model 142 Stepping 10, GenuineIntel



---------------  S Y S T E M  ---------------

OS:
 Windows 10 , 64 bit Build 19041 (10.0.19041.1889)
OS uptime: 0 days 3:22 hours

CPU: total 8 (initial active 8) (4 cores per cpu, 2 threads per core) family 6 model 142 stepping 10 microcode 0xb4, cx8, cmov, fxsr, ht, mmx, 3dnowpref, sse, sse2, sse3, ssse3, sse4.1, sse4.2, popcnt, lzcnt, tsc, tscinvbit, avx, avx2, aes, erms, clmul, bmi1, bmi2, adx, fma, vzeroupper, clflush, clflushopt

Memory: 4k page, system-wide physical 8101M (970M free)
TotalPageFile size 10149M (AvailPageFile size 30M)
current process WorkingSet (physical memory assigned to process): 10M, peak: 10M
current process commit charge ("private bytes"): 60M, peak: 188M

vm_info: OpenJDK 64-Bit Server VM (18.0.1.1+2-6) for windows-amd64 JRE (18.0.1.1+2-6), built on Apr 25 2022 21:50:56 by "mach5one" with MS VC++ 16.8 / 16.9 (VS2019)

END.
