#
# There is insufficient memory for the Java Runtime Environment to continue.
# Native memory allocation (mmap) failed to map 65536 bytes for Failed to commit metaspace.
# Possible reasons:
#   The system is out of physical RAM or swap space
#   The process is running with CompressedOops enabled, and the Java Heap may be blocking the growth of the native heap
# Possible solutions:
#   Reduce memory load on the system
#   Increase physical memory or swap space
#   Check if swap backing store is full
#   Decrease Java heap size (-Xmx/-Xms)
#   Decrease number of Java threads
#   Decrease Java thread stack sizes (-Xss)
#   Set larger code cache with -XX:ReservedCodeCacheSize=
#   JVM is running with Unscaled Compressed Oops mode in which the Java heap is
#     placed in the first 4GB address space. The Java Heap base address is the
#     maximum limit for the native heap growth. Please use -XX:HeapBaseMinAddress
#     to set the Java Heap base and to place the Java Heap above 4GB virtual address.
# This output file may be truncated or incomplete.
#
#  Out of Memory Error (virtualSpaceNode.cpp:110), pid=10552, tid=9460
#
# JRE version: OpenJDK Runtime Environment (18.0.1.1+2) (build 18.0.1.1+2-6)
# Java VM: OpenJDK 64-Bit Server VM (18.0.1.1+2-6, mixed mode, sharing, tiered, compressed oops, compressed class ptrs, g1 gc, windows-amd64)
# No core dump will be written. Minidumps are not enabled by default on client versions of Windows
#

---------------  S U M M A R Y ------------

Command Line: -javaagent:C:\Users\tasha\.m2\repository/org/aspectj/aspectjweaver/1.9.9.1/aspectjweaver-1.9.9.1.jar -Xmx256m C:\Users\tasha\AppData\Local\Temp\surefire12733346293001241208\surefirebooter12728450474262250000.jar C:\Users\tasha\AppData\Local\Temp\surefire12733346293001241208 2022-09-20T00-45-15_102-jvmRun1 surefire2113987988825980017tmp surefire_010571003521490960877tmp

Host: Intel(R) Core(TM) i5-8250U CPU @ 1.60GHz, 8 cores, 7G,  Windows 10 , 64 bit Build 19041 (10.0.19041.1889)
Time: Tue Sep 20 00:45:15 2022 RTZ 2 (s 10 , 64 bit Build 19041 (10.0.19041.1889) elapsed time: 0.210086 seconds (0d 0h 0m 0s)

---------------  T H R E A D  ---------------

Current thread (0x00000209243cedd0):  JavaThread "main" [_thread_in_vm, id=9460, stack(0x000000772f700000,0x000000772f800000)]

Stack: [0x000000772f700000,0x000000772f800000]
Native frames: (J=compiled Java code, j=interpreted, Vv=VM code, C=native code)
V  [jvm.dll+0x69887a]
V  [jvm.dll+0x7f38bd]
V  [jvm.dll+0x7f51ce]
V  [jvm.dll+0x7f5883]
V  [jvm.dll+0x25ca3f]
V  [jvm.dll+0x7ef5cb]
V  [jvm.dll+0x63ea76]
V  [jvm.dll+0x63eada]
V  [jvm.dll+0x64135e]
V  [jvm.dll+0x64121e]
V  [jvm.dll+0x63f43e]
V  [jvm.dll+0x25a45c]
V  [jvm.dll+0x6edb5d]
V  [jvm.dll+0x6ee58f]
V  [jvm.dll+0x392439]
V  [jvm.dll+0x3915a4]
V  [jvm.dll+0x391548]
V  [jvm.dll+0x3a0dba]
C  0x000002092bd2b7f7

Java frames: (J=compiled Java code, j=interpreted, Vv=VM code)
j  sun.net.www.protocol.file.Handler.createFileURLConnection(Ljava/net/URL;Ljava/io/File;)Ljava/net/URLConnection;+0 java.base@18.0.1.1
j  sun.net.www.protocol.file.Handler.openConnection(Ljava/net/URL;Ljava/net/Proxy;)Ljava/net/URLConnection;+79 java.base@18.0.1.1
j  sun.net.www.protocol.file.Handler.openConnection(Ljava/net/URL;)Ljava/net/URLConnection;+3 java.base@18.0.1.1
j  java.net.URL.openConnection()Ljava/net/URLConnection;+5 java.base@18.0.1.1
j  sun.net.www.protocol.jar.JarURLConnection.<init>(Ljava/net/URL;Lsun/net/www/protocol/jar/Handler;)V+18 java.base@18.0.1.1
j  sun.net.www.protocol.jar.Handler.openConnection(Ljava/net/URL;)Ljava/net/URLConnection;+6 java.base@18.0.1.1
j  java.net.URL.openConnection()Ljava/net/URLConnection;+5 java.base@18.0.1.1
j  java.net.URL.openStream()Ljava/io/InputStream;+1 java.base@18.0.1.1
j  org.aspectj.bridge.Version.<clinit>()V+24
v  ~StubRoutines::call_stub
j  org.aspectj.weaver.tools.WeavingAdaptor.createMessageHandler()V+84
j  org.aspectj.weaver.loadtime.ClassLoaderWeavingAdaptor.initialize(Ljava/lang/ClassLoader;Lorg/aspectj/weaver/loadtime/IWeavingContext;)V+35
j  org.aspectj.weaver.loadtime.Aj$ExplicitlyInitializedClassLoaderWeavingAdaptor.initialize(Ljava/lang/ClassLoader;Lorg/aspectj/weaver/loadtime/IWeavingContext;)V+18
j  org.aspectj.weaver.loadtime.Aj$ExplicitlyInitializedClassLoaderWeavingAdaptor.getWeavingAdaptor(Ljava/lang/ClassLoader;Lorg/aspectj/weaver/loadtime/IWeavingContext;)Lorg/aspectj/weaver/loadtime/ClassLoaderWeavingAdaptor;+3
j  org.aspectj.weaver.loadtime.Aj$WeaverContainer.getWeaver(Ljava/lang/ClassLoader;Lorg/aspectj/weaver/loadtime/IWeavingContext;)Lorg/aspectj/weaver/tools/WeavingAdaptor;+134
j  org.aspectj.weaver.loadtime.Aj.preProcess(Ljava/lang/String;[BLjava/lang/ClassLoader;Ljava/security/ProtectionDomain;)[B+193
j  org.aspectj.weaver.loadtime.ClassPreProcessorAgentAdapter.transform(Ljava/lang/ClassLoader;Ljava/lang/String;Ljava/lang/Class;Ljava/security/ProtectionDomain;[B)[B+53
j  java.lang.instrument.ClassFileTransformer.transform(Ljava/lang/Module;Ljava/lang/ClassLoader;Ljava/lang/String;Ljava/lang/Class;Ljava/security/ProtectionDomain;[B)[B+9 java.instrument@18.0.1.1
j  sun.instrument.TransformerManager.transform(Ljava/lang/Module;Ljava/lang/ClassLoader;Ljava/lang/String;Ljava/lang/Class;Ljava/security/ProtectionDomain;[B)[B+52 java.instrument@18.0.1.1
j  sun.instrument.InstrumentationImpl.transform(Ljava/lang/Module;Ljava/lang/ClassLoader;Ljava/lang/String;Ljava/lang/Class;Ljava/security/ProtectionDomain;[BZ)[B+69 java.instrument@18.0.1.1
v  ~StubRoutines::call_stub
j  java.lang.ClassLoader.defineClass1(Ljava/lang/ClassLoader;Ljava/lang/String;[BIILjava/security/ProtectionDomain;Ljava/lang/String;)Ljava/lang/Class;+0 java.base@18.0.1.1
j  java.lang.ClassLoader.defineClass(Ljava/lang/String;[BIILjava/security/ProtectionDomain;)Ljava/lang/Class;+27 java.base@18.0.1.1
j  java.security.SecureClassLoader.defineClass(Ljava/lang/String;[BIILjava/security/CodeSource;)Ljava/lang/Class;+12 java.base@18.0.1.1
j  jdk.internal.loader.BuiltinClassLoader.defineClass(Ljava/lang/String;Ljdk/internal/loader/Resource;)Ljava/lang/Class;+117 java.base@18.0.1.1
j  jdk.internal.loader.BuiltinClassLoader.findClassOnClassPathOrNull(Ljava/lang/String;)Ljava/lang/Class;+37 java.base@18.0.1.1
j  jdk.internal.loader.BuiltinClassLoader.loadClassOrNull(Ljava/lang/String;Z)Ljava/lang/Class;+111 java.base@18.0.1.1
j  jdk.internal.loader.BuiltinClassLoader.loadClass(Ljava/lang/String;Z)Ljava/lang/Class;+3 java.base@18.0.1.1
j  jdk.internal.loader.ClassLoaders$AppClassLoader.loadClass(Ljava/lang/String;Z)Ljava/lang/Class;+36 java.base@18.0.1.1
j  java.lang.ClassLoader.loadClass(Ljava/lang/String;)Ljava/lang/Class;+3 java.base@18.0.1.1
v  ~StubRoutines::call_stub
j  java.lang.Class.forName0(Ljava/lang/String;ZLjava/lang/ClassLoader;Ljava/lang/Class;)Ljava/lang/Class;+0 java.base@18.0.1.1
j  java.lang.Class.forName(Ljava/lang/String;ZLjava/lang/ClassLoader;Ljava/lang/Class;)Ljava/lang/Class;+37 java.base@18.0.1.1
j  java.lang.Class.forName(Ljava/lang/String;ZLjava/lang/ClassLoader;)Ljava/lang/Class;+20 java.base@18.0.1.1
j  sun.launcher.LauncherHelper.loadMainClass(ILjava/lang/String;)Ljava/lang/Class;+95 java.base@18.0.1.1
j  sun.launcher.LauncherHelper.checkAndLoadMain(ZILjava/lang/String;)Ljava/lang/Class;+42 java.base@18.0.1.1
v  ~StubRoutines::call_stub

---------------  P R O C E S S  ---------------

Threads class SMR info:
_java_thread_list=0x0000020942bd6370, length=13, elements={
0x00000209243cedd0, 0x00000209244752f0, 0x0000020924479f60, 0x00000209244915e0,
0x0000020924491f80, 0x0000020924492920, 0x00000209244952e0, 0x000002093e2f62d0,
0x000002093e31e8e0, 0x000002092449b460, 0x00000209425595c0, 0x00000209426b8650,
0x0000020942556a70
}

Java Threads: ( => current thread )
=>0x00000209243cedd0 JavaThread "main" [_thread_in_vm, id=9460, stack(0x000000772f700000,0x000000772f800000)]
  0x00000209244752f0 JavaThread "Reference Handler" daemon [_thread_blocked, id=10256, stack(0x000000772fe00000,0x000000772ff00000)]
  0x0000020924479f60 JavaThread "Finalizer" daemon [_thread_blocked, id=11020, stack(0x000000772ff00000,0x0000007730000000)]
  0x00000209244915e0 JavaThread "Signal Dispatcher" daemon [_thread_blocked, id=10580, stack(0x0000007730000000,0x0000007730100000)]
  0x0000020924491f80 JavaThread "Attach Listener" daemon [_thread_blocked, id=6088, stack(0x0000007730100000,0x0000007730200000)]
  0x0000020924492920 JavaThread "Service Thread" daemon [_thread_blocked, id=12096, stack(0x0000007730200000,0x0000007730300000)]
  0x00000209244952e0 JavaThread "Monitor Deflation Thread" daemon [_thread_blocked, id=7224, stack(0x0000007730300000,0x0000007730400000)]
  0x000002093e2f62d0 JavaThread "C2 CompilerThread0" daemon [_thread_blocked, id=2124, stack(0x0000007730400000,0x0000007730500000)]
  0x000002093e31e8e0 JavaThread "C1 CompilerThread0" daemon [_thread_blocked, id=9448, stack(0x0000007730500000,0x0000007730600000)]
  0x000002092449b460 JavaThread "Sweeper thread" daemon [_thread_blocked, id=11208, stack(0x0000007730600000,0x0000007730700000)]
  0x00000209425595c0 JavaThread "Common-Cleaner" daemon [_thread_blocked, id=9252, stack(0x0000007730700000,0x0000007730800000)]
  0x00000209426b8650 JavaThread "C2 CompilerThread1" daemon [_thread_blocked, id=10348, stack(0x0000007730800000,0x0000007730900000)]
  0x0000020942556a70 JavaThread "Notification Thread" daemon [_thread_blocked, id=12348, stack(0x0000007730900000,0x0000007730a00000)]

Other Threads:
  0x0000020924404cf0 VMThread "VM Thread" [stack: 0x000000772fd00000,0x000000772fe00000] [id=6876]
  0x00000209244911c0 WatcherThread "VM Periodic Task Thread" [stack: 0x0000007730a00000,0x0000007730b00000] [id=11592]
  0x00000209243f90f0 WorkerThread "GC Thread#0" [stack: 0x000000772f800000,0x000000772f900000] [id=11568]
  0x00000209243fc020 ConcurrentGCThread "G1 Main Marker" [stack: 0x000000772f900000,0x000000772fa00000] [id=8444]
  0x00000209243fea30 WorkerThread "G1 Conc#0" [stack: 0x000000772fa00000,0x000000772fb00000] [id=7836]
  0x000002092444fa20 ConcurrentGCThread "G1 Refine#0" [stack: 0x000000772fb00000,0x000000772fc00000] [id=13172]
  0x0000020924450330 ConcurrentGCThread "G1 Service" [stack: 0x000000772fc00000,0x000000772fd00000] [id=11880]

Threads with active compile tasks:

VM state: not at safepoint (normal execution)

VM Mutex/Monitor currently owned by a thread:  ([mutex/lock_event])
[0x00000209243c86c0] Metaspace_lock - owner thread: 0x00000209243cedd0

Heap address: 0x00000000f0000000, size: 256 MB, Compressed Oops mode: 32-bit

CDS archive(s) mapped at: [0x0000000800000000-0x0000000800b90000-0x0000000800b90000), size 12124160, SharedBaseAddress: 0x0000000800000000, ArchiveRelocationMode: 0.
Compressed class space mapped at: 0x0000000800c00000-0x0000000840c00000, reserved size: 1073741824
Narrow klass base: 0x0000000800000000, Narrow klass shift: 0, Narrow klass range: 0x100000000

GC Precious Log:
 CardTable entry size: 512
 Card Set container configuration: InlinePtr #cards 5 size 8 Array Of Cards #cards 12 size 40 Howl #buckets 4 coarsen threshold 1843 Howl Bitmap #cards 512 size 80 coarsen threshold 460 Card regions per heap region 1 cards per card region 2048
 CPUs: 8 total, 8 available
 Memory: 8101M
 Large Page Support: Disabled
 NUMA Support: Disabled
 Compressed Oops: Enabled (32-bit)
 Heap Region Size: 1M
 Heap Min Capacity: 8M
 Heap Initial Capacity: 128M
 Heap Max Capacity: 256M
 Pre-touch: Disabled
 Parallel Workers: 8
 Concurrent Workers: 2
 Concurrent Refinement Workers: 8
 Periodic GC: Disabled

Heap:
 garbage-first heap   total 131072K, used 8192K [0x00000000f0000000, 0x0000000100000000)
  region size 1024K, 10 young (10240K), 0 survivors (0K)
 Metaspace       used 1080K, committed 1152K, reserved 1114112K
  class space    used 68K, committed 128K, reserved 1048576K

Heap Regions: E=young(eden), S=young(survivor), O=old, HS=humongous(starts), HC=humongous(continues), CS=collection set, F=free, OA=open archive, CA=closed archive, TAMS=top-at-mark-start (previous, next)
|   0|0x00000000f0000000, 0x00000000f0000000, 0x00000000f0100000|  0%| F|  |TAMS 0x00000000f0000000, 0x00000000f0000000| Untracked 
|   1|0x00000000f0100000, 0x00000000f0100000, 0x00000000f0200000|  0%| F|  |TAMS 0x00000000f0100000, 0x00000000f0100000| Untracked 
|   2|0x00000000f0200000, 0x00000000f0200000, 0x00000000f0300000|  0%| F|  |TAMS 0x00000000f0200000, 0x00000000f0200000| Untracked 
|   3|0x00000000f0300000, 0x00000000f0300000, 0x00000000f0400000|  0%| F|  |TAMS 0x00000000f0300000, 0x00000000f0300000| Untracked 
|   4|0x00000000f0400000, 0x00000000f0400000, 0x00000000f0500000|  0%| F|  |TAMS 0x00000000f0400000, 0x00000000f0400000| Untracked 
|   5|0x00000000f0500000, 0x00000000f0500000, 0x00000000f0600000|  0%| F|  |TAMS 0x00000000f0500000, 0x00000000f0500000| Untracked 
|   6|0x00000000f0600000, 0x00000000f0600000, 0x00000000f0700000|  0%| F|  |TAMS 0x00000000f0600000, 0x00000000f0600000| Untracked 
|   7|0x00000000f0700000, 0x00000000f0700000, 0x00000000f0800000|  0%| F|  |TAMS 0x00000000f0700000, 0x00000000f0700000| Untracked 
|   8|0x00000000f0800000, 0x00000000f0800000, 0x00000000f0900000|  0%| F|  |TAMS 0x00000000f0800000, 0x00000000f0800000| Untracked 
|   9|0x00000000f0900000, 0x00000000f0900000, 0x00000000f0a00000|  0%| F|  |TAMS 0x00000000f0900000, 0x00000000f0900000| Untracked 
|  10|0x00000000f0a00000, 0x00000000f0a00000, 0x00000000f0b00000|  0%| F|  |TAMS 0x00000000f0a00000, 0x00000000f0a00000| Untracked 
|  11|0x00000000f0b00000, 0x00000000f0b00000, 0x00000000f0c00000|  0%| F|  |TAMS 0x00000000f0b00000, 0x00000000f0b00000| Untracked 
|  12|0x00000000f0c00000, 0x00000000f0c00000, 0x00000000f0d00000|  0%| F|  |TAMS 0x00000000f0c00000, 0x00000000f0c00000| Untracked 
|  13|0x00000000f0d00000, 0x00000000f0d00000, 0x00000000f0e00000|  0%| F|  |TAMS 0x00000000f0d00000, 0x00000000f0d00000| Untracked 
|  14|0x00000000f0e00000, 0x00000000f0e00000, 0x00000000f0f00000|  0%| F|  |TAMS 0x00000000f0e00000, 0x00000000f0e00000| Untracked 
|  15|0x00000000f0f00000, 0x00000000f0f00000, 0x00000000f1000000|  0%| F|  |TAMS 0x00000000f0f00000, 0x00000000f0f00000| Untracked 
|  16|0x00000000f1000000, 0x00000000f1000000, 0x00000000f1100000|  0%| F|  |TAMS 0x00000000f1000000, 0x00000000f1000000| Untracked 
|  17|0x00000000f1100000, 0x00000000f1100000, 0x00000000f1200000|  0%| F|  |TAMS 0x00000000f1100000, 0x00000000f1100000| Untracked 
|  18|0x00000000f1200000, 0x00000000f1200000, 0x00000000f1300000|  0%| F|  |TAMS 0x00000000f1200000, 0x00000000f1200000| Untracked 
|  19|0x00000000f1300000, 0x00000000f1300000, 0x00000000f1400000|  0%| F|  |TAMS 0x00000000f1300000, 0x00000000f1300000| Untracked 
|  20|0x00000000f1400000, 0x00000000f1400000, 0x00000000f1500000|  0%| F|  |TAMS 0x00000000f1400000, 0x00000000f1400000| Untracked 
|  21|0x00000000f1500000, 0x00000000f1500000, 0x00000000f1600000|  0%| F|  |TAMS 0x00000000f1500000, 0x00000000f1500000| Untracked 
|  22|0x00000000f1600000, 0x00000000f1600000, 0x00000000f1700000|  0%| F|  |TAMS 0x00000000f1600000, 0x00000000f1600000| Untracked 
|  23|0x00000000f1700000, 0x00000000f1700000, 0x00000000f1800000|  0%| F|  |TAMS 0x00000000f1700000, 0x00000000f1700000| Untracked 
|  24|0x00000000f1800000, 0x00000000f1800000, 0x00000000f1900000|  0%| F|  |TAMS 0x00000000f1800000, 0x00000000f1800000| Untracked 
|  25|0x00000000f1900000, 0x00000000f1900000, 0x00000000f1a00000|  0%| F|  |TAMS 0x00000000f1900000, 0x00000000f1900000| Untracked 
|  26|0x00000000f1a00000, 0x00000000f1a00000, 0x00000000f1b00000|  0%| F|  |TAMS 0x00000000f1a00000, 0x00000000f1a00000| Untracked 
|  27|0x00000000f1b00000, 0x00000000f1b00000, 0x00000000f1c00000|  0%| F|  |TAMS 0x00000000f1b00000, 0x00000000f1b00000| Untracked 
|  28|0x00000000f1c00000, 0x00000000f1c00000, 0x00000000f1d00000|  0%| F|  |TAMS 0x00000000f1c00000, 0x00000000f1c00000| Untracked 
|  29|0x00000000f1d00000, 0x00000000f1d00000, 0x00000000f1e00000|  0%| F|  |TAMS 0x00000000f1d00000, 0x00000000f1d00000| Untracked 
|  30|0x00000000f1e00000, 0x00000000f1e00000, 0x00000000f1f00000|  0%| F|  |TAMS 0x00000000f1e00000, 0x00000000f1e00000| Untracked 
|  31|0x00000000f1f00000, 0x00000000f1f00000, 0x00000000f2000000|  0%| F|  |TAMS 0x00000000f1f00000, 0x00000000f1f00000| Untracked 
|  32|0x00000000f2000000, 0x00000000f2000000, 0x00000000f2100000|  0%| F|  |TAMS 0x00000000f2000000, 0x00000000f2000000| Untracked 
|  33|0x00000000f2100000, 0x00000000f2100000, 0x00000000f2200000|  0%| F|  |TAMS 0x00000000f2100000, 0x00000000f2100000| Untracked 
|  34|0x00000000f2200000, 0x00000000f2200000, 0x00000000f2300000|  0%| F|  |TAMS 0x00000000f2200000, 0x00000000f2200000| Untracked 
|  35|0x00000000f2300000, 0x00000000f2300000, 0x00000000f2400000|  0%| F|  |TAMS 0x00000000f2300000, 0x00000000f2300000| Untracked 
|  36|0x00000000f2400000, 0x00000000f2400000, 0x00000000f2500000|  0%| F|  |TAMS 0x00000000f2400000, 0x00000000f2400000| Untracked 
|  37|0x00000000f2500000, 0x00000000f2500000, 0x00000000f2600000|  0%| F|  |TAMS 0x00000000f2500000, 0x00000000f2500000| Untracked 
|  38|0x00000000f2600000, 0x00000000f2600000, 0x00000000f2700000|  0%| F|  |TAMS 0x00000000f2600000, 0x00000000f2600000| Untracked 
|  39|0x00000000f2700000, 0x00000000f2700000, 0x00000000f2800000|  0%| F|  |TAMS 0x00000000f2700000, 0x00000000f2700000| Untracked 
|  40|0x00000000f2800000, 0x00000000f2800000, 0x00000000f2900000|  0%| F|  |TAMS 0x00000000f2800000, 0x00000000f2800000| Untracked 
|  41|0x00000000f2900000, 0x00000000f2900000, 0x00000000f2a00000|  0%| F|  |TAMS 0x00000000f2900000, 0x00000000f2900000| Untracked 
|  42|0x00000000f2a00000, 0x00000000f2a00000, 0x00000000f2b00000|  0%| F|  |TAMS 0x00000000f2a00000, 0x00000000f2a00000| Untracked 
|  43|0x00000000f2b00000, 0x00000000f2b00000, 0x00000000f2c00000|  0%| F|  |TAMS 0x00000000f2b00000, 0x00000000f2b00000| Untracked 
|  44|0x00000000f2c00000, 0x00000000f2c00000, 0x00000000f2d00000|  0%| F|  |TAMS 0x00000000f2c00000, 0x00000000f2c00000| Untracked 
|  45|0x00000000f2d00000, 0x00000000f2d00000, 0x00000000f2e00000|  0%| F|  |TAMS 0x00000000f2d00000, 0x00000000f2d00000| Untracked 
|  46|0x00000000f2e00000, 0x00000000f2e00000, 0x00000000f2f00000|  0%| F|  |TAMS 0x00000000f2e00000, 0x00000000f2e00000| Untracked 
|  47|0x00000000f2f00000, 0x00000000f2f00000, 0x00000000f3000000|  0%| F|  |TAMS 0x00000000f2f00000, 0x00000000f2f00000| Untracked 
|  48|0x00000000f3000000, 0x00000000f3000000, 0x00000000f3100000|  0%| F|  |TAMS 0x00000000f3000000, 0x00000000f3000000| Untracked 
|  49|0x00000000f3100000, 0x00000000f3100000, 0x00000000f3200000|  0%| F|  |TAMS 0x00000000f3100000, 0x00000000f3100000| Untracked 
|  50|0x00000000f3200000, 0x00000000f3200000, 0x00000000f3300000|  0%| F|  |TAMS 0x00000000f3200000, 0x00000000f3200000| Untracked 
|  51|0x00000000f3300000, 0x00000000f3300000, 0x00000000f3400000|  0%| F|  |TAMS 0x00000000f3300000, 0x00000000f3300000| Untracked 
|  52|0x00000000f3400000, 0x00000000f3400000, 0x00000000f3500000|  0%| F|  |TAMS 0x00000000f3400000, 0x00000000f3400000| Untracked 
|  53|0x00000000f3500000, 0x00000000f3500000, 0x00000000f3600000|  0%| F|  |TAMS 0x00000000f3500000, 0x00000000f3500000| Untracked 
|  54|0x00000000f3600000, 0x00000000f3600000, 0x00000000f3700000|  0%| F|  |TAMS 0x00000000f3600000, 0x00000000f3600000| Untracked 
|  55|0x00000000f3700000, 0x00000000f3700000, 0x00000000f3800000|  0%| F|  |TAMS 0x00000000f3700000, 0x00000000f3700000| Untracked 
|  56|0x00000000f3800000, 0x00000000f3800000, 0x00000000f3900000|  0%| F|  |TAMS 0x00000000f3800000, 0x00000000f3800000| Untracked 
|  57|0x00000000f3900000, 0x00000000f3900000, 0x00000000f3a00000|  0%| F|  |TAMS 0x00000000f3900000, 0x00000000f3900000| Untracked 
|  58|0x00000000f3a00000, 0x00000000f3a00000, 0x00000000f3b00000|  0%| F|  |TAMS 0x00000000f3a00000, 0x00000000f3a00000| Untracked 
|  59|0x00000000f3b00000, 0x00000000f3b00000, 0x00000000f3c00000|  0%| F|  |TAMS 0x00000000f3b00000, 0x00000000f3b00000| Untracked 
|  60|0x00000000f3c00000, 0x00000000f3c00000, 0x00000000f3d00000|  0%| F|  |TAMS 0x00000000f3c00000, 0x00000000f3c00000| Untracked 
|  61|0x00000000f3d00000, 0x00000000f3d00000, 0x00000000f3e00000|  0%| F|  |TAMS 0x00000000f3d00000, 0x00000000f3d00000| Untracked 
|  62|0x00000000f3e00000, 0x00000000f3e00000, 0x00000000f3f00000|  0%| F|  |TAMS 0x00000000f3e00000, 0x00000000f3e00000| Untracked 
|  63|0x00000000f3f00000, 0x00000000f3f00000, 0x00000000f4000000|  0%| F|  |TAMS 0x00000000f3f00000, 0x00000000f3f00000| Untracked 
|  64|0x00000000f4000000, 0x00000000f4000000, 0x00000000f4100000|  0%| F|  |TAMS 0x00000000f4000000, 0x00000000f4000000| Untracked 
|  65|0x00000000f4100000, 0x00000000f4100000, 0x00000000f4200000|  0%| F|  |TAMS 0x00000000f4100000, 0x00000000f4100000| Untracked 
|  66|0x00000000f4200000, 0x00000000f4200000, 0x00000000f4300000|  0%| F|  |TAMS 0x00000000f4200000, 0x00000000f4200000| Untracked 
|  67|0x00000000f4300000, 0x00000000f4300000, 0x00000000f4400000|  0%| F|  |TAMS 0x00000000f4300000, 0x00000000f4300000| Untracked 
|  68|0x00000000f4400000, 0x00000000f4400000, 0x00000000f4500000|  0%| F|  |TAMS 0x00000000f4400000, 0x00000000f4400000| Untracked 
|  69|0x00000000f4500000, 0x00000000f4500000, 0x00000000f4600000|  0%| F|  |TAMS 0x00000000f4500000, 0x00000000f4500000| Untracked 
|  70|0x00000000f4600000, 0x00000000f4600000, 0x00000000f4700000|  0%| F|  |TAMS 0x00000000f4600000, 0x00000000f4600000| Untracked 
|  71|0x00000000f4700000, 0x00000000f4700000, 0x00000000f4800000|  0%| F|  |TAMS 0x00000000f4700000, 0x00000000f4700000| Untracked 
|  72|0x00000000f4800000, 0x00000000f4800000, 0x00000000f4900000|  0%| F|  |TAMS 0x00000000f4800000, 0x00000000f4800000| Untracked 
|  73|0x00000000f4900000, 0x00000000f4900000, 0x00000000f4a00000|  0%| F|  |TAMS 0x00000000f4900000, 0x00000000f4900000| Untracked 
|  74|0x00000000f4a00000, 0x00000000f4a00000, 0x00000000f4b00000|  0%| F|  |TAMS 0x00000000f4a00000, 0x00000000f4a00000| Untracked 
|  75|0x00000000f4b00000, 0x00000000f4b00000, 0x00000000f4c00000|  0%| F|  |TAMS 0x00000000f4b00000, 0x00000000f4b00000| Untracked 
|  76|0x00000000f4c00000, 0x00000000f4c00000, 0x00000000f4d00000|  0%| F|  |TAMS 0x00000000f4c00000, 0x00000000f4c00000| Untracked 
|  77|0x00000000f4d00000, 0x00000000f4d00000, 0x00000000f4e00000|  0%| F|  |TAMS 0x00000000f4d00000, 0x00000000f4d00000| Untracked 
|  78|0x00000000f4e00000, 0x00000000f4e00000, 0x00000000f4f00000|  0%| F|  |TAMS 0x00000000f4e00000, 0x00000000f4e00000| Untracked 
|  79|0x00000000f4f00000, 0x00000000f4f00000, 0x00000000f5000000|  0%| F|  |TAMS 0x00000000f4f00000, 0x00000000f4f00000| Untracked 
|  80|0x00000000f5000000, 0x00000000f5000000, 0x00000000f5100000|  0%| F|  |TAMS 0x00000000f5000000, 0x00000000f5000000| Untracked 
|  81|0x00000000f5100000, 0x00000000f5100000, 0x00000000f5200000|  0%| F|  |TAMS 0x00000000f5100000, 0x00000000f5100000| Untracked 
|  82|0x00000000f5200000, 0x00000000f5200000, 0x00000000f5300000|  0%| F|  |TAMS 0x00000000f5200000, 0x00000000f5200000| Untracked 
|  83|0x00000000f5300000, 0x00000000f5300000, 0x00000000f5400000|  0%| F|  |TAMS 0x00000000f5300000, 0x00000000f5300000| Untracked 
|  84|0x00000000f5400000, 0x00000000f5400000, 0x00000000f5500000|  0%| F|  |TAMS 0x00000000f5400000, 0x00000000f5400000| Untracked 
|  85|0x00000000f5500000, 0x00000000f5500000, 0x00000000f5600000|  0%| F|  |TAMS 0x00000000f5500000, 0x00000000f5500000| Untracked 
|  86|0x00000000f5600000, 0x00000000f5600000, 0x00000000f5700000|  0%| F|  |TAMS 0x00000000f5600000, 0x00000000f5600000| Untracked 
|  87|0x00000000f5700000, 0x00000000f5700000, 0x00000000f5800000|  0%| F|  |TAMS 0x00000000f5700000, 0x00000000f5700000| Untracked 
|  88|0x00000000f5800000, 0x00000000f5800000, 0x00000000f5900000|  0%| F|  |TAMS 0x00000000f5800000, 0x00000000f5800000| Untracked 
|  89|0x00000000f5900000, 0x00000000f5900000, 0x00000000f5a00000|  0%| F|  |TAMS 0x00000000f5900000, 0x00000000f5900000| Untracked 
|  90|0x00000000f5a00000, 0x00000000f5a00000, 0x00000000f5b00000|  0%| F|  |TAMS 0x00000000f5a00000, 0x00000000f5a00000| Untracked 
|  91|0x00000000f5b00000, 0x00000000f5b00000, 0x00000000f5c00000|  0%| F|  |TAMS 0x00000000f5b00000, 0x00000000f5b00000| Untracked 
|  92|0x00000000f5c00000, 0x00000000f5c00000, 0x00000000f5d00000|  0%| F|  |TAMS 0x00000000f5c00000, 0x00000000f5c00000| Untracked 
|  93|0x00000000f5d00000, 0x00000000f5d00000, 0x00000000f5e00000|  0%| F|  |TAMS 0x00000000f5d00000, 0x00000000f5d00000| Untracked 
|  94|0x00000000f5e00000, 0x00000000f5e00000, 0x00000000f5f00000|  0%| F|  |TAMS 0x00000000f5e00000, 0x00000000f5e00000| Untracked 
|  95|0x00000000f5f00000, 0x00000000f5f00000, 0x00000000f6000000|  0%| F|  |TAMS 0x00000000f5f00000, 0x00000000f5f00000| Untracked 
|  96|0x00000000f6000000, 0x00000000f6000000, 0x00000000f6100000|  0%| F|  |TAMS 0x00000000f6000000, 0x00000000f6000000| Untracked 
|  97|0x00000000f6100000, 0x00000000f6100000, 0x00000000f6200000|  0%| F|  |TAMS 0x00000000f6100000, 0x00000000f6100000| Untracked 
|  98|0x00000000f6200000, 0x00000000f6200000, 0x00000000f6300000|  0%| F|  |TAMS 0x00000000f6200000, 0x00000000f6200000| Untracked 
|  99|0x00000000f6300000, 0x00000000f6300000, 0x00000000f6400000|  0%| F|  |TAMS 0x00000000f6300000, 0x00000000f6300000| Untracked 
| 100|0x00000000f6400000, 0x00000000f6400000, 0x00000000f6500000|  0%| F|  |TAMS 0x00000000f6400000, 0x00000000f6400000| Untracked 
| 101|0x00000000f6500000, 0x00000000f6500000, 0x00000000f6600000|  0%| F|  |TAMS 0x00000000f6500000, 0x00000000f6500000| Untracked 
| 102|0x00000000f6600000, 0x00000000f6600000, 0x00000000f6700000|  0%| F|  |TAMS 0x00000000f6600000, 0x00000000f6600000| Untracked 
| 103|0x00000000f6700000, 0x00000000f6700000, 0x00000000f6800000|  0%| F|  |TAMS 0x00000000f6700000, 0x00000000f6700000| Untracked 
| 104|0x00000000f6800000, 0x00000000f6800000, 0x00000000f6900000|  0%| F|  |TAMS 0x00000000f6800000, 0x00000000f6800000| Untracked 
| 105|0x00000000f6900000, 0x00000000f6900000, 0x00000000f6a00000|  0%| F|  |TAMS 0x00000000f6900000, 0x00000000f6900000| Untracked 
| 106|0x00000000f6a00000, 0x00000000f6a00000, 0x00000000f6b00000|  0%| F|  |TAMS 0x00000000f6a00000, 0x00000000f6a00000| Untracked 
| 107|0x00000000f6b00000, 0x00000000f6b00000, 0x00000000f6c00000|  0%| F|  |TAMS 0x00000000f6b00000, 0x00000000f6b00000| Untracked 
| 108|0x00000000f6c00000, 0x00000000f6c00000, 0x00000000f6d00000|  0%| F|  |TAMS 0x00000000f6c00000, 0x00000000f6c00000| Untracked 
| 109|0x00000000f6d00000, 0x00000000f6d00000, 0x00000000f6e00000|  0%| F|  |TAMS 0x00000000f6d00000, 0x00000000f6d00000| Untracked 
| 110|0x00000000f6e00000, 0x00000000f6e00000, 0x00000000f6f00000|  0%| F|  |TAMS 0x00000000f6e00000, 0x00000000f6e00000| Untracked 
| 111|0x00000000f6f00000, 0x00000000f6f00000, 0x00000000f7000000|  0%| F|  |TAMS 0x00000000f6f00000, 0x00000000f6f00000| Untracked 
| 112|0x00000000f7000000, 0x00000000f7000000, 0x00000000f7100000|  0%| F|  |TAMS 0x00000000f7000000, 0x00000000f7000000| Untracked 
| 113|0x00000000f7100000, 0x00000000f7100000, 0x00000000f7200000|  0%| F|  |TAMS 0x00000000f7100000, 0x00000000f7100000| Untracked 
| 114|0x00000000f7200000, 0x00000000f7200000, 0x00000000f7300000|  0%| F|  |TAMS 0x00000000f7200000, 0x00000000f7200000| Untracked 
| 115|0x00000000f7300000, 0x00000000f7300000, 0x00000000f7400000|  0%| F|  |TAMS 0x00000000f7300000, 0x00000000f7300000| Untracked 
| 116|0x00000000f7400000, 0x00000000f7400000, 0x00000000f7500000|  0%| F|  |TAMS 0x00000000f7400000, 0x00000000f7400000| Untracked 
| 117|0x00000000f7500000, 0x00000000f7500000, 0x00000000f7600000|  0%| F|  |TAMS 0x00000000f7500000, 0x00000000f7500000| Untracked 
| 118|0x00000000f7600000, 0x00000000f767fe70, 0x00000000f7700000| 49%| E|  |TAMS 0x00000000f7600000, 0x00000000f7600000| Complete 
| 119|0x00000000f7700000, 0x00000000f7800000, 0x00000000f7800000|100%| E|CS|TAMS 0x00000000f7700000, 0x00000000f7700000| Complete 
| 120|0x00000000f7800000, 0x00000000f7900000, 0x00000000f7900000|100%| E|CS|TAMS 0x00000000f7800000, 0x00000000f7800000| Complete 
| 121|0x00000000f7900000, 0x00000000f7a00000, 0x00000000f7a00000|100%| E|  |TAMS 0x00000000f7900000, 0x00000000f7900000| Complete 
| 122|0x00000000f7a00000, 0x00000000f7b00000, 0x00000000f7b00000|100%| E|CS|TAMS 0x00000000f7a00000, 0x00000000f7a00000| Complete 
| 123|0x00000000f7b00000, 0x00000000f7c00000, 0x00000000f7c00000|100%| E|CS|TAMS 0x00000000f7b00000, 0x00000000f7b00000| Complete 
| 124|0x00000000f7c00000, 0x00000000f7d00000, 0x00000000f7d00000|100%| E|CS|TAMS 0x00000000f7c00000, 0x00000000f7c00000| Complete 
| 125|0x00000000f7d00000, 0x00000000f7e00000, 0x00000000f7e00000|100%| E|CS|TAMS 0x00000000f7d00000, 0x00000000f7d00000| Complete 
| 126|0x00000000f7e00000, 0x00000000f7f00000, 0x00000000f7f00000|100%| E|CS|TAMS 0x00000000f7e00000, 0x00000000f7e00000| Complete 
| 127|0x00000000f7f00000, 0x00000000f8000000, 0x00000000f8000000|100%| E|CS|TAMS 0x00000000f7f00000, 0x00000000f7f00000| Complete 

Card table byte_map: [0x000002093b040000,0x000002093b0c0000] _byte_map_base: 0x000002093a8c0000

Marking Bits (Prev, Next): (CMBitMap*) 0x00000209243f96f0, (CMBitMap*) 0x00000209243f9730
 Prev Bits: [0x000002093b140000, 0x000002093b540000)
 Next Bits: [0x000002093b540000, 0x000002093b940000)

Polling page: 0x0000020922290000

Metaspace:

Usage:
  Non-class:   1011.84 KB used.
      Class:     68.17 KB used.
       Both:      1.05 MB used.

Virtual space:
  Non-class space:       64.00 MB reserved,       1.00 MB (  2%) committed,  1 nodes.
      Class space:        1.00 GB reserved,     128.00 KB ( <1%) committed,  1 nodes.
             Both:        1.06 GB reserved,       1.12 MB ( <1%) committed. 

Chunk freelists:
   Non-Class:  3.62 MB
       Class:  3.70 MB
        Both:  7.32 MB

MaxMetaspaceSize: unlimited
CompressedClassSpaceSize: 1.00 GB
Initial GC threshold: 21.00 MB
Current GC threshold: 21.00 MB
CDS: on
MetaspaceReclaimPolicy: balanced
 - commit_granule_bytes: 65536.
 - commit_granule_words: 8192.
 - virtual_space_node_default_size: 8388608.
 - enlarge_chunks_in_place: 1.
 - new_chunks_are_fully_committed: 0.
 - uncommit_free_chunks: 1.
 - use_allocation_guard: 0.


Internal statistics:

num_allocs_failed_limit: 0.
num_arena_births: 24.
num_arena_deaths: 0.
num_vsnodes_births: 2.
num_vsnodes_deaths: 0.
num_space_committed: 18.
num_space_uncommitted: 0.
num_chunks_returned_to_freelist: 0.
num_chunks_taken_from_freelist: 47.
num_chunk_merges: 0.
num_chunk_splits: 30.
num_chunks_enlarged: 24.
num_inconsistent_stats: 0.

CodeHeap 'non-profiled nmethods': size=120000Kb used=158Kb max_used=158Kb free=119841Kb
 bounds [0x00000209337e0000, 0x0000020933a50000, 0x000002093ad10000]
CodeHeap 'profiled nmethods': size=120000Kb used=621Kb max_used=621Kb free=119378Kb
 bounds [0x000002092c2b0000, 0x000002092c520000, 0x00000209337e0000]
CodeHeap 'non-nmethods': size=5760Kb used=1112Kb max_used=1142Kb free=4647Kb
 bounds [0x000002092bd10000, 0x000002092bf80000, 0x000002092c2b0000]
 total_blobs=820 nmethods=442 adapters=291
 compilation: enabled
              stopped_count=0, restarted_count=0
 full_count=0

Compilation events (20 events):
Event: 0.202 Thread 0x000002093e31e8e0  433       3       java.lang.String::regionMatches (150 bytes)
Event: 0.202 Thread 0x00000209426b8650 nmethod 432 0x0000020933805d10 code [0x0000020933805e80, 0x0000020933805ed8]
Event: 0.203 Thread 0x000002093e31e8e0 nmethod 433 0x000002092c346e90 code [0x000002092c3470e0, 0x000002092c3478e8]
Event: 0.203 Thread 0x000002093e31e8e0  434       1       java.security.CodeSource::getLocationNoFragString (5 bytes)
Event: 0.203 Thread 0x000002093e31e8e0 nmethod 434 0x0000020933806010 code [0x00000209338061a0, 0x0000020933806278]
Event: 0.203 Thread 0x000002093e31e8e0  435       3       java.lang.ClassLoader::checkName (37 bytes)
Event: 0.204 Thread 0x000002093e31e8e0 nmethod 435 0x000002092c347b90 code [0x000002092c347de0, 0x000002092c3487f8]
Event: 0.205 Thread 0x00000209426b8650  437       4       java.util.concurrent.ConcurrentHashMap::casTabAt (21 bytes)
Event: 0.205 Thread 0x000002093e31e8e0  438       3       java.util.zip.ZipCoder$UTF8ZipCoder::toString (12 bytes)
Event: 0.205 Thread 0x000002093e31e8e0 nmethod 438 0x000002092c348b90 code [0x000002092c348d40, 0x000002092c348ee8]
Event: 0.205 Thread 0x000002093e31e8e0  439       3       java.util.zip.ZipUtils::LOCSIG (6 bytes)
Event: 0.205 Thread 0x000002093e31e8e0 nmethod 439 0x000002092c349010 code [0x000002092c3491c0, 0x000002092c349498]
Event: 0.205 Thread 0x000002093e31e8e0  440       3       java.util.HashSet::contains (9 bytes)
Event: 0.206 Thread 0x000002093e31e8e0 nmethod 440 0x000002092c349610 code [0x000002092c3497c0, 0x000002092c349a48]
Event: 0.206 Thread 0x000002093e31e8e0  441       3       jdk.internal.jimage.ImageStringsReader::unmaskedHashCode (166 bytes)
Event: 0.206 Thread 0x00000209426b8650 nmethod 437 0x0000020933806790 code [0x0000020933806900, 0x0000020933806a58]
Event: 0.207 Thread 0x000002093e31e8e0 nmethod 441 0x000002092c349b90 code [0x000002092c349dc0, 0x000002092c34a938]
Event: 0.207 Thread 0x000002093e31e8e0  442       3       jdk.internal.jimage.ImageLocation::readValue (61 bytes)
Event: 0.207 Thread 0x000002093e31e8e0 nmethod 442 0x000002092c34ae10 code [0x000002092c34afe0, 0x000002092c34b398]
Event: 0.208 Thread 0x000002093e2f62d0 nmethod 428 0x0000020933806b10 code [0x0000020933806cc0, 0x00000209338074b8]

GC Heap History (0 events):
No events

Deoptimization events (20 events):
Event: 0.131 Thread 0x00000209243cedd0 DEOPT PACKING pc=0x000002092c2e300c sp=0x000000772f7fb230
Event: 0.131 Thread 0x00000209243cedd0 DEOPT UNPACKING pc=0x000002092bd62b43 sp=0x000000772f7fa6c0 mode 0
Event: 0.132 Thread 0x00000209243cedd0 DEOPT PACKING pc=0x000002092c2e300c sp=0x000000772f7fb230
Event: 0.132 Thread 0x00000209243cedd0 DEOPT UNPACKING pc=0x000002092bd62b43 sp=0x000000772f7fa6c0 mode 0
Event: 0.134 Thread 0x00000209243cedd0 DEOPT PACKING pc=0x000002092c2e300c sp=0x000000772f7fb230
Event: 0.134 Thread 0x00000209243cedd0 DEOPT UNPACKING pc=0x000002092bd62b43 sp=0x000000772f7fa6c0 mode 0
Event: 0.134 Thread 0x00000209243cedd0 DEOPT PACKING pc=0x000002092c2e300c sp=0x000000772f7fb230
Event: 0.134 Thread 0x00000209243cedd0 DEOPT UNPACKING pc=0x000002092bd62b43 sp=0x000000772f7fa6c0 mode 0
Event: 0.135 Thread 0x00000209243cedd0 DEOPT PACKING pc=0x000002092c2d6067 sp=0x000000772f7fb160
Event: 0.135 Thread 0x00000209243cedd0 DEOPT UNPACKING pc=0x000002092bd62b43 sp=0x000000772f7fa580 mode 0
Event: 0.138 Thread 0x00000209243cedd0 DEOPT PACKING pc=0x000002092c2d30d1 sp=0x000000772f7fb120
Event: 0.138 Thread 0x00000209243cedd0 DEOPT UNPACKING pc=0x000002092bd62b43 sp=0x000000772f7fa598 mode 0
Event: 0.159 Thread 0x00000209243cedd0 Uncommon trap: trap_request=0xffffff45 fr.pc=0x00000209337f9eb0 relative=0x0000000000000190
Event: 0.159 Thread 0x00000209243cedd0 Uncommon trap: reason=unstable_if action=reinterpret pc=0x00000209337f9eb0 method=java.util.zip.ZipFile$Source.isMetaName([BII)Z @ 43 c2
Event: 0.159 Thread 0x00000209243cedd0 DEOPT PACKING pc=0x00000209337f9eb0 sp=0x000000772f7fb340
Event: 0.159 Thread 0x00000209243cedd0 DEOPT UNPACKING pc=0x000002092bd623a3 sp=0x000000772f7fb2e8 mode 2
Event: 0.197 Thread 0x00000209243cedd0 DEOPT PACKING pc=0x000002092c2d7468 sp=0x000000772f7ff060
Event: 0.197 Thread 0x00000209243cedd0 DEOPT UNPACKING pc=0x000002092bd62b43 sp=0x000000772f7fe4f0 mode 0
Event: 0.197 Thread 0x00000209243cedd0 DEOPT PACKING pc=0x000002092c31c026 sp=0x000000772f7fef70
Event: 0.197 Thread 0x00000209243cedd0 DEOPT UNPACKING pc=0x000002092bd62b43 sp=0x000000772f7fe440 mode 0

Classes loaded (20 events):
Event: 0.196 Loading class java/lang/WeakPairMap$WeakRefPeer done
Event: 0.196 Loading class java/lang/WeakPairMap$Pair$Weak done
Event: 0.196 Loading class java/lang/WeakPairMap$Pair$Weak$1
Event: 0.196 Loading class java/lang/WeakPairMap$Pair$Weak$1 done
Event: 0.203 Loading class java/io/PrintWriter
Event: 0.203 Loading class java/io/PrintWriter done
Event: 0.207 Loading class sun/net/www/protocol/jar/JarURLConnection
Event: 0.207 Loading class java/net/JarURLConnection
Event: 0.207 Loading class java/net/URLConnection
Event: 0.207 Loading class java/net/URLConnection done
Event: 0.207 Loading class java/net/JarURLConnection done
Event: 0.208 Loading class sun/net/www/protocol/jar/JarURLConnection done
Event: 0.208 Loading class sun/net/www/protocol/jar/JarFileFactory
Event: 0.208 Loading class sun/net/www/protocol/jar/URLJarFile$URLJarFileCloseController
Event: 0.208 Loading class sun/net/www/protocol/jar/URLJarFile$URLJarFileCloseController done
Event: 0.208 Loading class sun/net/www/protocol/jar/JarFileFactory done
Event: 0.208 Loading class sun/net/www/protocol/file/FileURLConnection
Event: 0.208 Loading class sun/net/www/URLConnection
Event: 0.208 Loading class sun/net/www/URLConnection done
Event: 0.208 Loading class sun/net/www/protocol/file/FileURLConnection done

Classes unloaded (0 events):
No events

Classes redefined (0 events):
No events

Internal exceptions (2 events):
Event: 0.192 Thread 0x00000209243cedd0 Exception <a 'java/lang/NoSuchMethodError'{0x00000000f77b52b8}: 'void java.lang.invoke.DirectMethodHandle$Holder.invokeStatic(java.lang.Object, java.lang.Object, java.lang.Object)'> (0x00000000f77b52b8) 
thrown [s\open\src\hotspot\share\interpreter\linkResolver.cpp, line 766]
Event: 0.195 Thread 0x00000209243cedd0 Exception <a 'java/lang/NoSuchMethodError'{0x00000000f77cc2a8}: 'java.lang.Object java.lang.invoke.Invokers$Holder.invokeExact_MT(java.lang.Object, java.lang.Object, java.lang.Object, java.lang.Object, java.lang.Object)'> (0x00000000f77cc2a8) 
thrown [s\open\src\hotspot\share\interpreter\linkResolver.cpp, line 766]

VM Operations (2 events):
Event: 0.082 Executing VM operation: HandshakeAllThreads
Event: 0.082 Executing VM operation: HandshakeAllThreads done

Events (20 events):
Event: 0.040 Loaded shared library C:\Users\tasha\.jdks\openjdk-18.0.1.1\bin\jsvml.dll
Event: 0.040 Thread 0x00000209243cedd0 Thread added: 0x00000209243cedd0
Event: 0.044 Thread 0x00000209244752f0 Thread added: 0x00000209244752f0
Event: 0.044 Thread 0x0000020924479f60 Thread added: 0x0000020924479f60
Event: 0.057 Thread 0x00000209244915e0 Thread added: 0x00000209244915e0
Event: 0.057 Thread 0x0000020924491f80 Thread added: 0x0000020924491f80
Event: 0.057 Thread 0x0000020924492920 Thread added: 0x0000020924492920
Event: 0.057 Thread 0x00000209244952e0 Thread added: 0x00000209244952e0
Event: 0.057 Thread 0x000002093e2f62d0 Thread added: 0x000002093e2f62d0
Event: 0.057 Thread 0x000002093e31e8e0 Thread added: 0x000002093e31e8e0
Event: 0.057 Thread 0x000002092449b460 Thread added: 0x000002092449b460
Event: 0.077 Thread 0x00000209425595c0 Thread added: 0x00000209425595c0
Event: 0.091 Loaded shared library C:\Users\tasha\.jdks\openjdk-18.0.1.1\bin\zip.dll
Event: 0.093 Loaded shared library C:\Users\tasha\.jdks\openjdk-18.0.1.1\bin\instrument.dll
Event: 0.097 Loaded shared library C:\Users\tasha\.jdks\openjdk-18.0.1.1\bin\net.dll
Event: 0.098 Loaded shared library C:\Users\tasha\.jdks\openjdk-18.0.1.1\bin\nio.dll
Event: 0.100 Loaded shared library C:\Users\tasha\.jdks\openjdk-18.0.1.1\bin\zip.dll
Event: 0.129 Loaded shared library C:\Users\tasha\.jdks\openjdk-18.0.1.1\bin\jimage.dll
Event: 0.142 Thread 0x00000209426b8650 Thread added: 0x00000209426b8650
Event: 0.195 Thread 0x0000020942556a70 Thread added: 0x0000020942556a70


Dynamic libraries:
0x00007ff72e830000 - 0x00007ff72e83e000 	C:\Users\tasha\.jdks\openjdk-18.0.1.1\bin\java.exe
0x00007fffe01d0000 - 0x00007fffe03c8000 	C:\WINDOWS\SYSTEM32\ntdll.dll
0x00007fffdf0d0000 - 0x00007fffdf18d000 	C:\WINDOWS\System32\KERNEL32.DLL
0x00007fffddd10000 - 0x00007fffddfde000 	C:\WINDOWS\System32\KERNELBASE.dll
0x00007fffddfe0000 - 0x00007fffde0e0000 	C:\WINDOWS\System32\ucrtbase.dll
0x00007fffd8fe0000 - 0x00007fffd8ffa000 	C:\Users\tasha\.jdks\openjdk-18.0.1.1\bin\VCRUNTIME140.dll
0x00007fffd8fc0000 - 0x00007fffd8fd7000 	C:\Users\tasha\.jdks\openjdk-18.0.1.1\bin\jli.dll
0x00007fffdff10000 - 0x00007fffe00b0000 	C:\WINDOWS\System32\USER32.dll
0x00007fffdcdf0000 - 0x00007fffdd08a000 	C:\WINDOWS\WinSxS\amd64_microsoft.windows.common-controls_6595b64144ccf1df_6.0.19041.1110_none_60b5254171f9507e\COMCTL32.dll
0x00007fffdd8f0000 - 0x00007fffdd912000 	C:\WINDOWS\System32\win32u.dll
0x00007fffdea50000 - 0x00007fffdeaee000 	C:\WINDOWS\System32\msvcrt.dll
0x00007fffdf4d0000 - 0x00007fffdf4fa000 	C:\WINDOWS\System32\GDI32.dll
0x00007fffdd990000 - 0x00007fffdda9b000 	C:\WINDOWS\System32\gdi32full.dll
0x00007fffde0e0000 - 0x00007fffde17d000 	C:\WINDOWS\System32\msvcp_win.dll
0x00007fffdf380000 - 0x00007fffdf3b0000 	C:\WINDOWS\System32\IMM32.DLL
0x00007fffd8f70000 - 0x00007fffd8f7c000 	C:\Users\tasha\.jdks\openjdk-18.0.1.1\bin\vcruntime140_1.dll
0x00007fffd8ee0000 - 0x00007fffd8f6d000 	C:\Users\tasha\.jdks\openjdk-18.0.1.1\bin\msvcp140.dll
0x00007fff84a30000 - 0x00007fff85640000 	C:\Users\tasha\.jdks\openjdk-18.0.1.1\bin\server\jvm.dll
0x00007fffdf020000 - 0x00007fffdf0ce000 	C:\WINDOWS\System32\ADVAPI32.dll
0x00007fffdf210000 - 0x00007fffdf2ac000 	C:\WINDOWS\System32\sechost.dll
0x00007fffdfbc0000 - 0x00007fffdfce5000 	C:\WINDOWS\System32\RPCRT4.dll
0x00007fffdfa20000 - 0x00007fffdfa28000 	C:\WINDOWS\System32\PSAPI.DLL
0x00007fffd0fb0000 - 0x00007fffd0fb9000 	C:\WINDOWS\SYSTEM32\WSOCK32.dll
0x00007fffce470000 - 0x00007fffce497000 	C:\WINDOWS\SYSTEM32\WINMM.dll
0x00007fffd8230000 - 0x00007fffd823a000 	C:\WINDOWS\SYSTEM32\VERSION.dll
0x00007fffdf310000 - 0x00007fffdf37b000 	C:\WINDOWS\System32\WS2_32.dll
0x00007fffdb190000 - 0x00007fffdb1a2000 	C:\WINDOWS\SYSTEM32\kernel.appcore.dll
0x00007fffd8ed0000 - 0x00007fffd8eda000 	C:\Users\tasha\.jdks\openjdk-18.0.1.1\bin\jimage.dll
0x00007fffdd320000 - 0x00007fffdd504000 	C:\WINDOWS\SYSTEM32\DBGHELP.DLL
0x00007fffdd270000 - 0x00007fffdd29c000 	C:\WINDOWS\SYSTEM32\dbgcore.DLL
0x00007fffddaa0000 - 0x00007fffddb22000 	C:\WINDOWS\System32\bcryptPrimitives.dll
0x00007fffd8ec0000 - 0x00007fffd8ece000 	C:\Users\tasha\.jdks\openjdk-18.0.1.1\bin\instrument.dll
0x00007fffd8930000 - 0x00007fffd8955000 	C:\Users\tasha\.jdks\openjdk-18.0.1.1\bin\java.dll
0x00007fffcf800000 - 0x00007fffcf8d6000 	C:\Users\tasha\.jdks\openjdk-18.0.1.1\bin\jsvml.dll
0x00007fffde230000 - 0x00007fffde973000 	C:\WINDOWS\System32\SHELL32.dll
0x00007fffdb390000 - 0x00007fffdbb25000 	C:\WINDOWS\SYSTEM32\windows.storage.dll
0x00007fffdf6c0000 - 0x00007fffdfa14000 	C:\WINDOWS\System32\combase.dll
0x00007fffdcc20000 - 0x00007fffdcc50000 	C:\WINDOWS\SYSTEM32\Wldp.dll
0x00007fffdfaf0000 - 0x00007fffdfb9d000 	C:\WINDOWS\System32\SHCORE.dll
0x00007fffdfeb0000 - 0x00007fffdff05000 	C:\WINDOWS\System32\shlwapi.dll
0x00007fffdd830000 - 0x00007fffdd84f000 	C:\WINDOWS\SYSTEM32\profapi.dll
0x00007fffd77c0000 - 0x00007fffd77d8000 	C:\Users\tasha\.jdks\openjdk-18.0.1.1\bin\zip.dll
0x00007fffd12f0000 - 0x00007fffd1303000 	C:\Users\tasha\.jdks\openjdk-18.0.1.1\bin\net.dll
0x00007fffd0810000 - 0x00007fffd091a000 	C:\WINDOWS\SYSTEM32\WINHTTP.dll
0x00007fffdc950000 - 0x00007fffdc9ba000 	C:\WINDOWS\system32\mswsock.dll
0x00007fffd12d0000 - 0x00007fffd12e6000 	C:\Users\tasha\.jdks\openjdk-18.0.1.1\bin\nio.dll

dbghelp: loaded successfully - version: 4.0.5 - missing functions: none
symbol engine: initialized successfully - sym options: 0x614 - pdb path: .;C:\Users\tasha\.jdks\openjdk-18.0.1.1\bin;C:\WINDOWS\SYSTEM32;C:\WINDOWS\WinSxS\amd64_microsoft.windows.common-controls_6595b64144ccf1df_6.0.19041.1110_none_60b5254171f9507e;C:\Users\tasha\.jdks\openjdk-18.0.1.1\bin\server

VM Arguments:
jvm_args: -javaagent:C:\Users\tasha\.m2\repository/org/aspectj/aspectjweaver/1.9.9.1/aspectjweaver-1.9.9.1.jar -Xmx256m 
java_command: C:\Users\tasha\AppData\Local\Temp\surefire12733346293001241208\surefirebooter12728450474262250000.jar C:\Users\tasha\AppData\Local\Temp\surefire12733346293001241208 2022-09-20T00-45-15_102-jvmRun1 surefire2113987988825980017tmp surefire_010571003521490960877tmp
java_class_path (initial): C:\Users\tasha\AppData\Local\Temp\surefire12733346293001241208\surefirebooter12728450474262250000.jar
Launcher Type: SUN_STANDARD

[Global flags]
     intx CICompilerCount                          = 4                                         {product} {ergonomic}
     uint ConcGCThreads                            = 2                                         {product} {ergonomic}
     uint G1ConcRefinementThreads                  = 8                                         {product} {ergonomic}
   size_t G1HeapRegionSize                         = 1048576                                   {product} {ergonomic}
    uintx GCDrainStackTargetSize                   = 64                                        {product} {ergonomic}
   size_t InitialHeapSize                          = 134217728                                 {product} {ergonomic}
   size_t MarkStackSize                            = 4194304                                   {product} {ergonomic}
   size_t MaxHeapSize                              = 268435456                                 {product} {command line}
   size_t MaxNewSize                               = 160432128                                 {product} {ergonomic}
   size_t MinHeapDeltaBytes                        = 1048576                                   {product} {ergonomic}
   size_t MinHeapSize                              = 8388608                                   {product} {ergonomic}
    uintx NonNMethodCodeHeapSize                   = 5839372                                {pd product} {ergonomic}
    uintx NonProfiledCodeHeapSize                  = 122909434                              {pd product} {ergonomic}
    uintx ProfiledCodeHeapSize                     = 122909434                              {pd product} {ergonomic}
    uintx ReservedCodeCacheSize                    = 251658240                              {pd product} {ergonomic}
     bool SegmentedCodeCache                       = true                                      {product} {ergonomic}
   size_t SoftMaxHeapSize                          = 268435456                              {manageable} {ergonomic}
     bool UseCompressedClassPointers               = true                           {product lp64_product} {ergonomic}
     bool UseCompressedOops                        = true                           {product lp64_product} {ergonomic}
     bool UseG1GC                                  = true                                      {product} {ergonomic}
     bool UseLargePagesIndividualAllocation        = false                                  {pd product} {ergonomic}

Logging:
Log output configuration:
 #0: stdout all=warning uptime,level,tags foldmultilines=false
 #1: stderr all=off uptime,level,tags foldmultilines=false

Environment Variables:
JAVA_HOME=C:\Program Files\Java\jdk-17.0.3.1
PATH=C:\Program Files\Common Files\Oracle\Java\javapath;C:\WINDOWS\system32;C:\WINDOWS;C:\WINDOWS\System32\Wbem;C:\WINDOWS\System32\WindowsPowerShell\v1.0\;C:\WINDOWS\System32\OpenSSH\;C:\Program Files\Git\cmd;C:\Program Files (x86)\apache-maven-3.8.6-bin\bin;C:\Users\tasha\AppData\Local\Microsoft\WindowsApps;
USERNAME=tasha
OS=Windows_NT
PROCESSOR_IDENTIFIER=Intel64 Family 6 Model 142 Stepping 10, GenuineIntel



---------------  S Y S T E M  ---------------

OS:
 Windows 10 , 64 bit Build 19041 (10.0.19041.1889)
OS uptime: 0 days 1:44 hours

CPU: total 8 (initial active 8) (4 cores per cpu, 2 threads per core) family 6 model 142 stepping 10 microcode 0xb4, cx8, cmov, fxsr, ht, mmx, 3dnowpref, sse, sse2, sse3, ssse3, sse4.1, sse4.2, popcnt, lzcnt, tsc, tscinvbit, avx, avx2, aes, erms, clmul, bmi1, bmi2, adx, fma, vzeroupper, clflush, clflushopt

Memory: 4k page, system-wide physical 8101M (943M free)
TotalPageFile size 10149M (AvailPageFile size 5M)
current process WorkingSet (physical memory assigned to process): 46M, peak: 46M
current process commit charge ("private bytes"): 216M, peak: 216M

vm_info: OpenJDK 64-Bit Server VM (18.0.1.1+2-6) for windows-amd64 JRE (18.0.1.1+2-6), built on Apr 25 2022 21:50:56 by "mach5one" with MS VC++ 16.8 / 16.9 (VS2019)

END.
